[ 2015-07-11T10:41:34+08:00 ] ::1 /boad/Home/Index/ajax_act/
INFO: [ app_begin ] --START--
INFO: Run Behavior\ReadHtmlCacheBehavior [ RunTime:0.000518s ]
INFO: [ app_begin ] --END-- [ RunTime:0.000878s ]
SQL: SHOW COLUMNS FROM `wp_aite_boadlist` [ RunTime:0.0054s ]
SQL: SELECT `id`,`content`,`dig`,`comment_count`,`uptime` FROM `wp_aite_boadlist` WHERE ( tid=3 ) ORDER BY id DESC LIMIT 0,5   [ RunTime:0.0004s ]
INFO: [ app_end ] --START--
INFO: Run Behavior\ShowPageTraceBehavior [ RunTime:0.000685s ]
INFO: [ app_end ] --END-- [ RunTime:0.000780s ]

[ 2015-07-11T10:41:37+08:00 ] ::1 /boad/Home/Index/ajax_act/
INFO: [ app_begin ] --START--
INFO: Run Behavior\ReadHtmlCacheBehavior [ RunTime:0.000436s ]
INFO: [ app_begin ] --END-- [ RunTime:0.000799s ]
SQL: SHOW COLUMNS FROM `wp_aite_boadlist` [ RunTime:0.0035s ]
SQL: SELECT `id`,`content`,`dig`,`comment_count`,`uptime` FROM `wp_aite_boadlist` WHERE ( tid=3 ) ORDER BY id DESC LIMIT 5,5   [ RunTime:0.0004s ]
INFO: [ app_end ] --START--
INFO: Run Behavior\ShowPageTraceBehavior [ RunTime:0.000551s ]
INFO: [ app_end ] --END-- [ RunTime:0.000639s ]

[ 2015-07-11T10:41:40+08:00 ] ::1 /boad/Home/Index/ajax_act/?act=dig_boad&type=0&id=48&org=2
INFO: [ app_begin ] --START--
INFO: Run Behavior\ReadHtmlCacheBehavior [ RunTime:0.000395s ]
INFO: [ app_begin ] --END-- [ RunTime:0.000701s ]
SQL: SHOW COLUMNS FROM `wp_aite_boadlist` [ RunTime:0.0103s ]
SQL: UPDATE `wp_aite_boadlist` SET `dig`=dig+1 WHERE ( id=48 ) [ RunTime:0.0004s ]
INFO: [ app_end ] --START--
INFO: Run Behavior\ShowPageTraceBehavior [ RunTime:0.000518s ]
INFO: [ app_end ] --END-- [ RunTime:0.000601s ]

