[ 2015-07-14T10:35:04+08:00 ] 127.0.0.1 /boad/Home/Index/ajax_act/
INFO: [ app_begin ] --START--
INFO: Run Behavior\ReadHtmlCacheBehavior [ RunTime:0.001998s ]
INFO: [ app_begin ] --END-- [ RunTime:0.002921s ]
SQL: SHOW COLUMNS FROM `wp_aite_boadlist` [ RunTime:0.0138s ]
SQL: SELECT `id`,`content`,`dig`,`comment_count`,`uptime` FROM `wp_aite_boadlist` WHERE ( tid=3 ) ORDER BY id DESC LIMIT 0,5   [ RunTime:0.0103s ]
INFO: [ app_end ] --START--
INFO: Run Behavior\ShowPageTraceBehavior [ RunTime:0.001443s ]
INFO: [ app_end ] --END-- [ RunTime:0.001542s ]

[ 2015-07-14T10:35:07+08:00 ] 127.0.0.1 /boad/Home/Index/ajax_act/?act=get_boadlist_comment_all&title_id=3&page=1&perpage=20
INFO: [ app_begin ] --START--
INFO: Run Behavior\ReadHtmlCacheBehavior [ RunTime:0.000976s ]
INFO: [ app_begin ] --END-- [ RunTime:0.001598s ]
SQL: SHOW COLUMNS FROM `wp_aite_boadcomment` [ RunTime:0.0045s ]
SQL: SELECT `id`,`parent`,`username`,`content`,`dig`,`floor`,`time` FROM `wp_aite_boadcomment` WHERE ( boadtitle_id = 3 ) ORDER BY id desc  [ RunTime:0.0277s ]
INFO: [ app_end ] --START--
INFO: Run Behavior\ShowPageTraceBehavior [ RunTime:0.001135s ]
INFO: [ app_end ] --END-- [ RunTime:0.001200s ]

[ 2015-07-14T10:35:18+08:00 ] 127.0.0.1 /boad/Home/Index/ajax_act/?act=dig_boad&type=0&id=55&org=17
INFO: [ app_begin ] --START--
INFO: Run Behavior\ReadHtmlCacheBehavior [ RunTime:0.001506s ]
INFO: [ app_begin ] --END-- [ RunTime:0.002185s ]
SQL: SHOW COLUMNS FROM `wp_aite_boadlist` [ RunTime:0.0044s ]
SQL: UPDATE `wp_aite_boadlist` SET `dig`=dig+1 WHERE ( id=55 ) [ RunTime:0.0383s ]
INFO: [ app_end ] --START--
INFO: Run Behavior\ShowPageTraceBehavior [ RunTime:0.001352s ]
INFO: [ app_end ] --END-- [ RunTime:0.001411s ]

[ 2015-07-14T10:35:34+08:00 ] 127.0.0.1 /boad/Home/Index/ajax_act/?act=get_listcount&title_id=3
INFO: [ app_begin ] --START--
INFO: Run Behavior\ReadHtmlCacheBehavior [ RunTime:0.001322s ]
INFO: [ app_begin ] --END-- [ RunTime:0.001953s ]
SQL: SHOW COLUMNS FROM `wp_aite_boadlist` [ RunTime:0.0044s ]
SQL: SELECT count(*) FROM `wp_aite_boadlist` WHERE ( tid=3 ) LIMIT 1   [ RunTime:0.0004s ]
INFO: [ app_end ] --START--
INFO: Run Behavior\ShowPageTraceBehavior [ RunTime:0.001391s ]
INFO: [ app_end ] --END-- [ RunTime:0.001448s ]

[ 2015-07-14T10:36:04+08:00 ] 127.0.0.1 /boad/Home/Index/ajax_act/?act=get_listcount&title_id=3
INFO: [ app_begin ] --START--
INFO: Run Behavior\ReadHtmlCacheBehavior [ RunTime:0.001295s ]
INFO: [ app_begin ] --END-- [ RunTime:0.001904s ]
SQL: SHOW COLUMNS FROM `wp_aite_boadlist` [ RunTime:0.0048s ]
SQL: SELECT count(*) FROM `wp_aite_boadlist` WHERE ( tid=3 ) LIMIT 1   [ RunTime:0.0002s ]
INFO: [ app_end ] --START--
INFO: Run Behavior\ShowPageTraceBehavior [ RunTime:0.001372s ]
INFO: [ app_end ] --END-- [ RunTime:0.001431s ]

[ 2015-07-14T10:36:34+08:00 ] 127.0.0.1 /boad/Home/Index/ajax_act/?act=get_listcount&title_id=3
INFO: [ app_begin ] --START--
INFO: Run Behavior\ReadHtmlCacheBehavior [ RunTime:0.001300s ]
INFO: [ app_begin ] --END-- [ RunTime:0.001812s ]
SQL: SHOW COLUMNS FROM `wp_aite_boadlist` [ RunTime:0.0045s ]
SQL: SELECT count(*) FROM `wp_aite_boadlist` WHERE ( tid=3 ) LIMIT 1   [ RunTime:0.0002s ]
INFO: [ app_end ] --START--
INFO: Run Behavior\ShowPageTraceBehavior [ RunTime:0.001101s ]
INFO: [ app_end ] --END-- [ RunTime:0.001157s ]

[ 2015-07-14T10:37:05+08:00 ] 127.0.0.1 /boad/Home/Index/ajax_act/?act=get_listcount&title_id=3
INFO: [ app_begin ] --START--
INFO: Run Behavior\ReadHtmlCacheBehavior [ RunTime:0.001186s ]
INFO: [ app_begin ] --END-- [ RunTime:0.001712s ]
SQL: SHOW COLUMNS FROM `wp_aite_boadlist` [ RunTime:0.0044s ]
SQL: SELECT count(*) FROM `wp_aite_boadlist` WHERE ( tid=3 ) LIMIT 1   [ RunTime:0.0002s ]
INFO: [ app_end ] --START--
INFO: Run Behavior\ShowPageTraceBehavior [ RunTime:0.001318s ]
INFO: [ app_end ] --END-- [ RunTime:0.001374s ]

[ 2015-07-14T10:37:05+08:00 ] 127.0.0.1 /boad/Home/Index/ajax_act/
INFO: [ app_begin ] --START--
INFO: Run Behavior\ReadHtmlCacheBehavior [ RunTime:0.001352s ]
INFO: [ app_begin ] --END-- [ RunTime:0.001932s ]
SQL: SHOW COLUMNS FROM `wp_aite_boadlist` [ RunTime:0.0062s ]
SQL: SELECT `id`,`content`,`dig`,`comment_count`,`uptime` FROM `wp_aite_boadlist` WHERE ( tid=5 ) ORDER BY id DESC LIMIT 0,5   [ RunTime:0.0013s ]
INFO: [ app_end ] --START--
INFO: Run Behavior\ShowPageTraceBehavior [ RunTime:0.001296s ]
INFO: [ app_end ] --END-- [ RunTime:0.001380s ]

[ 2015-07-14T10:37:06+08:00 ] 127.0.0.1 /boad/Home/Index/ajax_act/
INFO: [ app_begin ] --START--
INFO: Run Behavior\ReadHtmlCacheBehavior [ RunTime:0.001070s ]
INFO: [ app_begin ] --END-- [ RunTime:0.001637s ]
SQL: SHOW COLUMNS FROM `wp_aite_boadlist` [ RunTime:0.0051s ]
SQL: SELECT `id`,`content`,`dig`,`comment_count`,`uptime` FROM `wp_aite_boadlist` WHERE ( tid=5 ) ORDER BY id DESC LIMIT 5,5   [ RunTime:0.0006s ]
NOTIC: [2] Invalid argument supplied for foreach() E:\www\boad\Boad\Home\Common\function.php 第 20 行.
INFO: [ app_end ] --START--
INFO: Run Behavior\ShowPageTraceBehavior [ RunTime:0.001159s ]
INFO: [ app_end ] --END-- [ RunTime:0.001235s ]

[ 2015-07-14T10:37:06+08:00 ] 127.0.0.1 /boad/Home/Index/ajax_act/
INFO: [ app_begin ] --START--
INFO: Run Behavior\ReadHtmlCacheBehavior [ RunTime:0.001102s ]
INFO: [ app_begin ] --END-- [ RunTime:0.001653s ]
SQL: SHOW COLUMNS FROM `wp_aite_boadlist` [ RunTime:0.0200s ]
SQL: SELECT `id`,`content`,`dig`,`comment_count`,`uptime` FROM `wp_aite_boadlist` WHERE ( tid=5 ) ORDER BY id DESC LIMIT 10,5   [ RunTime:0.0030s ]
NOTIC: [2] Invalid argument supplied for foreach() E:\www\boad\Boad\Home\Common\function.php 第 20 行.
INFO: [ app_end ] --START--
INFO: Run Behavior\ShowPageTraceBehavior [ RunTime:0.001308s ]
INFO: [ app_end ] --END-- [ RunTime:0.001368s ]

[ 2015-07-14T10:37:35+08:00 ] 127.0.0.1 /boad/Home/Index/ajax_act/?act=get_listcount&title_id=3
INFO: [ app_begin ] --START--
INFO: Run Behavior\ReadHtmlCacheBehavior [ RunTime:0.001135s ]
INFO: [ app_begin ] --END-- [ RunTime:0.001712s ]
SQL: SHOW COLUMNS FROM `wp_aite_boadlist` [ RunTime:0.0045s ]
SQL: SELECT count(*) FROM `wp_aite_boadlist` WHERE ( tid=3 ) LIMIT 1   [ RunTime:0.0001s ]
INFO: [ app_end ] --START--
INFO: Run Behavior\ShowPageTraceBehavior [ RunTime:0.001082s ]
INFO: [ app_end ] --END-- [ RunTime:0.001138s ]

[ 2015-07-14T10:38:06+08:00 ] 127.0.0.1 /boad/Home/Index/ajax_act/?act=get_listcount&title_id=3
INFO: [ app_begin ] --START--
INFO: Run Behavior\ReadHtmlCacheBehavior [ RunTime:0.001008s ]
INFO: [ app_begin ] --END-- [ RunTime:0.001534s ]
SQL: SHOW COLUMNS FROM `wp_aite_boadlist` [ RunTime:0.0044s ]
SQL: SELECT count(*) FROM `wp_aite_boadlist` WHERE ( tid=3 ) LIMIT 1   [ RunTime:0.0002s ]
INFO: [ app_end ] --START--
INFO: Run Behavior\ShowPageTraceBehavior [ RunTime:0.001119s ]
INFO: [ app_end ] --END-- [ RunTime:0.001186s ]

[ 2015-07-14T10:38:09+08:00 ] 127.0.0.1 /boad/Home/Index/ajax_act/
INFO: [ app_begin ] --START--
INFO: Run Behavior\ReadHtmlCacheBehavior [ RunTime:0.001033s ]
INFO: [ app_begin ] --END-- [ RunTime:0.001580s ]
SQL: SHOW COLUMNS FROM `wp_aite_boadlist` [ RunTime:0.0062s ]
SQL: SELECT `id`,`content`,`dig`,`comment_count`,`uptime` FROM `wp_aite_boadlist` WHERE ( tid=4 ) ORDER BY id DESC LIMIT 0,5   [ RunTime:0.0230s ]
INFO: [ app_end ] --START--
INFO: Run Behavior\ShowPageTraceBehavior [ RunTime:0.001160s ]
INFO: [ app_end ] --END-- [ RunTime:0.001231s ]

[ 2015-07-14T10:38:11+08:00 ] 127.0.0.1 /boad/Home/Index/ajax_act/
INFO: [ app_begin ] --START--
INFO: Run Behavior\ReadHtmlCacheBehavior [ RunTime:0.000930s ]
INFO: [ app_begin ] --END-- [ RunTime:0.001487s ]
SQL: SHOW COLUMNS FROM `wp_aite_boadlist` [ RunTime:0.0046s ]
SQL: SELECT `id`,`content`,`dig`,`comment_count`,`uptime` FROM `wp_aite_boadlist` WHERE ( tid=4 ) ORDER BY id DESC LIMIT 5,5   [ RunTime:0.0104s ]
INFO: [ app_end ] --START--
INFO: Run Behavior\ShowPageTraceBehavior [ RunTime:0.001114s ]
INFO: [ app_end ] --END-- [ RunTime:0.001175s ]

[ 2015-07-14T10:38:11+08:00 ] 127.0.0.1 /boad/Home/Index/ajax_act/
INFO: [ app_begin ] --START--
INFO: Run Behavior\ReadHtmlCacheBehavior [ RunTime:0.001107s ]
INFO: [ app_begin ] --END-- [ RunTime:0.001863s ]
SQL: SHOW COLUMNS FROM `wp_aite_boadlist` [ RunTime:0.0068s ]
SQL: SELECT `id`,`content`,`dig`,`comment_count`,`uptime` FROM `wp_aite_boadlist` WHERE ( tid=4 ) ORDER BY id DESC LIMIT 10,5   [ RunTime:0.0083s ]
INFO: [ app_end ] --START--
INFO: Run Behavior\ShowPageTraceBehavior [ RunTime:0.001162s ]
INFO: [ app_end ] --END-- [ RunTime:0.001226s ]

[ 2015-07-14T10:38:37+08:00 ] 127.0.0.1 /boad/Home/Index/ajax_act/?act=get_listcount&title_id=3
INFO: [ app_begin ] --START--
INFO: Run Behavior\ReadHtmlCacheBehavior [ RunTime:0.001146s ]
INFO: [ app_begin ] --END-- [ RunTime:0.001738s ]
SQL: SHOW COLUMNS FROM `wp_aite_boadlist` [ RunTime:0.0048s ]
SQL: SELECT count(*) FROM `wp_aite_boadlist` WHERE ( tid=3 ) LIMIT 1   [ RunTime:0.0004s ]
INFO: [ app_end ] --START--
INFO: Run Behavior\ShowPageTraceBehavior [ RunTime:0.001102s ]
INFO: [ app_end ] --END-- [ RunTime:0.001157s ]

[ 2015-07-14T10:38:39+08:00 ] 127.0.0.1 /boad/Home/Index/ajax_act/?act=get_listcount&title_id=4
INFO: [ app_begin ] --START--
INFO: Run Behavior\ReadHtmlCacheBehavior [ RunTime:0.001203s ]
INFO: [ app_begin ] --END-- [ RunTime:0.001808s ]
SQL: SHOW COLUMNS FROM `wp_aite_boadlist` [ RunTime:0.0044s ]
SQL: SELECT count(*) FROM `wp_aite_boadlist` WHERE ( tid=4 ) LIMIT 1   [ RunTime:0.0001s ]
INFO: [ app_end ] --START--
INFO: Run Behavior\ShowPageTraceBehavior [ RunTime:0.001087s ]
INFO: [ app_end ] --END-- [ RunTime:0.001143s ]

[ 2015-07-14T10:39:08+08:00 ] 127.0.0.1 /boad/Home/Index/ajax_act/?act=get_listcount&title_id=3
INFO: [ app_begin ] --START--
INFO: Run Behavior\ReadHtmlCacheBehavior [ RunTime:0.001188s ]
INFO: [ app_begin ] --END-- [ RunTime:0.001743s ]
SQL: SHOW COLUMNS FROM `wp_aite_boadlist` [ RunTime:0.0045s ]
SQL: SELECT count(*) FROM `wp_aite_boadlist` WHERE ( tid=3 ) LIMIT 1   [ RunTime:0.0002s ]
INFO: [ app_end ] --START--
INFO: Run Behavior\ShowPageTraceBehavior [ RunTime:0.001257s ]
INFO: [ app_end ] --END-- [ RunTime:0.001314s ]

[ 2015-07-14T10:39:09+08:00 ] 127.0.0.1 /boad/Home/Index/ajax_act/?act=get_listcount&title_id=4
INFO: [ app_begin ] --START--
INFO: Run Behavior\ReadHtmlCacheBehavior [ RunTime:0.001076s ]
INFO: [ app_begin ] --END-- [ RunTime:0.001565s ]
SQL: SHOW COLUMNS FROM `wp_aite_boadlist` [ RunTime:0.0043s ]
SQL: SELECT count(*) FROM `wp_aite_boadlist` WHERE ( tid=4 ) LIMIT 1   [ RunTime:0.0002s ]
INFO: [ app_end ] --START--
INFO: Run Behavior\ShowPageTraceBehavior [ RunTime:0.001256s ]
INFO: [ app_end ] --END-- [ RunTime:0.001311s ]

[ 2015-07-14T10:39:39+08:00 ] 127.0.0.1 /boad/Home/Index/ajax_act/?act=get_listcount&title_id=3
INFO: [ app_begin ] --START--
INFO: Run Behavior\ReadHtmlCacheBehavior [ RunTime:0.000955s ]
INFO: [ app_begin ] --END-- [ RunTime:0.001531s ]
SQL: SHOW COLUMNS FROM `wp_aite_boadlist` [ RunTime:0.0044s ]
SQL: SELECT count(*) FROM `wp_aite_boadlist` WHERE ( tid=3 ) LIMIT 1   [ RunTime:0.0001s ]
INFO: [ app_end ] --START--
INFO: Run Behavior\ShowPageTraceBehavior [ RunTime:0.001194s ]
INFO: [ app_end ] --END-- [ RunTime:0.001257s ]

[ 2015-07-14T10:39:40+08:00 ] 127.0.0.1 /boad/Home/Index/ajax_act/?act=get_listcount&title_id=4
INFO: [ app_begin ] --START--
INFO: Run Behavior\ReadHtmlCacheBehavior [ RunTime:0.001266s ]
INFO: [ app_begin ] --END-- [ RunTime:0.001846s ]
SQL: SHOW COLUMNS FROM `wp_aite_boadlist` [ RunTime:0.0044s ]
SQL: SELECT count(*) FROM `wp_aite_boadlist` WHERE ( tid=4 ) LIMIT 1   [ RunTime:0.0002s ]
INFO: [ app_end ] --START--
INFO: Run Behavior\ShowPageTraceBehavior [ RunTime:0.001263s ]
INFO: [ app_end ] --END-- [ RunTime:0.001320s ]

[ 2015-07-14T10:40:10+08:00 ] 127.0.0.1 /boad/Home/Index/ajax_act/?act=get_listcount&title_id=3
INFO: [ app_begin ] --START--
INFO: Run Behavior\ReadHtmlCacheBehavior [ RunTime:0.001003s ]
INFO: [ app_begin ] --END-- [ RunTime:0.001556s ]
SQL: SHOW COLUMNS FROM `wp_aite_boadlist` [ RunTime:0.0043s ]
SQL: SELECT count(*) FROM `wp_aite_boadlist` WHERE ( tid=3 ) LIMIT 1   [ RunTime:0.0002s ]
INFO: [ app_end ] --START--
INFO: Run Behavior\ShowPageTraceBehavior [ RunTime:0.001125s ]
INFO: [ app_end ] --END-- [ RunTime:0.001181s ]

[ 2015-07-14T10:40:11+08:00 ] 127.0.0.1 /boad/Home/Index/ajax_act/?act=get_listcount&title_id=4
INFO: [ app_begin ] --START--
INFO: Run Behavior\ReadHtmlCacheBehavior [ RunTime:0.001065s ]
INFO: [ app_begin ] --END-- [ RunTime:0.001655s ]
SQL: SHOW COLUMNS FROM `wp_aite_boadlist` [ RunTime:0.0053s ]
SQL: SELECT count(*) FROM `wp_aite_boadlist` WHERE ( tid=4 ) LIMIT 1   [ RunTime:0.0002s ]
INFO: [ app_end ] --START--
INFO: Run Behavior\ShowPageTraceBehavior [ RunTime:0.001316s ]
INFO: [ app_end ] --END-- [ RunTime:0.001404s ]

[ 2015-07-14T10:40:41+08:00 ] 127.0.0.1 /boad/Home/Index/ajax_act/?act=get_listcount&title_id=4
INFO: [ app_begin ] --START--
INFO: Run Behavior\ReadHtmlCacheBehavior [ RunTime:0.001253s ]
INFO: [ app_begin ] --END-- [ RunTime:0.001814s ]
SQL: SHOW COLUMNS FROM `wp_aite_boadlist` [ RunTime:0.0044s ]
SQL: SELECT count(*) FROM `wp_aite_boadlist` WHERE ( tid=4 ) LIMIT 1   [ RunTime:0.0002s ]
INFO: [ app_end ] --START--
INFO: Run Behavior\ShowPageTraceBehavior [ RunTime:0.001128s ]
INFO: [ app_end ] --END-- [ RunTime:0.001186s ]

[ 2015-07-14T10:40:41+08:00 ] 127.0.0.1 /boad/Home/Index/ajax_act/?act=get_listcount&title_id=3
INFO: [ app_begin ] --START--
INFO: Run Behavior\ReadHtmlCacheBehavior [ RunTime:0.001165s ]
INFO: [ app_begin ] --END-- [ RunTime:0.001771s ]
SQL: SHOW COLUMNS FROM `wp_aite_boadlist` [ RunTime:0.0047s ]
SQL: SELECT count(*) FROM `wp_aite_boadlist` WHERE ( tid=3 ) LIMIT 1   [ RunTime:0.0002s ]
INFO: [ app_end ] --START--
INFO: Run Behavior\ShowPageTraceBehavior [ RunTime:0.001106s ]
INFO: [ app_end ] --END-- [ RunTime:0.001164s ]

[ 2015-07-14T10:41:11+08:00 ] 127.0.0.1 /boad/Home/Index/ajax_act/?act=get_listcount&title_id=4
INFO: [ app_begin ] --START--
INFO: Run Behavior\ReadHtmlCacheBehavior [ RunTime:0.001044s ]
INFO: [ app_begin ] --END-- [ RunTime:0.001594s ]
SQL: SHOW COLUMNS FROM `wp_aite_boadlist` [ RunTime:0.0042s ]
SQL: SELECT count(*) FROM `wp_aite_boadlist` WHERE ( tid=4 ) LIMIT 1   [ RunTime:0.0002s ]
INFO: [ app_end ] --START--
INFO: Run Behavior\ShowPageTraceBehavior [ RunTime:0.001132s ]
INFO: [ app_end ] --END-- [ RunTime:0.001188s ]

[ 2015-07-14T10:41:11+08:00 ] 127.0.0.1 /boad/Home/Index/ajax_act/?act=get_listcount&title_id=3
INFO: [ app_begin ] --START--
INFO: Run Behavior\ReadHtmlCacheBehavior [ RunTime:0.001153s ]
INFO: [ app_begin ] --END-- [ RunTime:0.001673s ]
SQL: SHOW COLUMNS FROM `wp_aite_boadlist` [ RunTime:0.0047s ]
SQL: SELECT count(*) FROM `wp_aite_boadlist` WHERE ( tid=3 ) LIMIT 1   [ RunTime:0.0002s ]
INFO: [ app_end ] --START--
INFO: Run Behavior\ShowPageTraceBehavior [ RunTime:0.001306s ]
INFO: [ app_end ] --END-- [ RunTime:0.001407s ]

[ 2015-07-14T10:41:42+08:00 ] 127.0.0.1 /boad/Home/Index/ajax_act/?act=get_listcount&title_id=3
INFO: [ app_begin ] --START--
INFO: Run Behavior\ReadHtmlCacheBehavior [ RunTime:0.001115s ]
INFO: [ app_begin ] --END-- [ RunTime:0.001734s ]
SQL: SHOW COLUMNS FROM `wp_aite_boadlist` [ RunTime:0.0043s ]
SQL: SELECT count(*) FROM `wp_aite_boadlist` WHERE ( tid=3 ) LIMIT 1   [ RunTime:0.0002s ]
INFO: [ app_end ] --START--
INFO: Run Behavior\ShowPageTraceBehavior [ RunTime:0.001101s ]
INFO: [ app_end ] --END-- [ RunTime:0.001157s ]

[ 2015-07-14T10:41:42+08:00 ] 127.0.0.1 /boad/Home/Index/ajax_act/?act=get_listcount&title_id=4
INFO: [ app_begin ] --START--
INFO: Run Behavior\ReadHtmlCacheBehavior [ RunTime:0.001322s ]
INFO: [ app_begin ] --END-- [ RunTime:0.001935s ]
SQL: SHOW COLUMNS FROM `wp_aite_boadlist` [ RunTime:0.0044s ]
SQL: SELECT count(*) FROM `wp_aite_boadlist` WHERE ( tid=4 ) LIMIT 1   [ RunTime:0.0002s ]
INFO: [ app_end ] --START--
INFO: Run Behavior\ShowPageTraceBehavior [ RunTime:0.001337s ]
INFO: [ app_end ] --END-- [ RunTime:0.001399s ]

[ 2015-07-14T10:42:12+08:00 ] 127.0.0.1 /boad/Home/Index/ajax_act/?act=get_listcount&title_id=3
INFO: [ app_begin ] --START--
INFO: Run Behavior\ReadHtmlCacheBehavior [ RunTime:0.000956s ]
INFO: [ app_begin ] --END-- [ RunTime:0.001513s ]
SQL: SHOW COLUMNS FROM `wp_aite_boadlist` [ RunTime:0.0044s ]
SQL: SELECT count(*) FROM `wp_aite_boadlist` WHERE ( tid=3 ) LIMIT 1   [ RunTime:0.0001s ]
INFO: [ app_end ] --START--
INFO: Run Behavior\ShowPageTraceBehavior [ RunTime:0.001075s ]
INFO: [ app_end ] --END-- [ RunTime:0.001133s ]

[ 2015-07-14T10:42:12+08:00 ] 127.0.0.1 /boad/Home/Index/ajax_act/?act=get_listcount&title_id=4
INFO: [ app_begin ] --START--
INFO: Run Behavior\ReadHtmlCacheBehavior [ RunTime:0.001109s ]
INFO: [ app_begin ] --END-- [ RunTime:0.001641s ]
SQL: SHOW COLUMNS FROM `wp_aite_boadlist` [ RunTime:0.0044s ]
SQL: SELECT count(*) FROM `wp_aite_boadlist` WHERE ( tid=4 ) LIMIT 1   [ RunTime:0.0002s ]
INFO: [ app_end ] --START--
INFO: Run Behavior\ShowPageTraceBehavior [ RunTime:0.001282s ]
INFO: [ app_end ] --END-- [ RunTime:0.001344s ]

[ 2015-07-14T10:42:43+08:00 ] 127.0.0.1 /boad/Home/Index/ajax_act/?act=get_listcount&title_id=4
INFO: [ app_begin ] --START--
INFO: Run Behavior\ReadHtmlCacheBehavior [ RunTime:0.001298s ]
INFO: [ app_begin ] --END-- [ RunTime:0.001857s ]
SQL: SHOW COLUMNS FROM `wp_aite_boadlist` [ RunTime:0.0045s ]
SQL: SELECT count(*) FROM `wp_aite_boadlist` WHERE ( tid=4 ) LIMIT 1   [ RunTime:0.0002s ]
INFO: [ app_end ] --START--
INFO: Run Behavior\ShowPageTraceBehavior [ RunTime:0.001271s ]
INFO: [ app_end ] --END-- [ RunTime:0.001328s ]

[ 2015-07-14T10:42:43+08:00 ] 127.0.0.1 /boad/Home/Index/ajax_act/?act=get_listcount&title_id=3
INFO: [ app_begin ] --START--
INFO: Run Behavior\ReadHtmlCacheBehavior [ RunTime:0.001167s ]
INFO: [ app_begin ] --END-- [ RunTime:0.001718s ]
SQL: SHOW COLUMNS FROM `wp_aite_boadlist` [ RunTime:0.0042s ]
SQL: SELECT count(*) FROM `wp_aite_boadlist` WHERE ( tid=3 ) LIMIT 1   [ RunTime:0.0002s ]
INFO: [ app_end ] --START--
INFO: Run Behavior\ShowPageTraceBehavior [ RunTime:0.001229s ]
INFO: [ app_end ] --END-- [ RunTime:0.001289s ]

[ 2015-07-14T10:43:14+08:00 ] 127.0.0.1 /boad/Home/Index/ajax_act/?act=get_listcount&title_id=3
INFO: [ app_begin ] --START--
INFO: Run Behavior\ReadHtmlCacheBehavior [ RunTime:0.000957s ]
INFO: [ app_begin ] --END-- [ RunTime:0.001475s ]
SQL: SHOW COLUMNS FROM `wp_aite_boadlist` [ RunTime:0.0046s ]
SQL: SELECT count(*) FROM `wp_aite_boadlist` WHERE ( tid=3 ) LIMIT 1   [ RunTime:0.0002s ]
INFO: [ app_end ] --START--
INFO: Run Behavior\ShowPageTraceBehavior [ RunTime:0.001318s ]
INFO: [ app_end ] --END-- [ RunTime:0.001391s ]

[ 2015-07-14T10:43:14+08:00 ] 127.0.0.1 /boad/Home/Index/ajax_act/?act=get_listcount&title_id=4
INFO: [ app_begin ] --START--
INFO: Run Behavior\ReadHtmlCacheBehavior [ RunTime:0.000918s ]
INFO: [ app_begin ] --END-- [ RunTime:0.001427s ]
SQL: SHOW COLUMNS FROM `wp_aite_boadlist` [ RunTime:0.0073s ]
SQL: SELECT count(*) FROM `wp_aite_boadlist` WHERE ( tid=4 ) LIMIT 1   [ RunTime:0.0002s ]
INFO: [ app_end ] --START--
INFO: Run Behavior\ShowPageTraceBehavior [ RunTime:0.001735s ]
INFO: [ app_end ] --END-- [ RunTime:0.001814s ]

[ 2015-07-14T15:56:30+08:00 ] 127.0.0.1 /boad/Home/Index/ajax_act/
INFO: [ app_begin ] --START--
INFO: Run Behavior\ReadHtmlCacheBehavior [ RunTime:0.001523s ]
INFO: [ app_begin ] --END-- [ RunTime:0.002288s ]
SQL: SHOW COLUMNS FROM `wp_aite_boadlist` [ RunTime:0.0051s ]
SQL: SELECT `id`,`content`,`dig`,`comment_count`,`uptime` FROM `wp_aite_boadlist` WHERE ( tid=3 ) ORDER BY id DESC LIMIT 0,5   [ RunTime:0.0180s ]
INFO: [ app_end ] --START--
INFO: Run Behavior\ShowPageTraceBehavior [ RunTime:0.001511s ]
INFO: [ app_end ] --END-- [ RunTime:0.001604s ]

[ 2015-07-14T16:59:49+08:00 ] 127.0.0.1 /boad/Home/Index/ajax_act/
INFO: [ app_begin ] --START--
INFO: Run Behavior\ReadHtmlCacheBehavior [ RunTime:0.003385s ]
INFO: [ app_begin ] --END-- [ RunTime:0.005801s ]
SQL: SHOW COLUMNS FROM `wp_aite_boadlist` [ RunTime:0.0221s ]
SQL: SELECT `id`,`content`,`dig`,`comment_count`,`uptime` FROM `wp_aite_boadlist` WHERE ( tid=4 ) ORDER BY id DESC LIMIT 0,5   [ RunTime:0.0099s ]
INFO: [ app_end ] --START--
INFO: Run Behavior\ShowPageTraceBehavior [ RunTime:0.001060s ]
INFO: [ app_end ] --END-- [ RunTime:0.001120s ]

