[ 2015-07-15T13:53:24+08:00 ] 127.0.0.1 /boad/Home/Index/ajax_act/
INFO: [ app_begin ] --START--
INFO: Run Behavior\ReadHtmlCacheBehavior [ RunTime:0.001243s ]
INFO: [ app_begin ] --END-- [ RunTime:0.001904s ]
SQL: SHOW COLUMNS FROM `wp_aite_boadlist` [ RunTime:0.0046s ]
SQL: SELECT `id`,`content`,`dig`,`comment_count`,`uptime` FROM `wp_aite_boadlist` WHERE ( tid=4 ) ORDER BY id DESC LIMIT 0,5   [ RunTime:0.0006s ]
INFO: [ app_end ] --START--
INFO: Run Behavior\ShowPageTraceBehavior [ RunTime:0.001366s ]
INFO: [ app_end ] --END-- [ RunTime:0.001432s ]

[ 2015-07-15T13:53:27+08:00 ] 127.0.0.1 /boad/Home/Index/ajax_act/
INFO: [ app_begin ] --START--
INFO: Run Behavior\ReadHtmlCacheBehavior [ RunTime:0.001209s ]
INFO: [ app_begin ] --END-- [ RunTime:0.001765s ]
SQL: SHOW COLUMNS FROM `wp_aite_boadlist` [ RunTime:0.0045s ]
SQL: SELECT `id`,`content`,`dig`,`comment_count`,`uptime` FROM `wp_aite_boadlist` WHERE ( tid=4 ) ORDER BY id DESC LIMIT 5,5   [ RunTime:0.0006s ]
INFO: [ app_end ] --START--
INFO: Run Behavior\ShowPageTraceBehavior [ RunTime:0.001264s ]
INFO: [ app_end ] --END-- [ RunTime:0.001331s ]

[ 2015-07-15T13:53:27+08:00 ] 127.0.0.1 /boad/Home/Index/ajax_act/
INFO: [ app_begin ] --START--
INFO: Run Behavior\ReadHtmlCacheBehavior [ RunTime:0.000991s ]
INFO: [ app_begin ] --END-- [ RunTime:0.001536s ]
SQL: SHOW COLUMNS FROM `wp_aite_boadlist` [ RunTime:0.0060s ]
SQL: SELECT `id`,`content`,`dig`,`comment_count`,`uptime` FROM `wp_aite_boadlist` WHERE ( tid=4 ) ORDER BY id DESC LIMIT 10,5   [ RunTime:0.0008s ]
INFO: [ app_end ] --START--
INFO: Run Behavior\ShowPageTraceBehavior [ RunTime:0.001185s ]
INFO: [ app_end ] --END-- [ RunTime:0.001255s ]

[ 2015-07-15T13:53:55+08:00 ] 127.0.0.1 /boad/Home/Index/ajax_act/?act=get_listcount&title_id=4
INFO: [ app_begin ] --START--
INFO: Run Behavior\ReadHtmlCacheBehavior [ RunTime:0.001078s ]
INFO: [ app_begin ] --END-- [ RunTime:0.001661s ]
SQL: SHOW COLUMNS FROM `wp_aite_boadlist` [ RunTime:0.0044s ]
SQL: SELECT count(*) FROM `wp_aite_boadlist` WHERE ( tid=4 ) LIMIT 1   [ RunTime:0.0002s ]
INFO: [ app_end ] --START--
INFO: Run Behavior\ShowPageTraceBehavior [ RunTime:0.001115s ]
INFO: [ app_end ] --END-- [ RunTime:0.001170s ]

[ 2015-07-15T13:54:26+08:00 ] 127.0.0.1 /boad/Home/Index/ajax_act/?act=get_listcount&title_id=4
INFO: [ app_begin ] --START--
INFO: Run Behavior\ReadHtmlCacheBehavior [ RunTime:0.001335s ]
INFO: [ app_begin ] --END-- [ RunTime:0.001916s ]
SQL: SHOW COLUMNS FROM `wp_aite_boadlist` [ RunTime:0.0044s ]
SQL: SELECT count(*) FROM `wp_aite_boadlist` WHERE ( tid=4 ) LIMIT 1   [ RunTime:0.0002s ]
INFO: [ app_end ] --START--
INFO: Run Behavior\ShowPageTraceBehavior [ RunTime:0.001168s ]
INFO: [ app_end ] --END-- [ RunTime:0.001224s ]

[ 2015-07-15T13:54:57+08:00 ] 127.0.0.1 /boad/Home/Index/ajax_act/?act=get_listcount&title_id=4
INFO: [ app_begin ] --START--
INFO: Run Behavior\ReadHtmlCacheBehavior [ RunTime:0.001127s ]
INFO: [ app_begin ] --END-- [ RunTime:0.001669s ]
SQL: SHOW COLUMNS FROM `wp_aite_boadlist` [ RunTime:0.0046s ]
SQL: SELECT count(*) FROM `wp_aite_boadlist` WHERE ( tid=4 ) LIMIT 1   [ RunTime:0.0001s ]
INFO: [ app_end ] --START--
INFO: Run Behavior\ShowPageTraceBehavior [ RunTime:0.001256s ]
INFO: [ app_end ] --END-- [ RunTime:0.001312s ]

[ 2015-07-15T13:55:28+08:00 ] 127.0.0.1 /boad/Home/Index/ajax_act/?act=get_listcount&title_id=4
INFO: [ app_begin ] --START--
INFO: Run Behavior\ReadHtmlCacheBehavior [ RunTime:0.001150s ]
INFO: [ app_begin ] --END-- [ RunTime:0.001719s ]
SQL: SHOW COLUMNS FROM `wp_aite_boadlist` [ RunTime:0.0044s ]
SQL: SELECT count(*) FROM `wp_aite_boadlist` WHERE ( tid=4 ) LIMIT 1   [ RunTime:0.0002s ]
INFO: [ app_end ] --START--
INFO: Run Behavior\ShowPageTraceBehavior [ RunTime:0.001136s ]
INFO: [ app_end ] --END-- [ RunTime:0.001193s ]

[ 2015-07-15T13:55:59+08:00 ] 127.0.0.1 /boad/Home/Index/ajax_act/?act=get_listcount&title_id=4
INFO: [ app_begin ] --START--
INFO: Run Behavior\ReadHtmlCacheBehavior [ RunTime:0.001020s ]
INFO: [ app_begin ] --END-- [ RunTime:0.001563s ]
SQL: SHOW COLUMNS FROM `wp_aite_boadlist` [ RunTime:0.0043s ]
SQL: SELECT count(*) FROM `wp_aite_boadlist` WHERE ( tid=4 ) LIMIT 1   [ RunTime:0.0002s ]
INFO: [ app_end ] --START--
INFO: Run Behavior\ShowPageTraceBehavior [ RunTime:0.001110s ]
INFO: [ app_end ] --END-- [ RunTime:0.001166s ]

[ 2015-07-15T13:56:29+08:00 ] 127.0.0.1 /boad/Home/Index/ajax_act/?act=get_listcount&title_id=4
INFO: [ app_begin ] --START--
INFO: Run Behavior\ReadHtmlCacheBehavior [ RunTime:0.001158s ]
INFO: [ app_begin ] --END-- [ RunTime:0.001671s ]
SQL: SHOW COLUMNS FROM `wp_aite_boadlist` [ RunTime:0.0047s ]
SQL: SELECT count(*) FROM `wp_aite_boadlist` WHERE ( tid=4 ) LIMIT 1   [ RunTime:0.0002s ]
INFO: [ app_end ] --START--
INFO: Run Behavior\ShowPageTraceBehavior [ RunTime:0.001452s ]
INFO: [ app_end ] --END-- [ RunTime:0.001519s ]

[ 2015-07-15T13:57:00+08:00 ] 127.0.0.1 /boad/Home/Index/ajax_act/?act=get_listcount&title_id=4
INFO: [ app_begin ] --START--
INFO: Run Behavior\ReadHtmlCacheBehavior [ RunTime:0.001073s ]
INFO: [ app_begin ] --END-- [ RunTime:0.001579s ]
SQL: SHOW COLUMNS FROM `wp_aite_boadlist` [ RunTime:0.0044s ]
SQL: SELECT count(*) FROM `wp_aite_boadlist` WHERE ( tid=4 ) LIMIT 1   [ RunTime:0.0002s ]
INFO: [ app_end ] --START--
INFO: Run Behavior\ShowPageTraceBehavior [ RunTime:0.001047s ]
INFO: [ app_end ] --END-- [ RunTime:0.001104s ]

[ 2015-07-15T13:57:31+08:00 ] 127.0.0.1 /boad/Home/Index/ajax_act/?act=get_listcount&title_id=4
INFO: [ app_begin ] --START--
INFO: Run Behavior\ReadHtmlCacheBehavior [ RunTime:0.001145s ]
INFO: [ app_begin ] --END-- [ RunTime:0.001659s ]
SQL: SHOW COLUMNS FROM `wp_aite_boadlist` [ RunTime:0.0044s ]
SQL: SELECT count(*) FROM `wp_aite_boadlist` WHERE ( tid=4 ) LIMIT 1   [ RunTime:0.0001s ]
INFO: [ app_end ] --START--
INFO: Run Behavior\ShowPageTraceBehavior [ RunTime:0.001252s ]
INFO: [ app_end ] --END-- [ RunTime:0.001319s ]

[ 2015-07-15T13:58:02+08:00 ] 127.0.0.1 /boad/Home/Index/ajax_act/?act=get_listcount&title_id=4
INFO: [ app_begin ] --START--
INFO: Run Behavior\ReadHtmlCacheBehavior [ RunTime:0.001097s ]
INFO: [ app_begin ] --END-- [ RunTime:0.001593s ]
SQL: SHOW COLUMNS FROM `wp_aite_boadlist` [ RunTime:0.0052s ]
SQL: SELECT count(*) FROM `wp_aite_boadlist` WHERE ( tid=4 ) LIMIT 1   [ RunTime:0.0002s ]
INFO: [ app_end ] --START--
INFO: Run Behavior\ShowPageTraceBehavior [ RunTime:0.001119s ]
INFO: [ app_end ] --END-- [ RunTime:0.001177s ]

[ 2015-07-15T13:58:33+08:00 ] 127.0.0.1 /boad/Home/Index/ajax_act/?act=get_listcount&title_id=4
INFO: [ app_begin ] --START--
INFO: Run Behavior\ReadHtmlCacheBehavior [ RunTime:0.001085s ]
INFO: [ app_begin ] --END-- [ RunTime:0.001664s ]
SQL: SHOW COLUMNS FROM `wp_aite_boadlist` [ RunTime:0.0044s ]
SQL: SELECT count(*) FROM `wp_aite_boadlist` WHERE ( tid=4 ) LIMIT 1   [ RunTime:0.0002s ]
INFO: [ app_end ] --START--
INFO: Run Behavior\ShowPageTraceBehavior [ RunTime:0.001049s ]
INFO: [ app_end ] --END-- [ RunTime:0.001106s ]

[ 2015-07-15T13:59:04+08:00 ] 127.0.0.1 /boad/Home/Index/ajax_act/?act=get_listcount&title_id=4
INFO: [ app_begin ] --START--
INFO: Run Behavior\ReadHtmlCacheBehavior [ RunTime:0.000995s ]
INFO: [ app_begin ] --END-- [ RunTime:0.001496s ]
SQL: SHOW COLUMNS FROM `wp_aite_boadlist` [ RunTime:0.0044s ]
SQL: SELECT count(*) FROM `wp_aite_boadlist` WHERE ( tid=4 ) LIMIT 1   [ RunTime:0.0002s ]
INFO: [ app_end ] --START--
INFO: Run Behavior\ShowPageTraceBehavior [ RunTime:0.001092s ]
INFO: [ app_end ] --END-- [ RunTime:0.001146s ]

[ 2015-07-15T13:59:34+08:00 ] 127.0.0.1 /boad/Home/Index/ajax_act/?act=get_listcount&title_id=4
INFO: [ app_begin ] --START--
INFO: Run Behavior\ReadHtmlCacheBehavior [ RunTime:0.001076s ]
INFO: [ app_begin ] --END-- [ RunTime:0.001651s ]
SQL: SHOW COLUMNS FROM `wp_aite_boadlist` [ RunTime:0.0043s ]
SQL: SELECT count(*) FROM `wp_aite_boadlist` WHERE ( tid=4 ) LIMIT 1   [ RunTime:0.0002s ]
INFO: [ app_end ] --START--
INFO: Run Behavior\ShowPageTraceBehavior [ RunTime:0.001069s ]
INFO: [ app_end ] --END-- [ RunTime:0.001126s ]

[ 2015-07-15T14:00:05+08:00 ] 127.0.0.1 /boad/Home/Index/ajax_act/?act=get_listcount&title_id=4
INFO: [ app_begin ] --START--
INFO: Run Behavior\ReadHtmlCacheBehavior [ RunTime:0.001091s ]
INFO: [ app_begin ] --END-- [ RunTime:0.001672s ]
SQL: SHOW COLUMNS FROM `wp_aite_boadlist` [ RunTime:0.0043s ]
SQL: SELECT count(*) FROM `wp_aite_boadlist` WHERE ( tid=4 ) LIMIT 1   [ RunTime:0.0001s ]
INFO: [ app_end ] --START--
INFO: Run Behavior\ShowPageTraceBehavior [ RunTime:0.001089s ]
INFO: [ app_end ] --END-- [ RunTime:0.001145s ]

[ 2015-07-15T14:00:36+08:00 ] 127.0.0.1 /boad/Home/Index/ajax_act/?act=get_listcount&title_id=4
INFO: [ app_begin ] --START--
INFO: Run Behavior\ReadHtmlCacheBehavior [ RunTime:0.000995s ]
INFO: [ app_begin ] --END-- [ RunTime:0.001492s ]
SQL: SHOW COLUMNS FROM `wp_aite_boadlist` [ RunTime:0.0044s ]
SQL: SELECT count(*) FROM `wp_aite_boadlist` WHERE ( tid=4 ) LIMIT 1   [ RunTime:0.0002s ]
INFO: [ app_end ] --START--
INFO: Run Behavior\ShowPageTraceBehavior [ RunTime:0.001117s ]
INFO: [ app_end ] --END-- [ RunTime:0.001172s ]

[ 2015-07-15T14:01:07+08:00 ] 127.0.0.1 /boad/Home/Index/ajax_act/?act=get_listcount&title_id=4
INFO: [ app_begin ] --START--
INFO: Run Behavior\ReadHtmlCacheBehavior [ RunTime:0.001137s ]
INFO: [ app_begin ] --END-- [ RunTime:0.001712s ]
SQL: SHOW COLUMNS FROM `wp_aite_boadlist` [ RunTime:0.0046s ]
SQL: SELECT count(*) FROM `wp_aite_boadlist` WHERE ( tid=4 ) LIMIT 1   [ RunTime:0.0002s ]
INFO: [ app_end ] --START--
INFO: Run Behavior\ShowPageTraceBehavior [ RunTime:0.001114s ]
INFO: [ app_end ] --END-- [ RunTime:0.001172s ]

[ 2015-07-15T14:01:37+08:00 ] 127.0.0.1 /boad/Home/Index/ajax_act/?act=get_listcount&title_id=4
INFO: [ app_begin ] --START--
INFO: Run Behavior\ReadHtmlCacheBehavior [ RunTime:0.001071s ]
INFO: [ app_begin ] --END-- [ RunTime:0.001636s ]
SQL: SHOW COLUMNS FROM `wp_aite_boadlist` [ RunTime:0.0046s ]
SQL: SELECT count(*) FROM `wp_aite_boadlist` WHERE ( tid=4 ) LIMIT 1   [ RunTime:0.0002s ]
INFO: [ app_end ] --START--
INFO: Run Behavior\ShowPageTraceBehavior [ RunTime:0.001049s ]
INFO: [ app_end ] --END-- [ RunTime:0.001107s ]

[ 2015-07-15T14:02:08+08:00 ] 127.0.0.1 /boad/Home/Index/ajax_act/?act=get_listcount&title_id=4
INFO: [ app_begin ] --START--
INFO: Run Behavior\ReadHtmlCacheBehavior [ RunTime:0.000948s ]
INFO: [ app_begin ] --END-- [ RunTime:0.001478s ]
SQL: SHOW COLUMNS FROM `wp_aite_boadlist` [ RunTime:0.0046s ]
SQL: SELECT count(*) FROM `wp_aite_boadlist` WHERE ( tid=4 ) LIMIT 1   [ RunTime:0.0002s ]
INFO: [ app_end ] --START--
INFO: Run Behavior\ShowPageTraceBehavior [ RunTime:0.001104s ]
INFO: [ app_end ] --END-- [ RunTime:0.001159s ]

[ 2015-07-15T14:02:39+08:00 ] 127.0.0.1 /boad/Home/Index/ajax_act/?act=get_listcount&title_id=4
INFO: [ app_begin ] --START--
INFO: Run Behavior\ReadHtmlCacheBehavior [ RunTime:0.001138s ]
INFO: [ app_begin ] --END-- [ RunTime:0.001711s ]
SQL: SHOW COLUMNS FROM `wp_aite_boadlist` [ RunTime:0.0045s ]
SQL: SELECT count(*) FROM `wp_aite_boadlist` WHERE ( tid=4 ) LIMIT 1   [ RunTime:0.0002s ]
INFO: [ app_end ] --START--
INFO: Run Behavior\ShowPageTraceBehavior [ RunTime:0.001125s ]
INFO: [ app_end ] --END-- [ RunTime:0.001182s ]

[ 2015-07-15T14:03:10+08:00 ] 127.0.0.1 /boad/Home/Index/ajax_act/?act=get_listcount&title_id=4
INFO: [ app_begin ] --START--
INFO: Run Behavior\ReadHtmlCacheBehavior [ RunTime:0.000991s ]
INFO: [ app_begin ] --END-- [ RunTime:0.001527s ]
SQL: SHOW COLUMNS FROM `wp_aite_boadlist` [ RunTime:0.0045s ]
SQL: SELECT count(*) FROM `wp_aite_boadlist` WHERE ( tid=4 ) LIMIT 1   [ RunTime:0.0001s ]
INFO: [ app_end ] --START--
INFO: Run Behavior\ShowPageTraceBehavior [ RunTime:0.001078s ]
INFO: [ app_end ] --END-- [ RunTime:0.001135s ]

[ 2015-07-15T14:03:40+08:00 ] 127.0.0.1 /boad/Home/Index/ajax_act/?act=get_listcount&title_id=4
INFO: [ app_begin ] --START--
INFO: Run Behavior\ReadHtmlCacheBehavior [ RunTime:0.001173s ]
INFO: [ app_begin ] --END-- [ RunTime:0.001691s ]
SQL: SHOW COLUMNS FROM `wp_aite_boadlist` [ RunTime:0.0056s ]
SQL: SELECT count(*) FROM `wp_aite_boadlist` WHERE ( tid=4 ) LIMIT 1   [ RunTime:0.0003s ]
INFO: [ app_end ] --START--
INFO: Run Behavior\ShowPageTraceBehavior [ RunTime:0.001254s ]
INFO: [ app_end ] --END-- [ RunTime:0.001320s ]

[ 2015-07-15T14:04:10+08:00 ] 127.0.0.1 /boad/Home/Index/ajax_act/?act=get_listcount&title_id=4
INFO: [ app_begin ] --START--
INFO: Run Behavior\ReadHtmlCacheBehavior [ RunTime:0.001139s ]
INFO: [ app_begin ] --END-- [ RunTime:0.002138s ]
SQL: SHOW COLUMNS FROM `wp_aite_boadlist` [ RunTime:0.0051s ]
SQL: SELECT count(*) FROM `wp_aite_boadlist` WHERE ( tid=4 ) LIMIT 1   [ RunTime:0.0003s ]
INFO: [ app_end ] --START--
INFO: Run Behavior\ShowPageTraceBehavior [ RunTime:0.001483s ]
INFO: [ app_end ] --END-- [ RunTime:0.001568s ]

[ 2015-07-15T14:04:41+08:00 ] 127.0.0.1 /boad/Home/Index/ajax_act/?act=get_listcount&title_id=4
INFO: [ app_begin ] --START--
INFO: Run Behavior\ReadHtmlCacheBehavior [ RunTime:0.000938s ]
INFO: [ app_begin ] --END-- [ RunTime:0.001450s ]
SQL: SHOW COLUMNS FROM `wp_aite_boadlist` [ RunTime:0.0045s ]
SQL: SELECT count(*) FROM `wp_aite_boadlist` WHERE ( tid=4 ) LIMIT 1   [ RunTime:0.0002s ]
INFO: [ app_end ] --START--
INFO: Run Behavior\ShowPageTraceBehavior [ RunTime:0.001102s ]
INFO: [ app_end ] --END-- [ RunTime:0.001157s ]

[ 2015-07-15T14:05:12+08:00 ] 127.0.0.1 /boad/Home/Index/ajax_act/?act=get_listcount&title_id=4
INFO: [ app_begin ] --START--
INFO: Run Behavior\ReadHtmlCacheBehavior [ RunTime:0.001143s ]
INFO: [ app_begin ] --END-- [ RunTime:0.001719s ]
SQL: SHOW COLUMNS FROM `wp_aite_boadlist` [ RunTime:0.0047s ]
SQL: SELECT count(*) FROM `wp_aite_boadlist` WHERE ( tid=4 ) LIMIT 1   [ RunTime:0.0002s ]
INFO: [ app_end ] --START--
INFO: Run Behavior\ShowPageTraceBehavior [ RunTime:0.001198s ]
INFO: [ app_end ] --END-- [ RunTime:0.001266s ]

[ 2015-07-15T14:05:42+08:00 ] 127.0.0.1 /boad/Home/Index/ajax_act/?act=get_listcount&title_id=4
INFO: [ app_begin ] --START--
INFO: Run Behavior\ReadHtmlCacheBehavior [ RunTime:0.001399s ]
INFO: [ app_begin ] --END-- [ RunTime:0.002325s ]
SQL: SHOW COLUMNS FROM `wp_aite_boadlist` [ RunTime:0.0045s ]
SQL: SELECT count(*) FROM `wp_aite_boadlist` WHERE ( tid=4 ) LIMIT 1   [ RunTime:0.0001s ]
INFO: [ app_end ] --START--
INFO: Run Behavior\ShowPageTraceBehavior [ RunTime:0.001082s ]
INFO: [ app_end ] --END-- [ RunTime:0.001137s ]

[ 2015-07-15T14:06:12+08:00 ] 127.0.0.1 /boad/Home/Index/ajax_act/?act=get_listcount&title_id=4
INFO: [ app_begin ] --START--
INFO: Run Behavior\ReadHtmlCacheBehavior [ RunTime:0.000940s ]
INFO: [ app_begin ] --END-- [ RunTime:0.001455s ]
SQL: SHOW COLUMNS FROM `wp_aite_boadlist` [ RunTime:0.0045s ]
SQL: SELECT count(*) FROM `wp_aite_boadlist` WHERE ( tid=4 ) LIMIT 1   [ RunTime:0.0002s ]
INFO: [ app_end ] --START--
INFO: Run Behavior\ShowPageTraceBehavior [ RunTime:0.001053s ]
INFO: [ app_end ] --END-- [ RunTime:0.001111s ]

[ 2015-07-15T14:06:43+08:00 ] 127.0.0.1 /boad/Home/Index/ajax_act/?act=get_listcount&title_id=4
INFO: [ app_begin ] --START--
INFO: Run Behavior\ReadHtmlCacheBehavior [ RunTime:0.001074s ]
INFO: [ app_begin ] --END-- [ RunTime:0.001661s ]
SQL: SHOW COLUMNS FROM `wp_aite_boadlist` [ RunTime:0.0046s ]
SQL: SELECT count(*) FROM `wp_aite_boadlist` WHERE ( tid=4 ) LIMIT 1   [ RunTime:0.0002s ]
INFO: [ app_end ] --START--
INFO: Run Behavior\ShowPageTraceBehavior [ RunTime:0.001122s ]
INFO: [ app_end ] --END-- [ RunTime:0.001181s ]

[ 2015-07-15T14:07:13+08:00 ] 127.0.0.1 /boad/Home/Index/ajax_act/?act=get_listcount&title_id=4
INFO: [ app_begin ] --START--
INFO: Run Behavior\ReadHtmlCacheBehavior [ RunTime:0.001028s ]
INFO: [ app_begin ] --END-- [ RunTime:0.001672s ]
SQL: SHOW COLUMNS FROM `wp_aite_boadlist` [ RunTime:0.0047s ]
SQL: SELECT count(*) FROM `wp_aite_boadlist` WHERE ( tid=4 ) LIMIT 1   [ RunTime:0.0002s ]
INFO: [ app_end ] --START--
INFO: Run Behavior\ShowPageTraceBehavior [ RunTime:0.001121s ]
INFO: [ app_end ] --END-- [ RunTime:0.001177s ]

[ 2015-07-15T14:07:44+08:00 ] 127.0.0.1 /boad/Home/Index/ajax_act/?act=get_listcount&title_id=4
INFO: [ app_begin ] --START--
INFO: Run Behavior\ReadHtmlCacheBehavior [ RunTime:0.009446s ]
INFO: [ app_begin ] --END-- [ RunTime:0.009998s ]
SQL: SHOW COLUMNS FROM `wp_aite_boadlist` [ RunTime:0.0045s ]
SQL: SELECT count(*) FROM `wp_aite_boadlist` WHERE ( tid=4 ) LIMIT 1   [ RunTime:0.0002s ]
INFO: [ app_end ] --START--
INFO: Run Behavior\ShowPageTraceBehavior [ RunTime:0.001143s ]
INFO: [ app_end ] --END-- [ RunTime:0.001233s ]

[ 2015-07-15T14:08:14+08:00 ] 127.0.0.1 /boad/Home/Index/ajax_act/?act=get_listcount&title_id=4
INFO: [ app_begin ] --START--
INFO: Run Behavior\ReadHtmlCacheBehavior [ RunTime:0.001191s ]
INFO: [ app_begin ] --END-- [ RunTime:0.001872s ]
SQL: SHOW COLUMNS FROM `wp_aite_boadlist` [ RunTime:0.0051s ]
SQL: SELECT count(*) FROM `wp_aite_boadlist` WHERE ( tid=4 ) LIMIT 1   [ RunTime:0.0002s ]
INFO: [ app_end ] --START--
INFO: Run Behavior\ShowPageTraceBehavior [ RunTime:0.001091s ]
INFO: [ app_end ] --END-- [ RunTime:0.001149s ]

[ 2015-07-15T14:08:45+08:00 ] 127.0.0.1 /boad/Home/Index/ajax_act/?act=get_listcount&title_id=4
INFO: [ app_begin ] --START--
INFO: Run Behavior\ReadHtmlCacheBehavior [ RunTime:0.000996s ]
INFO: [ app_begin ] --END-- [ RunTime:0.001539s ]
SQL: SHOW COLUMNS FROM `wp_aite_boadlist` [ RunTime:0.0045s ]
SQL: SELECT count(*) FROM `wp_aite_boadlist` WHERE ( tid=4 ) LIMIT 1   [ RunTime:0.0002s ]
INFO: [ app_end ] --START--
INFO: Run Behavior\ShowPageTraceBehavior [ RunTime:0.001122s ]
INFO: [ app_end ] --END-- [ RunTime:0.001180s ]

[ 2015-07-15T14:09:15+08:00 ] 127.0.0.1 /boad/Home/Index/ajax_act/?act=get_listcount&title_id=4
INFO: [ app_begin ] --START--
INFO: Run Behavior\ReadHtmlCacheBehavior [ RunTime:0.000995s ]
INFO: [ app_begin ] --END-- [ RunTime:0.001505s ]
SQL: SHOW COLUMNS FROM `wp_aite_boadlist` [ RunTime:0.0046s ]
SQL: SELECT count(*) FROM `wp_aite_boadlist` WHERE ( tid=4 ) LIMIT 1   [ RunTime:0.0002s ]
INFO: [ app_end ] --START--
INFO: Run Behavior\ShowPageTraceBehavior [ RunTime:0.001099s ]
INFO: [ app_end ] --END-- [ RunTime:0.001154s ]

[ 2015-07-15T14:09:46+08:00 ] 127.0.0.1 /boad/Home/Index/ajax_act/?act=get_listcount&title_id=4
INFO: [ app_begin ] --START--
INFO: Run Behavior\ReadHtmlCacheBehavior [ RunTime:0.001007s ]
INFO: [ app_begin ] --END-- [ RunTime:0.001605s ]
SQL: SHOW COLUMNS FROM `wp_aite_boadlist` [ RunTime:0.0067s ]
SQL: SELECT count(*) FROM `wp_aite_boadlist` WHERE ( tid=4 ) LIMIT 1   [ RunTime:0.0001s ]
INFO: [ app_end ] --START--
INFO: Run Behavior\ShowPageTraceBehavior [ RunTime:0.001179s ]
INFO: [ app_end ] --END-- [ RunTime:0.001242s ]

[ 2015-07-15T14:10:16+08:00 ] 127.0.0.1 /boad/Home/Index/ajax_act/?act=get_listcount&title_id=4
INFO: [ app_begin ] --START--
INFO: Run Behavior\ReadHtmlCacheBehavior [ RunTime:0.001072s ]
INFO: [ app_begin ] --END-- [ RunTime:0.001647s ]
SQL: SHOW COLUMNS FROM `wp_aite_boadlist` [ RunTime:0.0045s ]
SQL: SELECT count(*) FROM `wp_aite_boadlist` WHERE ( tid=4 ) LIMIT 1   [ RunTime:0.0002s ]
INFO: [ app_end ] --START--
INFO: Run Behavior\ShowPageTraceBehavior [ RunTime:0.001046s ]
INFO: [ app_end ] --END-- [ RunTime:0.001101s ]

[ 2015-07-15T14:10:47+08:00 ] 127.0.0.1 /boad/Home/Index/ajax_act/?act=get_listcount&title_id=4
INFO: [ app_begin ] --START--
INFO: Run Behavior\ReadHtmlCacheBehavior [ RunTime:0.000937s ]
INFO: [ app_begin ] --END-- [ RunTime:0.001447s ]
SQL: SHOW COLUMNS FROM `wp_aite_boadlist` [ RunTime:0.0054s ]
SQL: SELECT count(*) FROM `wp_aite_boadlist` WHERE ( tid=4 ) LIMIT 1   [ RunTime:0.0002s ]
INFO: [ app_end ] --START--
INFO: Run Behavior\ShowPageTraceBehavior [ RunTime:0.001517s ]
INFO: [ app_end ] --END-- [ RunTime:0.001593s ]

[ 2015-07-15T14:11:18+08:00 ] 127.0.0.1 /boad/Home/Index/ajax_act/?act=get_listcount&title_id=4
INFO: [ app_begin ] --START--
INFO: Run Behavior\ReadHtmlCacheBehavior [ RunTime:0.001143s ]
INFO: [ app_begin ] --END-- [ RunTime:0.001719s ]
SQL: SHOW COLUMNS FROM `wp_aite_boadlist` [ RunTime:0.0048s ]
SQL: SELECT count(*) FROM `wp_aite_boadlist` WHERE ( tid=4 ) LIMIT 1   [ RunTime:0.0003s ]
INFO: [ app_end ] --START--
INFO: Run Behavior\ShowPageTraceBehavior [ RunTime:0.001155s ]
INFO: [ app_end ] --END-- [ RunTime:0.001213s ]

[ 2015-07-15T14:11:49+08:00 ] 127.0.0.1 /boad/Home/Index/ajax_act/?act=get_listcount&title_id=4
INFO: [ app_begin ] --START--
INFO: Run Behavior\ReadHtmlCacheBehavior [ RunTime:0.001137s ]
INFO: [ app_begin ] --END-- [ RunTime:0.001710s ]
SQL: SHOW COLUMNS FROM `wp_aite_boadlist` [ RunTime:0.0043s ]
SQL: SELECT count(*) FROM `wp_aite_boadlist` WHERE ( tid=4 ) LIMIT 1   [ RunTime:0.0003s ]
INFO: [ app_end ] --START--
INFO: Run Behavior\ShowPageTraceBehavior [ RunTime:0.001097s ]
INFO: [ app_end ] --END-- [ RunTime:0.001154s ]

[ 2015-07-15T14:12:21+08:00 ] 127.0.0.1 /boad/Home/Index/ajax_act/?act=get_listcount&title_id=4
INFO: [ app_begin ] --START--
INFO: Run Behavior\ReadHtmlCacheBehavior [ RunTime:0.001241s ]
INFO: [ app_begin ] --END-- [ RunTime:0.001831s ]
SQL: SHOW COLUMNS FROM `wp_aite_boadlist` [ RunTime:0.0063s ]
SQL: SELECT count(*) FROM `wp_aite_boadlist` WHERE ( tid=4 ) LIMIT 1   [ RunTime:0.0002s ]
INFO: [ app_end ] --START--
INFO: Run Behavior\ShowPageTraceBehavior [ RunTime:0.001194s ]
INFO: [ app_end ] --END-- [ RunTime:0.001257s ]

[ 2015-07-15T14:12:51+08:00 ] 127.0.0.1 /boad/Home/Index/ajax_act/?act=get_listcount&title_id=4
INFO: [ app_begin ] --START--
INFO: Run Behavior\ReadHtmlCacheBehavior [ RunTime:0.000975s ]
INFO: [ app_begin ] --END-- [ RunTime:0.001496s ]
SQL: SHOW COLUMNS FROM `wp_aite_boadlist` [ RunTime:0.0043s ]
SQL: SELECT count(*) FROM `wp_aite_boadlist` WHERE ( tid=4 ) LIMIT 1   [ RunTime:0.0001s ]
INFO: [ app_end ] --START--
INFO: Run Behavior\ShowPageTraceBehavior [ RunTime:0.001143s ]
INFO: [ app_end ] --END-- [ RunTime:0.001205s ]

[ 2015-07-15T14:13:22+08:00 ] 127.0.0.1 /boad/Home/Index/ajax_act/?act=get_listcount&title_id=4
INFO: [ app_begin ] --START--
INFO: Run Behavior\ReadHtmlCacheBehavior [ RunTime:0.001137s ]
INFO: [ app_begin ] --END-- [ RunTime:0.001704s ]
SQL: SHOW COLUMNS FROM `wp_aite_boadlist` [ RunTime:0.0045s ]
SQL: SELECT count(*) FROM `wp_aite_boadlist` WHERE ( tid=4 ) LIMIT 1   [ RunTime:0.0002s ]
INFO: [ app_end ] --START--
INFO: Run Behavior\ShowPageTraceBehavior [ RunTime:0.001128s ]
INFO: [ app_end ] --END-- [ RunTime:0.001196s ]

[ 2015-07-15T14:13:53+08:00 ] 127.0.0.1 /boad/Home/Index/ajax_act/?act=get_listcount&title_id=4
INFO: [ app_begin ] --START--
INFO: Run Behavior\ReadHtmlCacheBehavior [ RunTime:0.000985s ]
INFO: [ app_begin ] --END-- [ RunTime:0.001491s ]
SQL: SHOW COLUMNS FROM `wp_aite_boadlist` [ RunTime:0.0044s ]
SQL: SELECT count(*) FROM `wp_aite_boadlist` WHERE ( tid=4 ) LIMIT 1   [ RunTime:0.0002s ]
INFO: [ app_end ] --START--
INFO: Run Behavior\ShowPageTraceBehavior [ RunTime:0.001136s ]
INFO: [ app_end ] --END-- [ RunTime:0.001198s ]

[ 2015-07-15T14:14:24+08:00 ] 127.0.0.1 /boad/Home/Index/ajax_act/?act=get_listcount&title_id=4
INFO: [ app_begin ] --START--
INFO: Run Behavior\ReadHtmlCacheBehavior [ RunTime:0.001077s ]
INFO: [ app_begin ] --END-- [ RunTime:0.001652s ]
SQL: SHOW COLUMNS FROM `wp_aite_boadlist` [ RunTime:0.0045s ]
SQL: SELECT count(*) FROM `wp_aite_boadlist` WHERE ( tid=4 ) LIMIT 1   [ RunTime:0.0002s ]
INFO: [ app_end ] --START--
INFO: Run Behavior\ShowPageTraceBehavior [ RunTime:0.001041s ]
INFO: [ app_end ] --END-- [ RunTime:0.001098s ]

[ 2015-07-15T14:14:55+08:00 ] 127.0.0.1 /boad/Home/Index/ajax_act/?act=get_listcount&title_id=4
INFO: [ app_begin ] --START--
INFO: Run Behavior\ReadHtmlCacheBehavior [ RunTime:0.000941s ]
INFO: [ app_begin ] --END-- [ RunTime:0.001514s ]
SQL: SHOW COLUMNS FROM `wp_aite_boadlist` [ RunTime:0.0043s ]
SQL: SELECT count(*) FROM `wp_aite_boadlist` WHERE ( tid=4 ) LIMIT 1   [ RunTime:0.0002s ]
INFO: [ app_end ] --START--
INFO: Run Behavior\ShowPageTraceBehavior [ RunTime:0.001102s ]
INFO: [ app_end ] --END-- [ RunTime:0.001191s ]

[ 2015-07-15T14:15:25+08:00 ] 127.0.0.1 /boad/Home/Index/ajax_act/?act=get_listcount&title_id=4
INFO: [ app_begin ] --START--
INFO: Run Behavior\ReadHtmlCacheBehavior [ RunTime:0.001139s ]
INFO: [ app_begin ] --END-- [ RunTime:0.001715s ]
SQL: SHOW COLUMNS FROM `wp_aite_boadlist` [ RunTime:0.0044s ]
SQL: SELECT count(*) FROM `wp_aite_boadlist` WHERE ( tid=4 ) LIMIT 1   [ RunTime:0.0002s ]
INFO: [ app_end ] --START--
INFO: Run Behavior\ShowPageTraceBehavior [ RunTime:0.001142s ]
INFO: [ app_end ] --END-- [ RunTime:0.001208s ]

[ 2015-07-15T14:15:56+08:00 ] 127.0.0.1 /boad/Home/Index/ajax_act/?act=get_listcount&title_id=4
INFO: [ app_begin ] --START--
INFO: Run Behavior\ReadHtmlCacheBehavior [ RunTime:0.000999s ]
INFO: [ app_begin ] --END-- [ RunTime:0.001521s ]
SQL: SHOW COLUMNS FROM `wp_aite_boadlist` [ RunTime:0.0045s ]
SQL: SELECT count(*) FROM `wp_aite_boadlist` WHERE ( tid=4 ) LIMIT 1   [ RunTime:0.0002s ]
INFO: [ app_end ] --START--
INFO: Run Behavior\ShowPageTraceBehavior [ RunTime:0.001147s ]
INFO: [ app_end ] --END-- [ RunTime:0.001203s ]

[ 2015-07-15T14:16:27+08:00 ] 127.0.0.1 /boad/Home/Index/ajax_act/?act=get_listcount&title_id=4
INFO: [ app_begin ] --START--
INFO: Run Behavior\ReadHtmlCacheBehavior [ RunTime:0.001070s ]
INFO: [ app_begin ] --END-- [ RunTime:0.001638s ]
SQL: SHOW COLUMNS FROM `wp_aite_boadlist` [ RunTime:0.0043s ]
SQL: SELECT count(*) FROM `wp_aite_boadlist` WHERE ( tid=4 ) LIMIT 1   [ RunTime:0.0002s ]
INFO: [ app_end ] --START--
INFO: Run Behavior\ShowPageTraceBehavior [ RunTime:0.001156s ]
INFO: [ app_end ] --END-- [ RunTime:0.001219s ]

[ 2015-07-15T14:16:57+08:00 ] 127.0.0.1 /boad/Home/Index/ajax_act/?act=get_listcount&title_id=4
INFO: [ app_begin ] --START--
INFO: Run Behavior\ReadHtmlCacheBehavior [ RunTime:0.000930s ]
INFO: [ app_begin ] --END-- [ RunTime:0.001425s ]
SQL: SHOW COLUMNS FROM `wp_aite_boadlist` [ RunTime:0.0047s ]
SQL: SELECT count(*) FROM `wp_aite_boadlist` WHERE ( tid=4 ) LIMIT 1   [ RunTime:0.0002s ]
INFO: [ app_end ] --START--
INFO: Run Behavior\ShowPageTraceBehavior [ RunTime:0.001133s ]
INFO: [ app_end ] --END-- [ RunTime:0.001190s ]

[ 2015-07-15T14:17:28+08:00 ] 127.0.0.1 /boad/Home/Index/ajax_act/?act=get_listcount&title_id=4
INFO: [ app_begin ] --START--
INFO: Run Behavior\ReadHtmlCacheBehavior [ RunTime:0.001427s ]
INFO: [ app_begin ] --END-- [ RunTime:0.002035s ]
SQL: SHOW COLUMNS FROM `wp_aite_boadlist` [ RunTime:0.0044s ]
SQL: SELECT count(*) FROM `wp_aite_boadlist` WHERE ( tid=4 ) LIMIT 1   [ RunTime:0.0002s ]
INFO: [ app_end ] --START--
INFO: Run Behavior\ShowPageTraceBehavior [ RunTime:0.001120s ]
INFO: [ app_end ] --END-- [ RunTime:0.001178s ]

[ 2015-07-15T14:17:59+08:00 ] 127.0.0.1 /boad/Home/Index/ajax_act/?act=get_listcount&title_id=4
INFO: [ app_begin ] --START--
INFO: Run Behavior\ReadHtmlCacheBehavior [ RunTime:0.001235s ]
INFO: [ app_begin ] --END-- [ RunTime:0.001751s ]
SQL: SHOW COLUMNS FROM `wp_aite_boadlist` [ RunTime:0.0043s ]
SQL: SELECT count(*) FROM `wp_aite_boadlist` WHERE ( tid=4 ) LIMIT 1   [ RunTime:0.0002s ]
INFO: [ app_end ] --START--
INFO: Run Behavior\ShowPageTraceBehavior [ RunTime:0.001127s ]
INFO: [ app_end ] --END-- [ RunTime:0.001184s ]

[ 2015-07-15T14:18:29+08:00 ] 127.0.0.1 /boad/Home/Index/ajax_act/?act=get_listcount&title_id=4
INFO: [ app_begin ] --START--
INFO: Run Behavior\ReadHtmlCacheBehavior [ RunTime:0.000941s ]
INFO: [ app_begin ] --END-- [ RunTime:0.001438s ]
SQL: SHOW COLUMNS FROM `wp_aite_boadlist` [ RunTime:0.0049s ]
SQL: SELECT count(*) FROM `wp_aite_boadlist` WHERE ( tid=4 ) LIMIT 1   [ RunTime:0.0002s ]
INFO: [ app_end ] --START--
INFO: Run Behavior\ShowPageTraceBehavior [ RunTime:0.001120s ]
INFO: [ app_end ] --END-- [ RunTime:0.001185s ]

[ 2015-07-15T14:18:59+08:00 ] 127.0.0.1 /boad/Home/Index/ajax_act/?act=get_listcount&title_id=4
INFO: [ app_begin ] --START--
INFO: Run Behavior\ReadHtmlCacheBehavior [ RunTime:0.000931s ]
INFO: [ app_begin ] --END-- [ RunTime:0.001465s ]
SQL: SHOW COLUMNS FROM `wp_aite_boadlist` [ RunTime:0.0045s ]
SQL: SELECT count(*) FROM `wp_aite_boadlist` WHERE ( tid=4 ) LIMIT 1   [ RunTime:0.0003s ]
INFO: [ app_end ] --START--
INFO: Run Behavior\ShowPageTraceBehavior [ RunTime:0.001093s ]
INFO: [ app_end ] --END-- [ RunTime:0.001206s ]

[ 2015-07-15T14:19:30+08:00 ] 127.0.0.1 /boad/Home/Index/ajax_act/?act=get_listcount&title_id=4
INFO: [ app_begin ] --START--
INFO: Run Behavior\ReadHtmlCacheBehavior [ RunTime:0.001133s ]
INFO: [ app_begin ] --END-- [ RunTime:0.001701s ]
SQL: SHOW COLUMNS FROM `wp_aite_boadlist` [ RunTime:0.0182s ]
SQL: SELECT count(*) FROM `wp_aite_boadlist` WHERE ( tid=4 ) LIMIT 1   [ RunTime:0.0002s ]
INFO: [ app_end ] --START--
INFO: Run Behavior\ShowPageTraceBehavior [ RunTime:0.001291s ]
INFO: [ app_end ] --END-- [ RunTime:0.001373s ]

[ 2015-07-15T14:20:00+08:00 ] 127.0.0.1 /boad/Home/Index/ajax_act/?act=get_listcount&title_id=4
INFO: [ app_begin ] --START--
INFO: Run Behavior\ReadHtmlCacheBehavior [ RunTime:0.001030s ]
INFO: [ app_begin ] --END-- [ RunTime:0.001541s ]
SQL: SHOW COLUMNS FROM `wp_aite_boadlist` [ RunTime:0.0047s ]
SQL: SELECT count(*) FROM `wp_aite_boadlist` WHERE ( tid=4 ) LIMIT 1   [ RunTime:0.0002s ]
INFO: [ app_end ] --START--
INFO: Run Behavior\ShowPageTraceBehavior [ RunTime:0.001301s ]
INFO: [ app_end ] --END-- [ RunTime:0.001371s ]

[ 2015-07-15T14:20:31+08:00 ] 127.0.0.1 /boad/Home/Index/ajax_act/?act=get_listcount&title_id=4
INFO: [ app_begin ] --START--
INFO: Run Behavior\ReadHtmlCacheBehavior [ RunTime:0.001092s ]
INFO: [ app_begin ] --END-- [ RunTime:0.001700s ]
SQL: SHOW COLUMNS FROM `wp_aite_boadlist` [ RunTime:0.0044s ]
SQL: SELECT count(*) FROM `wp_aite_boadlist` WHERE ( tid=4 ) LIMIT 1   [ RunTime:0.0002s ]
INFO: [ app_end ] --START--
INFO: Run Behavior\ShowPageTraceBehavior [ RunTime:0.001073s ]
INFO: [ app_end ] --END-- [ RunTime:0.001130s ]

[ 2015-07-15T14:21:02+08:00 ] 127.0.0.1 /boad/Home/Index/ajax_act/?act=get_listcount&title_id=4
INFO: [ app_begin ] --START--
INFO: Run Behavior\ReadHtmlCacheBehavior [ RunTime:0.000930s ]
INFO: [ app_begin ] --END-- [ RunTime:0.001438s ]
SQL: SHOW COLUMNS FROM `wp_aite_boadlist` [ RunTime:0.0045s ]
SQL: SELECT count(*) FROM `wp_aite_boadlist` WHERE ( tid=4 ) LIMIT 1   [ RunTime:0.0002s ]
INFO: [ app_end ] --START--
INFO: Run Behavior\ShowPageTraceBehavior [ RunTime:0.001142s ]
INFO: [ app_end ] --END-- [ RunTime:0.001199s ]

[ 2015-07-15T14:21:33+08:00 ] 127.0.0.1 /boad/Home/Index/ajax_act/?act=get_listcount&title_id=4
INFO: [ app_begin ] --START--
INFO: Run Behavior\ReadHtmlCacheBehavior [ RunTime:0.001140s ]
INFO: [ app_begin ] --END-- [ RunTime:0.001718s ]
SQL: SHOW COLUMNS FROM `wp_aite_boadlist` [ RunTime:0.0043s ]
SQL: SELECT count(*) FROM `wp_aite_boadlist` WHERE ( tid=4 ) LIMIT 1   [ RunTime:0.0002s ]
INFO: [ app_end ] --START--
INFO: Run Behavior\ShowPageTraceBehavior [ RunTime:0.001357s ]
INFO: [ app_end ] --END-- [ RunTime:0.001454s ]

[ 2015-07-15T14:22:04+08:00 ] 127.0.0.1 /boad/Home/Index/ajax_act/?act=get_listcount&title_id=4
INFO: [ app_begin ] --START--
INFO: Run Behavior\ReadHtmlCacheBehavior [ RunTime:0.000994s ]
INFO: [ app_begin ] --END-- [ RunTime:0.001504s ]
SQL: SHOW COLUMNS FROM `wp_aite_boadlist` [ RunTime:0.0047s ]
SQL: SELECT count(*) FROM `wp_aite_boadlist` WHERE ( tid=4 ) LIMIT 1   [ RunTime:0.0002s ]
INFO: [ app_end ] --START--
INFO: Run Behavior\ShowPageTraceBehavior [ RunTime:0.001418s ]
INFO: [ app_end ] --END-- [ RunTime:0.001496s ]

[ 2015-07-15T14:22:34+08:00 ] 127.0.0.1 /boad/Home/Index/ajax_act/?act=get_listcount&title_id=4
INFO: [ app_begin ] --START--
INFO: Run Behavior\ReadHtmlCacheBehavior [ RunTime:0.001067s ]
INFO: [ app_begin ] --END-- [ RunTime:0.001644s ]
SQL: SHOW COLUMNS FROM `wp_aite_boadlist` [ RunTime:0.0048s ]
SQL: SELECT count(*) FROM `wp_aite_boadlist` WHERE ( tid=4 ) LIMIT 1   [ RunTime:0.0001s ]
INFO: [ app_end ] --START--
INFO: Run Behavior\ShowPageTraceBehavior [ RunTime:0.001057s ]
INFO: [ app_end ] --END-- [ RunTime:0.001113s ]

[ 2015-07-15T14:23:05+08:00 ] 127.0.0.1 /boad/Home/Index/ajax_act/?act=get_listcount&title_id=4
INFO: [ app_begin ] --START--
INFO: Run Behavior\ReadHtmlCacheBehavior [ RunTime:0.001076s ]
INFO: [ app_begin ] --END-- [ RunTime:0.001699s ]
SQL: SHOW COLUMNS FROM `wp_aite_boadlist` [ RunTime:0.0049s ]
SQL: SELECT count(*) FROM `wp_aite_boadlist` WHERE ( tid=4 ) LIMIT 1   [ RunTime:0.0003s ]
INFO: [ app_end ] --START--
INFO: Run Behavior\ShowPageTraceBehavior [ RunTime:0.001336s ]
INFO: [ app_end ] --END-- [ RunTime:0.001413s ]

[ 2015-07-15T14:23:36+08:00 ] 127.0.0.1 /boad/Home/Index/ajax_act/?act=get_listcount&title_id=4
INFO: [ app_begin ] --START--
INFO: Run Behavior\ReadHtmlCacheBehavior [ RunTime:0.001151s ]
INFO: [ app_begin ] --END-- [ RunTime:0.001731s ]
SQL: SHOW COLUMNS FROM `wp_aite_boadlist` [ RunTime:0.0043s ]
SQL: SELECT count(*) FROM `wp_aite_boadlist` WHERE ( tid=4 ) LIMIT 1   [ RunTime:0.0002s ]
INFO: [ app_end ] --START--
INFO: Run Behavior\ShowPageTraceBehavior [ RunTime:0.001130s ]
INFO: [ app_end ] --END-- [ RunTime:0.001188s ]

[ 2015-07-15T14:24:06+08:00 ] 127.0.0.1 /boad/Home/Index/ajax_act/?act=get_listcount&title_id=4
INFO: [ app_begin ] --START--
INFO: Run Behavior\ReadHtmlCacheBehavior [ RunTime:0.001066s ]
INFO: [ app_begin ] --END-- [ RunTime:0.001574s ]
SQL: SHOW COLUMNS FROM `wp_aite_boadlist` [ RunTime:0.0042s ]
SQL: SELECT count(*) FROM `wp_aite_boadlist` WHERE ( tid=4 ) LIMIT 1   [ RunTime:0.0002s ]
INFO: [ app_end ] --START--
INFO: Run Behavior\ShowPageTraceBehavior [ RunTime:0.001187s ]
INFO: [ app_end ] --END-- [ RunTime:0.001247s ]

[ 2015-07-15T14:24:37+08:00 ] 127.0.0.1 /boad/Home/Index/ajax_act/?act=get_listcount&title_id=4
INFO: [ app_begin ] --START--
INFO: Run Behavior\ReadHtmlCacheBehavior [ RunTime:0.001090s ]
INFO: [ app_begin ] --END-- [ RunTime:0.001727s ]
SQL: SHOW COLUMNS FROM `wp_aite_boadlist` [ RunTime:0.0044s ]
SQL: SELECT count(*) FROM `wp_aite_boadlist` WHERE ( tid=4 ) LIMIT 1   [ RunTime:0.0002s ]
INFO: [ app_end ] --START--
INFO: Run Behavior\ShowPageTraceBehavior [ RunTime:0.001088s ]
INFO: [ app_end ] --END-- [ RunTime:0.001257s ]

[ 2015-07-15T14:25:07+08:00 ] 127.0.0.1 /boad/Home/Index/ajax_act/?act=get_listcount&title_id=4
INFO: [ app_begin ] --START--
INFO: Run Behavior\ReadHtmlCacheBehavior [ RunTime:0.001082s ]
INFO: [ app_begin ] --END-- [ RunTime:0.001717s ]
SQL: SHOW COLUMNS FROM `wp_aite_boadlist` [ RunTime:0.0047s ]
SQL: SELECT count(*) FROM `wp_aite_boadlist` WHERE ( tid=4 ) LIMIT 1   [ RunTime:0.0002s ]
INFO: [ app_end ] --START--
INFO: Run Behavior\ShowPageTraceBehavior [ RunTime:0.001142s ]
INFO: [ app_end ] --END-- [ RunTime:0.001207s ]

[ 2015-07-15T14:25:37+08:00 ] 127.0.0.1 /boad/Home/Index/ajax_act/?act=get_listcount&title_id=4
INFO: [ app_begin ] --START--
INFO: Run Behavior\ReadHtmlCacheBehavior [ RunTime:0.001144s ]
INFO: [ app_begin ] --END-- [ RunTime:0.001711s ]
SQL: SHOW COLUMNS FROM `wp_aite_boadlist` [ RunTime:0.0046s ]
SQL: SELECT count(*) FROM `wp_aite_boadlist` WHERE ( tid=4 ) LIMIT 1   [ RunTime:0.0002s ]
INFO: [ app_end ] --START--
INFO: Run Behavior\ShowPageTraceBehavior [ RunTime:0.001127s ]
INFO: [ app_end ] --END-- [ RunTime:0.001189s ]

[ 2015-07-15T14:26:08+08:00 ] 127.0.0.1 /boad/Home/Index/ajax_act/?act=get_listcount&title_id=4
INFO: [ app_begin ] --START--
INFO: Run Behavior\ReadHtmlCacheBehavior [ RunTime:0.001137s ]
INFO: [ app_begin ] --END-- [ RunTime:0.001721s ]
SQL: SHOW COLUMNS FROM `wp_aite_boadlist` [ RunTime:0.0052s ]
SQL: SELECT count(*) FROM `wp_aite_boadlist` WHERE ( tid=4 ) LIMIT 1   [ RunTime:0.0002s ]
INFO: [ app_end ] --START--
INFO: Run Behavior\ShowPageTraceBehavior [ RunTime:0.001244s ]
INFO: [ app_end ] --END-- [ RunTime:0.001308s ]

[ 2015-07-15T14:26:39+08:00 ] 127.0.0.1 /boad/Home/Index/ajax_act/?act=get_listcount&title_id=4
INFO: [ app_begin ] --START--
INFO: Run Behavior\ReadHtmlCacheBehavior [ RunTime:0.001091s ]
INFO: [ app_begin ] --END-- [ RunTime:0.001664s ]
SQL: SHOW COLUMNS FROM `wp_aite_boadlist` [ RunTime:0.0044s ]
SQL: SELECT count(*) FROM `wp_aite_boadlist` WHERE ( tid=4 ) LIMIT 1   [ RunTime:0.0002s ]
INFO: [ app_end ] --START--
INFO: Run Behavior\ShowPageTraceBehavior [ RunTime:0.001076s ]
INFO: [ app_end ] --END-- [ RunTime:0.001143s ]

[ 2015-07-15T14:27:10+08:00 ] 127.0.0.1 /boad/Home/Index/ajax_act/?act=get_listcount&title_id=4
INFO: [ app_begin ] --START--
INFO: Run Behavior\ReadHtmlCacheBehavior [ RunTime:0.001077s ]
INFO: [ app_begin ] --END-- [ RunTime:0.001654s ]
SQL: SHOW COLUMNS FROM `wp_aite_boadlist` [ RunTime:0.0047s ]
SQL: SELECT count(*) FROM `wp_aite_boadlist` WHERE ( tid=4 ) LIMIT 1   [ RunTime:0.0002s ]
INFO: [ app_end ] --START--
INFO: Run Behavior\ShowPageTraceBehavior [ RunTime:0.001144s ]
INFO: [ app_end ] --END-- [ RunTime:0.001206s ]

[ 2015-07-15T14:27:40+08:00 ] 127.0.0.1 /boad/Home/Index/ajax_act/?act=get_listcount&title_id=4
INFO: [ app_begin ] --START--
INFO: Run Behavior\ReadHtmlCacheBehavior [ RunTime:0.001098s ]
INFO: [ app_begin ] --END-- [ RunTime:0.001672s ]
SQL: SHOW COLUMNS FROM `wp_aite_boadlist` [ RunTime:0.0043s ]
SQL: SELECT count(*) FROM `wp_aite_boadlist` WHERE ( tid=4 ) LIMIT 1   [ RunTime:0.0001s ]
INFO: [ app_end ] --START--
INFO: Run Behavior\ShowPageTraceBehavior [ RunTime:0.001313s ]
INFO: [ app_end ] --END-- [ RunTime:0.001396s ]

[ 2015-07-15T14:28:10+08:00 ] 127.0.0.1 /boad/Home/Index/ajax_act/?act=get_listcount&title_id=4
INFO: [ app_begin ] --START--
INFO: Run Behavior\ReadHtmlCacheBehavior [ RunTime:0.001142s ]
INFO: [ app_begin ] --END-- [ RunTime:0.001747s ]
SQL: SHOW COLUMNS FROM `wp_aite_boadlist` [ RunTime:0.0043s ]
SQL: SELECT count(*) FROM `wp_aite_boadlist` WHERE ( tid=4 ) LIMIT 1   [ RunTime:0.0002s ]
INFO: [ app_end ] --START--
INFO: Run Behavior\ShowPageTraceBehavior [ RunTime:0.001573s ]
INFO: [ app_end ] --END-- [ RunTime:0.001641s ]

[ 2015-07-15T14:28:41+08:00 ] 127.0.0.1 /boad/Home/Index/ajax_act/?act=get_listcount&title_id=4
INFO: [ app_begin ] --START--
INFO: Run Behavior\ReadHtmlCacheBehavior [ RunTime:0.001097s ]
INFO: [ app_begin ] --END-- [ RunTime:0.001744s ]
SQL: SHOW COLUMNS FROM `wp_aite_boadlist` [ RunTime:0.0043s ]
SQL: SELECT count(*) FROM `wp_aite_boadlist` WHERE ( tid=4 ) LIMIT 1   [ RunTime:0.0001s ]
INFO: [ app_end ] --START--
INFO: Run Behavior\ShowPageTraceBehavior [ RunTime:0.001224s ]
INFO: [ app_end ] --END-- [ RunTime:0.001337s ]

[ 2015-07-15T14:29:12+08:00 ] 127.0.0.1 /boad/Home/Index/ajax_act/?act=get_listcount&title_id=4
INFO: [ app_begin ] --START--
INFO: Run Behavior\ReadHtmlCacheBehavior [ RunTime:0.001080s ]
INFO: [ app_begin ] --END-- [ RunTime:0.001666s ]
SQL: SHOW COLUMNS FROM `wp_aite_boadlist` [ RunTime:0.0065s ]
SQL: SELECT count(*) FROM `wp_aite_boadlist` WHERE ( tid=4 ) LIMIT 1   [ RunTime:0.0002s ]
INFO: [ app_end ] --START--
INFO: Run Behavior\ShowPageTraceBehavior [ RunTime:0.001136s ]
INFO: [ app_end ] --END-- [ RunTime:0.001194s ]

[ 2015-07-15T14:29:43+08:00 ] 127.0.0.1 /boad/Home/Index/ajax_act/?act=get_listcount&title_id=4
INFO: [ app_begin ] --START--
INFO: Run Behavior\ReadHtmlCacheBehavior [ RunTime:0.001021s ]
INFO: [ app_begin ] --END-- [ RunTime:0.001643s ]
SQL: SHOW COLUMNS FROM `wp_aite_boadlist` [ RunTime:0.0058s ]
SQL: SELECT count(*) FROM `wp_aite_boadlist` WHERE ( tid=4 ) LIMIT 1   [ RunTime:0.0005s ]
INFO: [ app_end ] --START--
INFO: Run Behavior\ShowPageTraceBehavior [ RunTime:0.001200s ]
INFO: [ app_end ] --END-- [ RunTime:0.001267s ]

[ 2015-07-15T14:30:14+08:00 ] 127.0.0.1 /boad/Home/Index/ajax_act/?act=get_listcount&title_id=4
INFO: [ app_begin ] --START--
INFO: Run Behavior\ReadHtmlCacheBehavior [ RunTime:0.001000s ]
INFO: [ app_begin ] --END-- [ RunTime:0.001514s ]
SQL: SHOW COLUMNS FROM `wp_aite_boadlist` [ RunTime:0.0045s ]
SQL: SELECT count(*) FROM `wp_aite_boadlist` WHERE ( tid=4 ) LIMIT 1   [ RunTime:0.0002s ]
INFO: [ app_end ] --START--
INFO: Run Behavior\ShowPageTraceBehavior [ RunTime:0.001355s ]
INFO: [ app_end ] --END-- [ RunTime:0.001417s ]

[ 2015-07-15T14:30:45+08:00 ] 127.0.0.1 /boad/Home/Index/ajax_act/?act=get_listcount&title_id=4
INFO: [ app_begin ] --START--
INFO: Run Behavior\ReadHtmlCacheBehavior [ RunTime:0.001069s ]
INFO: [ app_begin ] --END-- [ RunTime:0.001638s ]
SQL: SHOW COLUMNS FROM `wp_aite_boadlist` [ RunTime:0.0044s ]
SQL: SELECT count(*) FROM `wp_aite_boadlist` WHERE ( tid=4 ) LIMIT 1   [ RunTime:0.0002s ]
INFO: [ app_end ] --START--
INFO: Run Behavior\ShowPageTraceBehavior [ RunTime:0.001050s ]
INFO: [ app_end ] --END-- [ RunTime:0.001107s ]

[ 2015-07-15T14:31:16+08:00 ] 127.0.0.1 /boad/Home/Index/ajax_act/?act=get_listcount&title_id=4
INFO: [ app_begin ] --START--
INFO: Run Behavior\ReadHtmlCacheBehavior [ RunTime:0.001067s ]
INFO: [ app_begin ] --END-- [ RunTime:0.001641s ]
SQL: SHOW COLUMNS FROM `wp_aite_boadlist` [ RunTime:0.0043s ]
SQL: SELECT count(*) FROM `wp_aite_boadlist` WHERE ( tid=4 ) LIMIT 1   [ RunTime:0.0002s ]
INFO: [ app_end ] --START--
INFO: Run Behavior\ShowPageTraceBehavior [ RunTime:0.001139s ]
INFO: [ app_end ] --END-- [ RunTime:0.001195s ]

[ 2015-07-15T14:31:47+08:00 ] 127.0.0.1 /boad/Home/Index/ajax_act/?act=get_listcount&title_id=4
INFO: [ app_begin ] --START--
INFO: Run Behavior\ReadHtmlCacheBehavior [ RunTime:0.000988s ]
INFO: [ app_begin ] --END-- [ RunTime:0.001492s ]
SQL: SHOW COLUMNS FROM `wp_aite_boadlist` [ RunTime:0.0046s ]
SQL: SELECT count(*) FROM `wp_aite_boadlist` WHERE ( tid=4 ) LIMIT 1   [ RunTime:0.0002s ]
INFO: [ app_end ] --START--
INFO: Run Behavior\ShowPageTraceBehavior [ RunTime:0.001124s ]
INFO: [ app_end ] --END-- [ RunTime:0.001182s ]

[ 2015-07-15T14:32:18+08:00 ] 127.0.0.1 /boad/Home/Index/ajax_act/?act=get_listcount&title_id=4
INFO: [ app_begin ] --START--
INFO: Run Behavior\ReadHtmlCacheBehavior [ RunTime:0.001133s ]
INFO: [ app_begin ] --END-- [ RunTime:0.001705s ]
SQL: SHOW COLUMNS FROM `wp_aite_boadlist` [ RunTime:0.0043s ]
SQL: SELECT count(*) FROM `wp_aite_boadlist` WHERE ( tid=4 ) LIMIT 1   [ RunTime:0.0002s ]
INFO: [ app_end ] --START--
INFO: Run Behavior\ShowPageTraceBehavior [ RunTime:0.001124s ]
INFO: [ app_end ] --END-- [ RunTime:0.001180s ]

[ 2015-07-15T14:32:48+08:00 ] 127.0.0.1 /boad/Home/Index/ajax_act/?act=get_listcount&title_id=4
INFO: [ app_begin ] --START--
INFO: Run Behavior\ReadHtmlCacheBehavior [ RunTime:0.001067s ]
INFO: [ app_begin ] --END-- [ RunTime:0.001635s ]
SQL: SHOW COLUMNS FROM `wp_aite_boadlist` [ RunTime:0.0043s ]
SQL: SELECT count(*) FROM `wp_aite_boadlist` WHERE ( tid=4 ) LIMIT 1   [ RunTime:0.0002s ]
INFO: [ app_end ] --START--
INFO: Run Behavior\ShowPageTraceBehavior [ RunTime:0.001054s ]
INFO: [ app_end ] --END-- [ RunTime:0.001110s ]

[ 2015-07-15T14:33:19+08:00 ] 127.0.0.1 /boad/Home/Index/ajax_act/?act=get_listcount&title_id=4
INFO: [ app_begin ] --START--
INFO: Run Behavior\ReadHtmlCacheBehavior [ RunTime:0.001065s ]
INFO: [ app_begin ] --END-- [ RunTime:0.001641s ]
SQL: SHOW COLUMNS FROM `wp_aite_boadlist` [ RunTime:0.0050s ]
SQL: SELECT count(*) FROM `wp_aite_boadlist` WHERE ( tid=4 ) LIMIT 1   [ RunTime:0.0002s ]
INFO: [ app_end ] --START--
INFO: Run Behavior\ShowPageTraceBehavior [ RunTime:0.001255s ]
INFO: [ app_end ] --END-- [ RunTime:0.001320s ]

[ 2015-07-15T14:33:50+08:00 ] 127.0.0.1 /boad/Home/Index/ajax_act/?act=get_listcount&title_id=4
INFO: [ app_begin ] --START--
INFO: Run Behavior\ReadHtmlCacheBehavior [ RunTime:0.000986s ]
INFO: [ app_begin ] --END-- [ RunTime:0.001484s ]
SQL: SHOW COLUMNS FROM `wp_aite_boadlist` [ RunTime:0.0043s ]
SQL: SELECT count(*) FROM `wp_aite_boadlist` WHERE ( tid=4 ) LIMIT 1   [ RunTime:0.0002s ]
INFO: [ app_end ] --START--
INFO: Run Behavior\ShowPageTraceBehavior [ RunTime:0.001117s ]
INFO: [ app_end ] --END-- [ RunTime:0.001173s ]

[ 2015-07-15T14:34:21+08:00 ] 127.0.0.1 /boad/Home/Index/ajax_act/?act=get_listcount&title_id=4
INFO: [ app_begin ] --START--
INFO: Run Behavior\ReadHtmlCacheBehavior [ RunTime:0.001202s ]
INFO: [ app_begin ] --END-- [ RunTime:0.001800s ]
SQL: SHOW COLUMNS FROM `wp_aite_boadlist` [ RunTime:0.0044s ]
SQL: SELECT count(*) FROM `wp_aite_boadlist` WHERE ( tid=4 ) LIMIT 1   [ RunTime:0.0002s ]
INFO: [ app_end ] --START--
INFO: Run Behavior\ShowPageTraceBehavior [ RunTime:0.001170s ]
INFO: [ app_end ] --END-- [ RunTime:0.001228s ]

[ 2015-07-15T14:34:51+08:00 ] 127.0.0.1 /boad/Home/Index/ajax_act/?act=get_listcount&title_id=4
INFO: [ app_begin ] --START--
INFO: Run Behavior\ReadHtmlCacheBehavior [ RunTime:0.000940s ]
INFO: [ app_begin ] --END-- [ RunTime:0.001481s ]
SQL: SHOW COLUMNS FROM `wp_aite_boadlist` [ RunTime:0.0068s ]
SQL: SELECT count(*) FROM `wp_aite_boadlist` WHERE ( tid=4 ) LIMIT 1   [ RunTime:0.0003s ]
INFO: [ app_end ] --START--
INFO: Run Behavior\ShowPageTraceBehavior [ RunTime:0.001423s ]
INFO: [ app_end ] --END-- [ RunTime:0.001509s ]

[ 2015-07-15T14:35:21+08:00 ] 127.0.0.1 /boad/Home/Index/ajax_act/?act=get_listcount&title_id=4
INFO: [ app_begin ] --START--
INFO: Run Behavior\ReadHtmlCacheBehavior [ RunTime:0.000928s ]
INFO: [ app_begin ] --END-- [ RunTime:0.001445s ]
SQL: SHOW COLUMNS FROM `wp_aite_boadlist` [ RunTime:0.0043s ]
SQL: SELECT count(*) FROM `wp_aite_boadlist` WHERE ( tid=4 ) LIMIT 1   [ RunTime:0.0002s ]
INFO: [ app_end ] --START--
INFO: Run Behavior\ShowPageTraceBehavior [ RunTime:0.001141s ]
INFO: [ app_end ] --END-- [ RunTime:0.001198s ]

[ 2015-07-15T14:35:52+08:00 ] 127.0.0.1 /boad/Home/Index/ajax_act/?act=get_listcount&title_id=4
INFO: [ app_begin ] --START--
INFO: Run Behavior\ReadHtmlCacheBehavior [ RunTime:0.001128s ]
INFO: [ app_begin ] --END-- [ RunTime:0.001705s ]
SQL: SHOW COLUMNS FROM `wp_aite_boadlist` [ RunTime:0.0154s ]
SQL: SELECT count(*) FROM `wp_aite_boadlist` WHERE ( tid=4 ) LIMIT 1   [ RunTime:0.0001s ]
INFO: [ app_end ] --START--
INFO: Run Behavior\ShowPageTraceBehavior [ RunTime:0.001079s ]
INFO: [ app_end ] --END-- [ RunTime:0.001137s ]

[ 2015-07-15T14:36:23+08:00 ] 127.0.0.1 /boad/Home/Index/ajax_act/?act=get_listcount&title_id=4
INFO: [ app_begin ] --START--
INFO: Run Behavior\ReadHtmlCacheBehavior [ RunTime:0.001267s ]
INFO: [ app_begin ] --END-- [ RunTime:0.001966s ]
SQL: SHOW COLUMNS FROM `wp_aite_boadlist` [ RunTime:0.0046s ]
SQL: SELECT count(*) FROM `wp_aite_boadlist` WHERE ( tid=4 ) LIMIT 1   [ RunTime:0.0002s ]
INFO: [ app_end ] --START--
INFO: Run Behavior\ShowPageTraceBehavior [ RunTime:0.001158s ]
INFO: [ app_end ] --END-- [ RunTime:0.001214s ]

[ 2015-07-15T14:36:53+08:00 ] 127.0.0.1 /boad/Home/Index/ajax_act/?act=get_listcount&title_id=4
INFO: [ app_begin ] --START--
INFO: Run Behavior\ReadHtmlCacheBehavior [ RunTime:0.001063s ]
INFO: [ app_begin ] --END-- [ RunTime:0.001633s ]
SQL: SHOW COLUMNS FROM `wp_aite_boadlist` [ RunTime:0.0049s ]
SQL: SELECT count(*) FROM `wp_aite_boadlist` WHERE ( tid=4 ) LIMIT 1   [ RunTime:0.0001s ]
INFO: [ app_end ] --START--
INFO: Run Behavior\ShowPageTraceBehavior [ RunTime:0.001395s ]
INFO: [ app_end ] --END-- [ RunTime:0.001476s ]

[ 2015-07-15T14:37:24+08:00 ] 127.0.0.1 /boad/Home/Index/ajax_act/?act=get_listcount&title_id=4
INFO: [ app_begin ] --START--
INFO: Run Behavior\ReadHtmlCacheBehavior [ RunTime:0.001074s ]
INFO: [ app_begin ] --END-- [ RunTime:0.001646s ]
SQL: SHOW COLUMNS FROM `wp_aite_boadlist` [ RunTime:0.0044s ]
SQL: SELECT count(*) FROM `wp_aite_boadlist` WHERE ( tid=4 ) LIMIT 1   [ RunTime:0.0002s ]
INFO: [ app_end ] --START--
INFO: Run Behavior\ShowPageTraceBehavior [ RunTime:0.001136s ]
INFO: [ app_end ] --END-- [ RunTime:0.001192s ]

[ 2015-07-15T14:37:55+08:00 ] 127.0.0.1 /boad/Home/Index/ajax_act/?act=get_listcount&title_id=4
INFO: [ app_begin ] --START--
INFO: Run Behavior\ReadHtmlCacheBehavior [ RunTime:0.001137s ]
INFO: [ app_begin ] --END-- [ RunTime:0.001713s ]
SQL: SHOW COLUMNS FROM `wp_aite_boadlist` [ RunTime:0.0045s ]
SQL: SELECT count(*) FROM `wp_aite_boadlist` WHERE ( tid=4 ) LIMIT 1   [ RunTime:0.0002s ]
INFO: [ app_end ] --START--
INFO: Run Behavior\ShowPageTraceBehavior [ RunTime:0.001103s ]
INFO: [ app_end ] --END-- [ RunTime:0.001160s ]

[ 2015-07-15T14:38:25+08:00 ] 127.0.0.1 /boad/Home/Index/ajax_act/?act=get_listcount&title_id=4
INFO: [ app_begin ] --START--
INFO: Run Behavior\ReadHtmlCacheBehavior [ RunTime:0.001147s ]
INFO: [ app_begin ] --END-- [ RunTime:0.001746s ]
SQL: SHOW COLUMNS FROM `wp_aite_boadlist` [ RunTime:0.0043s ]
SQL: SELECT count(*) FROM `wp_aite_boadlist` WHERE ( tid=4 ) LIMIT 1   [ RunTime:0.0002s ]
INFO: [ app_end ] --START--
INFO: Run Behavior\ShowPageTraceBehavior [ RunTime:0.001143s ]
INFO: [ app_end ] --END-- [ RunTime:0.001201s ]

[ 2015-07-15T14:38:56+08:00 ] 127.0.0.1 /boad/Home/Index/ajax_act/?act=get_listcount&title_id=4
INFO: [ app_begin ] --START--
INFO: Run Behavior\ReadHtmlCacheBehavior [ RunTime:0.000941s ]
INFO: [ app_begin ] --END-- [ RunTime:0.001463s ]
SQL: SHOW COLUMNS FROM `wp_aite_boadlist` [ RunTime:0.0043s ]
SQL: SELECT count(*) FROM `wp_aite_boadlist` WHERE ( tid=4 ) LIMIT 1   [ RunTime:0.0002s ]
INFO: [ app_end ] --START--
INFO: Run Behavior\ShowPageTraceBehavior [ RunTime:0.001055s ]
INFO: [ app_end ] --END-- [ RunTime:0.001112s ]

[ 2015-07-15T14:39:27+08:00 ] 127.0.0.1 /boad/Home/Index/ajax_act/?act=get_listcount&title_id=4
INFO: [ app_begin ] --START--
INFO: Run Behavior\ReadHtmlCacheBehavior [ RunTime:0.001070s ]
INFO: [ app_begin ] --END-- [ RunTime:0.001655s ]
SQL: SHOW COLUMNS FROM `wp_aite_boadlist` [ RunTime:0.0044s ]
SQL: SELECT count(*) FROM `wp_aite_boadlist` WHERE ( tid=4 ) LIMIT 1   [ RunTime:0.0002s ]
INFO: [ app_end ] --START--
INFO: Run Behavior\ShowPageTraceBehavior [ RunTime:0.001122s ]
INFO: [ app_end ] --END-- [ RunTime:0.001178s ]

[ 2015-07-15T14:39:57+08:00 ] 127.0.0.1 /boad/Home/Index/ajax_act/?act=get_listcount&title_id=4
INFO: [ app_begin ] --START--
INFO: Run Behavior\ReadHtmlCacheBehavior [ RunTime:0.000995s ]
INFO: [ app_begin ] --END-- [ RunTime:0.001499s ]
SQL: SHOW COLUMNS FROM `wp_aite_boadlist` [ RunTime:0.0044s ]
SQL: SELECT count(*) FROM `wp_aite_boadlist` WHERE ( tid=4 ) LIMIT 1   [ RunTime:0.0002s ]
INFO: [ app_end ] --START--
INFO: Run Behavior\ShowPageTraceBehavior [ RunTime:0.001111s ]
INFO: [ app_end ] --END-- [ RunTime:0.001167s ]

[ 2015-07-15T14:40:28+08:00 ] 127.0.0.1 /boad/Home/Index/ajax_act/?act=get_listcount&title_id=4
INFO: [ app_begin ] --START--
INFO: Run Behavior\ReadHtmlCacheBehavior [ RunTime:0.001140s ]
INFO: [ app_begin ] --END-- [ RunTime:0.001707s ]
SQL: SHOW COLUMNS FROM `wp_aite_boadlist` [ RunTime:0.0044s ]
SQL: SELECT count(*) FROM `wp_aite_boadlist` WHERE ( tid=4 ) LIMIT 1   [ RunTime:0.0002s ]
INFO: [ app_end ] --START--
INFO: Run Behavior\ShowPageTraceBehavior [ RunTime:0.001123s ]
INFO: [ app_end ] --END-- [ RunTime:0.001179s ]

[ 2015-07-15T14:40:59+08:00 ] 127.0.0.1 /boad/Home/Index/ajax_act/?act=get_listcount&title_id=4
INFO: [ app_begin ] --START--
INFO: Run Behavior\ReadHtmlCacheBehavior [ RunTime:0.001073s ]
INFO: [ app_begin ] --END-- [ RunTime:0.001644s ]
SQL: SHOW COLUMNS FROM `wp_aite_boadlist` [ RunTime:0.0048s ]
SQL: SELECT count(*) FROM `wp_aite_boadlist` WHERE ( tid=4 ) LIMIT 1   [ RunTime:0.0002s ]
INFO: [ app_end ] --START--
INFO: Run Behavior\ShowPageTraceBehavior [ RunTime:0.001052s ]
INFO: [ app_end ] --END-- [ RunTime:0.001110s ]

[ 2015-07-15T14:41:30+08:00 ] 127.0.0.1 /boad/Home/Index/ajax_act/?act=get_listcount&title_id=4
INFO: [ app_begin ] --START--
INFO: Run Behavior\ReadHtmlCacheBehavior [ RunTime:0.001077s ]
INFO: [ app_begin ] --END-- [ RunTime:0.001656s ]
SQL: SHOW COLUMNS FROM `wp_aite_boadlist` [ RunTime:0.0045s ]
SQL: SELECT count(*) FROM `wp_aite_boadlist` WHERE ( tid=4 ) LIMIT 1   [ RunTime:0.0002s ]
INFO: [ app_end ] --START--
INFO: Run Behavior\ShowPageTraceBehavior [ RunTime:0.001289s ]
INFO: [ app_end ] --END-- [ RunTime:0.001365s ]

[ 2015-07-15T14:42:01+08:00 ] 127.0.0.1 /boad/Home/Index/ajax_act/?act=get_listcount&title_id=4
INFO: [ app_begin ] --START--
INFO: Run Behavior\ReadHtmlCacheBehavior [ RunTime:0.000991s ]
INFO: [ app_begin ] --END-- [ RunTime:0.001501s ]
SQL: SHOW COLUMNS FROM `wp_aite_boadlist` [ RunTime:0.0045s ]
SQL: SELECT count(*) FROM `wp_aite_boadlist` WHERE ( tid=4 ) LIMIT 1   [ RunTime:0.0002s ]
INFO: [ app_end ] --START--
INFO: Run Behavior\ShowPageTraceBehavior [ RunTime:0.001257s ]
INFO: [ app_end ] --END-- [ RunTime:0.001332s ]

[ 2015-07-15T14:42:32+08:00 ] 127.0.0.1 /boad/Home/Index/ajax_act/?act=get_listcount&title_id=4
INFO: [ app_begin ] --START--
INFO: Run Behavior\ReadHtmlCacheBehavior [ RunTime:0.000984s ]
INFO: [ app_begin ] --END-- [ RunTime:0.001484s ]
SQL: SHOW COLUMNS FROM `wp_aite_boadlist` [ RunTime:0.0045s ]
SQL: SELECT count(*) FROM `wp_aite_boadlist` WHERE ( tid=4 ) LIMIT 1   [ RunTime:0.0002s ]
INFO: [ app_end ] --START--
INFO: Run Behavior\ShowPageTraceBehavior [ RunTime:0.001148s ]
INFO: [ app_end ] --END-- [ RunTime:0.001206s ]

[ 2015-07-15T14:43:03+08:00 ] 127.0.0.1 /boad/Home/Index/ajax_act/?act=get_listcount&title_id=4
INFO: [ app_begin ] --START--
INFO: Run Behavior\ReadHtmlCacheBehavior [ RunTime:0.001094s ]
INFO: [ app_begin ] --END-- [ RunTime:0.001779s ]
SQL: SHOW COLUMNS FROM `wp_aite_boadlist` [ RunTime:0.0048s ]
SQL: SELECT count(*) FROM `wp_aite_boadlist` WHERE ( tid=4 ) LIMIT 1   [ RunTime:0.0002s ]
INFO: [ app_end ] --START--
INFO: Run Behavior\ShowPageTraceBehavior [ RunTime:0.001162s ]
INFO: [ app_end ] --END-- [ RunTime:0.001227s ]

[ 2015-07-15T14:43:33+08:00 ] 127.0.0.1 /boad/Home/Index/ajax_act/?act=get_listcount&title_id=4
INFO: [ app_begin ] --START--
INFO: Run Behavior\ReadHtmlCacheBehavior [ RunTime:0.000946s ]
INFO: [ app_begin ] --END-- [ RunTime:0.001515s ]
SQL: SHOW COLUMNS FROM `wp_aite_boadlist` [ RunTime:0.0196s ]
SQL: SELECT count(*) FROM `wp_aite_boadlist` WHERE ( tid=4 ) LIMIT 1   [ RunTime:0.0002s ]
INFO: [ app_end ] --START--
INFO: Run Behavior\ShowPageTraceBehavior [ RunTime:0.001133s ]
INFO: [ app_end ] --END-- [ RunTime:0.001189s ]

[ 2015-07-15T14:44:04+08:00 ] 127.0.0.1 /boad/Home/Index/ajax_act/?act=get_listcount&title_id=4
INFO: [ app_begin ] --START--
INFO: Run Behavior\ReadHtmlCacheBehavior [ RunTime:0.001161s ]
INFO: [ app_begin ] --END-- [ RunTime:0.001818s ]
SQL: SHOW COLUMNS FROM `wp_aite_boadlist` [ RunTime:0.0044s ]
SQL: SELECT count(*) FROM `wp_aite_boadlist` WHERE ( tid=4 ) LIMIT 1   [ RunTime:0.0002s ]
INFO: [ app_end ] --START--
INFO: Run Behavior\ShowPageTraceBehavior [ RunTime:0.001113s ]
INFO: [ app_end ] --END-- [ RunTime:0.001169s ]

[ 2015-07-15T14:44:35+08:00 ] 127.0.0.1 /boad/Home/Index/ajax_act/?act=get_listcount&title_id=4
INFO: [ app_begin ] --START--
INFO: Run Behavior\ReadHtmlCacheBehavior [ RunTime:0.000987s ]
INFO: [ app_begin ] --END-- [ RunTime:0.001486s ]
SQL: SHOW COLUMNS FROM `wp_aite_boadlist` [ RunTime:0.0044s ]
SQL: SELECT count(*) FROM `wp_aite_boadlist` WHERE ( tid=4 ) LIMIT 1   [ RunTime:0.0002s ]
INFO: [ app_end ] --START--
INFO: Run Behavior\ShowPageTraceBehavior [ RunTime:0.001318s ]
INFO: [ app_end ] --END-- [ RunTime:0.001394s ]

[ 2015-07-15T14:45:06+08:00 ] 127.0.0.1 /boad/Home/Index/ajax_act/?act=get_listcount&title_id=4
INFO: [ app_begin ] --START--
INFO: Run Behavior\ReadHtmlCacheBehavior [ RunTime:0.001077s ]
INFO: [ app_begin ] --END-- [ RunTime:0.001677s ]
SQL: SHOW COLUMNS FROM `wp_aite_boadlist` [ RunTime:0.0047s ]
SQL: SELECT count(*) FROM `wp_aite_boadlist` WHERE ( tid=4 ) LIMIT 1   [ RunTime:0.0002s ]
INFO: [ app_end ] --START--
INFO: Run Behavior\ShowPageTraceBehavior [ RunTime:0.001180s ]
INFO: [ app_end ] --END-- [ RunTime:0.001247s ]

[ 2015-07-15T14:45:37+08:00 ] 127.0.0.1 /boad/Home/Index/ajax_act/?act=get_listcount&title_id=4
INFO: [ app_begin ] --START--
INFO: Run Behavior\ReadHtmlCacheBehavior [ RunTime:0.001071s ]
INFO: [ app_begin ] --END-- [ RunTime:0.001639s ]
SQL: SHOW COLUMNS FROM `wp_aite_boadlist` [ RunTime:0.0043s ]
SQL: SELECT count(*) FROM `wp_aite_boadlist` WHERE ( tid=4 ) LIMIT 1   [ RunTime:0.0002s ]
INFO: [ app_end ] --START--
INFO: Run Behavior\ShowPageTraceBehavior [ RunTime:0.001114s ]
INFO: [ app_end ] --END-- [ RunTime:0.001170s ]

[ 2015-07-15T14:46:07+08:00 ] 127.0.0.1 /boad/Home/Index/ajax_act/?act=get_listcount&title_id=4
INFO: [ app_begin ] --START--
INFO: Run Behavior\ReadHtmlCacheBehavior [ RunTime:0.001135s ]
INFO: [ app_begin ] --END-- [ RunTime:0.001708s ]
SQL: SHOW COLUMNS FROM `wp_aite_boadlist` [ RunTime:0.0044s ]
SQL: SELECT count(*) FROM `wp_aite_boadlist` WHERE ( tid=4 ) LIMIT 1   [ RunTime:0.0002s ]
INFO: [ app_end ] --START--
INFO: Run Behavior\ShowPageTraceBehavior [ RunTime:0.001113s ]
INFO: [ app_end ] --END-- [ RunTime:0.001168s ]

[ 2015-07-15T14:46:44+08:00 ] 127.0.0.1 /boad/Home/Index/ajax_act/
INFO: [ app_begin ] --START--
INFO: Run Behavior\ReadHtmlCacheBehavior [ RunTime:0.001614s ]
INFO: [ app_begin ] --END-- [ RunTime:0.002395s ]
SQL: SHOW COLUMNS FROM `wp_aite_boadlist` [ RunTime:0.0062s ]
SQL: SELECT `id`,`content`,`dig`,`comment_count`,`uptime` FROM `wp_aite_boadlist` WHERE ( tid=4 ) ORDER BY id DESC LIMIT 0,5   [ RunTime:0.0003s ]
INFO: [ app_end ] --START--
INFO: Run Behavior\ShowPageTraceBehavior [ RunTime:0.001151s ]
INFO: [ app_end ] --END-- [ RunTime:0.001225s ]

[ 2015-07-15T14:46:52+08:00 ] 127.0.0.1 /boad/Home/Index/ajax_act/
INFO: [ app_begin ] --START--
INFO: Run Behavior\ReadHtmlCacheBehavior [ RunTime:0.001260s ]
INFO: [ app_begin ] --END-- [ RunTime:0.001985s ]
SQL: SHOW COLUMNS FROM `wp_aite_boadlist` [ RunTime:0.0055s ]
SQL: SELECT `id`,`content`,`dig`,`comment_count`,`uptime` FROM `wp_aite_boadlist` WHERE ( tid=5 ) ORDER BY id DESC LIMIT 0,5   [ RunTime:0.0207s ]
INFO: [ app_end ] --START--
INFO: Run Behavior\ShowPageTraceBehavior [ RunTime:0.001258s ]
INFO: [ app_end ] --END-- [ RunTime:0.001323s ]

[ 2015-07-15T14:46:57+08:00 ] 127.0.0.1 /boad/Home/Index/ajax_act/
INFO: [ app_begin ] --START--
INFO: Run Behavior\ReadHtmlCacheBehavior [ RunTime:0.013537s ]
INFO: [ app_begin ] --END-- [ RunTime:0.014720s ]
SQL: SHOW COLUMNS FROM `wp_aite_boadlist` [ RunTime:0.0053s ]
SQL: SELECT `id`,`content`,`dig`,`comment_count`,`uptime` FROM `wp_aite_boadlist` WHERE ( tid=5 ) ORDER BY id DESC LIMIT 0,5   [ RunTime:0.0002s ]
INFO: [ app_end ] --START--
INFO: Run Behavior\ShowPageTraceBehavior [ RunTime:0.001119s ]
INFO: [ app_end ] --END-- [ RunTime:0.001179s ]

[ 2015-07-15T14:47:27+08:00 ] 127.0.0.1 /boad/Home/Index/ajax_act/?act=get_listcount&title_id=5
INFO: [ app_begin ] --START--
INFO: Run Behavior\ReadHtmlCacheBehavior [ RunTime:0.001010s ]
INFO: [ app_begin ] --END-- [ RunTime:0.001507s ]
SQL: SHOW COLUMNS FROM `wp_aite_boadlist` [ RunTime:0.0045s ]
SQL: SELECT count(*) FROM `wp_aite_boadlist` WHERE ( tid=5 ) LIMIT 1   [ RunTime:0.0002s ]
INFO: [ app_end ] --START--
INFO: Run Behavior\ShowPageTraceBehavior [ RunTime:0.001123s ]
INFO: [ app_end ] --END-- [ RunTime:0.001178s ]

[ 2015-07-15T14:47:57+08:00 ] 127.0.0.1 /boad/Home/Index/ajax_act/?act=get_listcount&title_id=5
INFO: [ app_begin ] --START--
INFO: Run Behavior\ReadHtmlCacheBehavior [ RunTime:0.000989s ]
INFO: [ app_begin ] --END-- [ RunTime:0.001513s ]
SQL: SHOW COLUMNS FROM `wp_aite_boadlist` [ RunTime:0.0045s ]
SQL: SELECT count(*) FROM `wp_aite_boadlist` WHERE ( tid=5 ) LIMIT 1   [ RunTime:0.0003s ]
INFO: [ app_end ] --START--
INFO: Run Behavior\ShowPageTraceBehavior [ RunTime:0.001100s ]
INFO: [ app_end ] --END-- [ RunTime:0.001158s ]

[ 2015-07-15T14:48:27+08:00 ] 127.0.0.1 /boad/Home/Index/ajax_act/?act=get_listcount&title_id=5
INFO: [ app_begin ] --START--
INFO: Run Behavior\ReadHtmlCacheBehavior [ RunTime:0.000957s ]
INFO: [ app_begin ] --END-- [ RunTime:0.001507s ]
SQL: SHOW COLUMNS FROM `wp_aite_boadlist` [ RunTime:0.0044s ]
SQL: SELECT count(*) FROM `wp_aite_boadlist` WHERE ( tid=5 ) LIMIT 1   [ RunTime:0.0002s ]
INFO: [ app_end ] --START--
INFO: Run Behavior\ShowPageTraceBehavior [ RunTime:0.001078s ]
INFO: [ app_end ] --END-- [ RunTime:0.001137s ]

[ 2015-07-15T14:48:57+08:00 ] 127.0.0.1 /boad/Home/Index/ajax_act/?act=get_listcount&title_id=5
INFO: [ app_begin ] --START--
INFO: Run Behavior\ReadHtmlCacheBehavior [ RunTime:0.000928s ]
INFO: [ app_begin ] --END-- [ RunTime:0.001369s ]
SQL: SHOW COLUMNS FROM `wp_aite_boadlist` [ RunTime:0.0048s ]
SQL: SELECT count(*) FROM `wp_aite_boadlist` WHERE ( tid=5 ) LIMIT 1   [ RunTime:0.0002s ]
INFO: [ app_end ] --START--
INFO: Run Behavior\ShowPageTraceBehavior [ RunTime:0.001047s ]
INFO: [ app_end ] --END-- [ RunTime:0.001103s ]

[ 2015-07-15T14:49:27+08:00 ] 127.0.0.1 /boad/Home/Index/ajax_act/?act=get_listcount&title_id=5
INFO: [ app_begin ] --START--
INFO: Run Behavior\ReadHtmlCacheBehavior [ RunTime:0.000940s ]
INFO: [ app_begin ] --END-- [ RunTime:0.001453s ]
SQL: SHOW COLUMNS FROM `wp_aite_boadlist` [ RunTime:0.0044s ]
SQL: SELECT count(*) FROM `wp_aite_boadlist` WHERE ( tid=5 ) LIMIT 1   [ RunTime:0.0002s ]
INFO: [ app_end ] --START--
INFO: Run Behavior\ShowPageTraceBehavior [ RunTime:0.001078s ]
INFO: [ app_end ] --END-- [ RunTime:0.001135s ]

[ 2015-07-15T14:49:57+08:00 ] 127.0.0.1 /boad/Home/Index/ajax_act/?act=get_listcount&title_id=5
INFO: [ app_begin ] --START--
INFO: Run Behavior\ReadHtmlCacheBehavior [ RunTime:0.000916s ]
INFO: [ app_begin ] --END-- [ RunTime:0.001383s ]
SQL: SHOW COLUMNS FROM `wp_aite_boadlist` [ RunTime:0.0045s ]
SQL: SELECT count(*) FROM `wp_aite_boadlist` WHERE ( tid=5 ) LIMIT 1   [ RunTime:0.0002s ]
INFO: [ app_end ] --START--
INFO: Run Behavior\ShowPageTraceBehavior [ RunTime:0.001077s ]
INFO: [ app_end ] --END-- [ RunTime:0.001148s ]

[ 2015-07-15T14:50:27+08:00 ] 127.0.0.1 /boad/Home/Index/ajax_act/?act=get_listcount&title_id=5
INFO: [ app_begin ] --START--
INFO: Run Behavior\ReadHtmlCacheBehavior [ RunTime:0.001031s ]
INFO: [ app_begin ] --END-- [ RunTime:0.001564s ]
SQL: SHOW COLUMNS FROM `wp_aite_boadlist` [ RunTime:0.0043s ]
SQL: SELECT count(*) FROM `wp_aite_boadlist` WHERE ( tid=5 ) LIMIT 1   [ RunTime:0.0002s ]
INFO: [ app_end ] --START--
INFO: Run Behavior\ShowPageTraceBehavior [ RunTime:0.001134s ]
INFO: [ app_end ] --END-- [ RunTime:0.001191s ]

[ 2015-07-15T14:50:57+08:00 ] 127.0.0.1 /boad/Home/Index/ajax_act/?act=get_listcount&title_id=5
INFO: [ app_begin ] --START--
INFO: Run Behavior\ReadHtmlCacheBehavior [ RunTime:0.000995s ]
INFO: [ app_begin ] --END-- [ RunTime:0.001499s ]
SQL: SHOW COLUMNS FROM `wp_aite_boadlist` [ RunTime:0.0044s ]
SQL: SELECT count(*) FROM `wp_aite_boadlist` WHERE ( tid=5 ) LIMIT 1   [ RunTime:0.0002s ]
INFO: [ app_end ] --START--
INFO: Run Behavior\ShowPageTraceBehavior [ RunTime:0.001111s ]
INFO: [ app_end ] --END-- [ RunTime:0.001168s ]

[ 2015-07-15T14:51:27+08:00 ] 127.0.0.1 /boad/Home/Index/ajax_act/?act=get_listcount&title_id=5
INFO: [ app_begin ] --START--
INFO: Run Behavior\ReadHtmlCacheBehavior [ RunTime:0.000927s ]
INFO: [ app_begin ] --END-- [ RunTime:0.001418s ]
SQL: SHOW COLUMNS FROM `wp_aite_boadlist` [ RunTime:0.0043s ]
SQL: SELECT count(*) FROM `wp_aite_boadlist` WHERE ( tid=5 ) LIMIT 1   [ RunTime:0.0002s ]
INFO: [ app_end ] --START--
INFO: Run Behavior\ShowPageTraceBehavior [ RunTime:0.001070s ]
INFO: [ app_end ] --END-- [ RunTime:0.001128s ]

[ 2015-07-15T14:51:57+08:00 ] 127.0.0.1 /boad/Home/Index/ajax_act/?act=get_listcount&title_id=5
INFO: [ app_begin ] --START--
INFO: Run Behavior\ReadHtmlCacheBehavior [ RunTime:0.000970s ]
INFO: [ app_begin ] --END-- [ RunTime:0.001434s ]
SQL: SHOW COLUMNS FROM `wp_aite_boadlist` [ RunTime:0.0043s ]
SQL: SELECT count(*) FROM `wp_aite_boadlist` WHERE ( tid=5 ) LIMIT 1   [ RunTime:0.0002s ]
INFO: [ app_end ] --START--
INFO: Run Behavior\ShowPageTraceBehavior [ RunTime:0.001052s ]
INFO: [ app_end ] --END-- [ RunTime:0.001107s ]

[ 2015-07-15T14:52:27+08:00 ] 127.0.0.1 /boad/Home/Index/ajax_act/?act=get_listcount&title_id=5
INFO: [ app_begin ] --START--
INFO: Run Behavior\ReadHtmlCacheBehavior [ RunTime:0.000942s ]
INFO: [ app_begin ] --END-- [ RunTime:0.001461s ]
SQL: SHOW COLUMNS FROM `wp_aite_boadlist` [ RunTime:0.0175s ]
SQL: SELECT count(*) FROM `wp_aite_boadlist` WHERE ( tid=5 ) LIMIT 1   [ RunTime:0.0002s ]
INFO: [ app_end ] --START--
INFO: Run Behavior\ShowPageTraceBehavior [ RunTime:0.001105s ]
INFO: [ app_end ] --END-- [ RunTime:0.001188s ]

[ 2015-07-15T14:52:57+08:00 ] 127.0.0.1 /boad/Home/Index/ajax_act/?act=get_listcount&title_id=5
INFO: [ app_begin ] --START--
INFO: Run Behavior\ReadHtmlCacheBehavior [ RunTime:0.000942s ]
INFO: [ app_begin ] --END-- [ RunTime:0.001380s ]
SQL: SHOW COLUMNS FROM `wp_aite_boadlist` [ RunTime:0.0048s ]
SQL: SELECT count(*) FROM `wp_aite_boadlist` WHERE ( tid=5 ) LIMIT 1   [ RunTime:0.0002s ]
INFO: [ app_end ] --START--
INFO: Run Behavior\ShowPageTraceBehavior [ RunTime:0.001049s ]
INFO: [ app_end ] --END-- [ RunTime:0.001104s ]

[ 2015-07-15T14:53:27+08:00 ] 127.0.0.1 /boad/Home/Index/ajax_act/?act=get_listcount&title_id=5
INFO: [ app_begin ] --START--
INFO: Run Behavior\ReadHtmlCacheBehavior [ RunTime:0.000976s ]
INFO: [ app_begin ] --END-- [ RunTime:0.001476s ]
SQL: SHOW COLUMNS FROM `wp_aite_boadlist` [ RunTime:0.0043s ]
SQL: SELECT count(*) FROM `wp_aite_boadlist` WHERE ( tid=5 ) LIMIT 1   [ RunTime:0.0002s ]
INFO: [ app_end ] --START--
INFO: Run Behavior\ShowPageTraceBehavior [ RunTime:0.001101s ]
INFO: [ app_end ] --END-- [ RunTime:0.001158s ]

[ 2015-07-15T14:53:57+08:00 ] 127.0.0.1 /boad/Home/Index/ajax_act/?act=get_listcount&title_id=5
INFO: [ app_begin ] --START--
INFO: Run Behavior\ReadHtmlCacheBehavior [ RunTime:0.001150s ]
INFO: [ app_begin ] --END-- [ RunTime:0.001793s ]
SQL: SHOW COLUMNS FROM `wp_aite_boadlist` [ RunTime:0.0045s ]
SQL: SELECT count(*) FROM `wp_aite_boadlist` WHERE ( tid=5 ) LIMIT 1   [ RunTime:0.0002s ]
INFO: [ app_end ] --START--
INFO: Run Behavior\ShowPageTraceBehavior [ RunTime:0.001132s ]
INFO: [ app_end ] --END-- [ RunTime:0.001187s ]

[ 2015-07-15T14:54:27+08:00 ] 127.0.0.1 /boad/Home/Index/ajax_act/?act=get_listcount&title_id=5
INFO: [ app_begin ] --START--
INFO: Run Behavior\ReadHtmlCacheBehavior [ RunTime:0.000934s ]
INFO: [ app_begin ] --END-- [ RunTime:0.001437s ]
SQL: SHOW COLUMNS FROM `wp_aite_boadlist` [ RunTime:0.0043s ]
SQL: SELECT count(*) FROM `wp_aite_boadlist` WHERE ( tid=5 ) LIMIT 1   [ RunTime:0.0002s ]
INFO: [ app_end ] --START--
INFO: Run Behavior\ShowPageTraceBehavior [ RunTime:0.001074s ]
INFO: [ app_end ] --END-- [ RunTime:0.001130s ]

