[ 2015-07-12T14:45:33+08:00 ] ::1 /boad/Home/Index/ajax_act/
INFO: [ app_begin ] --START--
INFO: Run Behavior\ReadHtmlCacheBehavior [ RunTime:0.001061s ]
INFO: [ app_begin ] --END-- [ RunTime:0.001591s ]
SQL: SHOW COLUMNS FROM `wp_aite_boadlist` [ RunTime:0.0036s ]
SQL: SELECT `id`,`content`,`dig`,`comment_count`,`uptime` FROM `wp_aite_boadlist` WHERE ( tid=3 ) ORDER BY id DESC LIMIT 0,5   [ RunTime:0.0003s ]
INFO: [ app_end ] --START--
INFO: Run Behavior\ShowPageTraceBehavior [ RunTime:0.001112s ]
INFO: [ app_end ] --END-- [ RunTime:0.001189s ]

[ 2015-07-12T14:45:34+08:00 ] ::1 /boad/Home/Index/ajax_act/
INFO: [ app_begin ] --START--
INFO: Run Behavior\ReadHtmlCacheBehavior [ RunTime:0.002357s ]
INFO: [ app_begin ] --END-- [ RunTime:0.003535s ]
SQL: SHOW COLUMNS FROM `wp_aite_boadlist` [ RunTime:0.0034s ]
SQL: SELECT `id`,`content`,`dig`,`comment_count`,`uptime` FROM `wp_aite_boadlist` WHERE ( tid=3 ) ORDER BY id DESC LIMIT 5,5   [ RunTime:0.0003s ]
INFO: [ app_end ] --START--
INFO: Run Behavior\ShowPageTraceBehavior [ RunTime:0.001106s ]
INFO: [ app_end ] --END-- [ RunTime:0.001191s ]

[ 2015-07-12T14:45:34+08:00 ] ::1 /boad/Home/Index/ajax_act/
INFO: [ app_begin ] --START--
INFO: Run Behavior\ReadHtmlCacheBehavior [ RunTime:0.000518s ]
INFO: [ app_begin ] --END-- [ RunTime:0.000858s ]
SQL: SHOW COLUMNS FROM `wp_aite_boadlist` [ RunTime:0.0036s ]
SQL: SELECT `id`,`content`,`dig`,`comment_count`,`uptime` FROM `wp_aite_boadlist` WHERE ( tid=3 ) ORDER BY id DESC LIMIT 10,5   [ RunTime:0.0004s ]
INFO: [ app_end ] --START--
INFO: Run Behavior\ShowPageTraceBehavior [ RunTime:0.000595s ]
INFO: [ app_end ] --END-- [ RunTime:0.000674s ]

[ 2015-07-12T14:46:04+08:00 ] ::1 /boad/Home/Index/ajax_act/?act=get_listcount&title_id=3
INFO: [ app_begin ] --START--
INFO: Run Behavior\ReadHtmlCacheBehavior [ RunTime:0.000624s ]
INFO: [ app_begin ] --END-- [ RunTime:0.001123s ]
SQL: SHOW COLUMNS FROM `wp_aite_boadlist` [ RunTime:0.0036s ]
SQL: SELECT count(*) FROM `wp_aite_boadlist` WHERE ( tid=3 ) LIMIT 1   [ RunTime:0.0002s ]
INFO: [ app_end ] --START--
INFO: Run Behavior\ShowPageTraceBehavior [ RunTime:0.000563s ]
INFO: [ app_end ] --END-- [ RunTime:0.000642s ]

[ 2015-07-12T14:46:34+08:00 ] ::1 /boad/Home/Index/ajax_act/?act=get_listcount&title_id=3
INFO: [ app_begin ] --START--
INFO: Run Behavior\ReadHtmlCacheBehavior [ RunTime:0.000615s ]
INFO: [ app_begin ] --END-- [ RunTime:0.001097s ]
SQL: SHOW COLUMNS FROM `wp_aite_boadlist` [ RunTime:0.0030s ]
SQL: SELECT count(*) FROM `wp_aite_boadlist` WHERE ( tid=3 ) LIMIT 1   [ RunTime:0.0002s ]
INFO: [ app_end ] --START--
INFO: Run Behavior\ShowPageTraceBehavior [ RunTime:0.000471s ]
INFO: [ app_end ] --END-- [ RunTime:0.000557s ]

[ 2015-07-12T14:47:04+08:00 ] ::1 /boad/Home/Index/ajax_act/?act=get_listcount&title_id=3
INFO: [ app_begin ] --START--
INFO: Run Behavior\ReadHtmlCacheBehavior [ RunTime:0.000411s ]
INFO: [ app_begin ] --END-- [ RunTime:0.000730s ]
SQL: SHOW COLUMNS FROM `wp_aite_boadlist` [ RunTime:0.0032s ]
SQL: SELECT count(*) FROM `wp_aite_boadlist` WHERE ( tid=3 ) LIMIT 1   [ RunTime:0.0002s ]
INFO: [ app_end ] --START--
INFO: Run Behavior\ShowPageTraceBehavior [ RunTime:0.000504s ]
INFO: [ app_end ] --END-- [ RunTime:0.000581s ]

[ 2015-07-12T14:47:34+08:00 ] ::1 /boad/Home/Index/ajax_act/?act=get_listcount&title_id=3
INFO: [ app_begin ] --START--
INFO: Run Behavior\ReadHtmlCacheBehavior [ RunTime:0.000379s ]
INFO: [ app_begin ] --END-- [ RunTime:0.000706s ]
SQL: SHOW COLUMNS FROM `wp_aite_boadlist` [ RunTime:0.0106s ]
SQL: SELECT count(*) FROM `wp_aite_boadlist` WHERE ( tid=3 ) LIMIT 1   [ RunTime:0.0002s ]
INFO: [ app_end ] --START--
INFO: Run Behavior\ShowPageTraceBehavior [ RunTime:0.000491s ]
INFO: [ app_end ] --END-- [ RunTime:0.000567s ]

[ 2015-07-12T14:48:05+08:00 ] ::1 /boad/Home/Index/ajax_act/?act=get_listcount&title_id=3
INFO: [ app_begin ] --START--
INFO: Run Behavior\ReadHtmlCacheBehavior [ RunTime:0.000796s ]
INFO: [ app_begin ] --END-- [ RunTime:0.001338s ]
SQL: SHOW COLUMNS FROM `wp_aite_boadlist` [ RunTime:0.0036s ]
SQL: SELECT count(*) FROM `wp_aite_boadlist` WHERE ( tid=3 ) LIMIT 1   [ RunTime:0.0002s ]
INFO: [ app_end ] --START--
INFO: Run Behavior\ShowPageTraceBehavior [ RunTime:0.000592s ]
INFO: [ app_end ] --END-- [ RunTime:0.000668s ]

[ 2015-07-12T14:48:35+08:00 ] ::1 /boad/Home/Index/ajax_act/?act=get_listcount&title_id=3
INFO: [ app_begin ] --START--
INFO: Run Behavior\ReadHtmlCacheBehavior [ RunTime:0.000460s ]
INFO: [ app_begin ] --END-- [ RunTime:0.000828s ]
SQL: SHOW COLUMNS FROM `wp_aite_boadlist` [ RunTime:0.0037s ]
SQL: SELECT count(*) FROM `wp_aite_boadlist` WHERE ( tid=3 ) LIMIT 1   [ RunTime:0.0003s ]
INFO: [ app_end ] --START--
INFO: Run Behavior\ShowPageTraceBehavior [ RunTime:0.000504s ]
INFO: [ app_end ] --END-- [ RunTime:0.000582s ]

[ 2015-07-12T14:49:06+08:00 ] ::1 /boad/Home/Index/ajax_act/?act=get_listcount&title_id=3
INFO: [ app_begin ] --START--
INFO: Run Behavior\ReadHtmlCacheBehavior [ RunTime:0.000632s ]
INFO: [ app_begin ] --END-- [ RunTime:0.001178s ]
SQL: SHOW COLUMNS FROM `wp_aite_boadlist` [ RunTime:0.0039s ]
SQL: SELECT count(*) FROM `wp_aite_boadlist` WHERE ( tid=3 ) LIMIT 1   [ RunTime:0.0003s ]
INFO: [ app_end ] --START--
INFO: Run Behavior\ShowPageTraceBehavior [ RunTime:0.000694s ]
INFO: [ app_end ] --END-- [ RunTime:0.000804s ]

