[ 2015-07-13T22:01:18+08:00 ] ::1 /boad/Admin/Index/ajax_act/?act=get_boadlist&id=3&order=1&page=1&perpage=50
INFO: [ app_begin ] --START--
INFO: Run Behavior\ReadHtmlCacheBehavior [ RunTime:0.002409s ]
INFO: [ app_begin ] --END-- [ RunTime:0.002901s ]
SQL: SHOW COLUMNS FROM `wp_aite_boadlist` [ RunTime:0.0019s ]
SQL: SELECT `id`,`content`,`dig`,`comment_count`,`uptime` FROM `wp_aite_boadlist` WHERE ( tid = 3 ) ORDER BY id DESC LIMIT 0,50   [ RunTime:0.0005s ]
NOTIC: [8] Trying to get property of non-object D:\wamp\www\boad\Boad\Admin\Common\function.php 第 13 行.
NOTIC: [2] Attempt to assign property of non-object D:\wamp\www\boad\Boad\Admin\Common\function.php 第 13 行.
NOTIC: [8] Trying to get property of non-object D:\wamp\www\boad\Boad\Admin\Common\function.php 第 13 行.
NOTIC: [2] Attempt to assign property of non-object D:\wamp\www\boad\Boad\Admin\Common\function.php 第 13 行.
NOTIC: [8] Trying to get property of non-object D:\wamp\www\boad\Boad\Admin\Common\function.php 第 13 行.
NOTIC: [2] Attempt to assign property of non-object D:\wamp\www\boad\Boad\Admin\Common\function.php 第 13 行.
NOTIC: [8] Trying to get property of non-object D:\wamp\www\boad\Boad\Admin\Common\function.php 第 13 行.
NOTIC: [2] Attempt to assign property of non-object D:\wamp\www\boad\Boad\Admin\Common\function.php 第 13 行.
NOTIC: [8] Trying to get property of non-object D:\wamp\www\boad\Boad\Admin\Common\function.php 第 13 行.
NOTIC: [2] Attempt to assign property of non-object D:\wamp\www\boad\Boad\Admin\Common\function.php 第 13 行.
NOTIC: [8] Trying to get property of non-object D:\wamp\www\boad\Boad\Admin\Common\function.php 第 13 行.
NOTIC: [2] Attempt to assign property of non-object D:\wamp\www\boad\Boad\Admin\Common\function.php 第 13 行.
NOTIC: [8] Trying to get property of non-object D:\wamp\www\boad\Boad\Admin\Common\function.php 第 13 行.
NOTIC: [2] Attempt to assign property of non-object D:\wamp\www\boad\Boad\Admin\Common\function.php 第 13 行.
NOTIC: [8] Trying to get property of non-object D:\wamp\www\boad\Boad\Admin\Common\function.php 第 13 行.
NOTIC: [2] Attempt to assign property of non-object D:\wamp\www\boad\Boad\Admin\Common\function.php 第 13 行.
NOTIC: [8] Trying to get property of non-object D:\wamp\www\boad\Boad\Admin\Common\function.php 第 13 行.
NOTIC: [2] Attempt to assign property of non-object D:\wamp\www\boad\Boad\Admin\Common\function.php 第 13 行.
NOTIC: [8] Trying to get property of non-object D:\wamp\www\boad\Boad\Admin\Common\function.php 第 13 行.
NOTIC: [2] Attempt to assign property of non-object D:\wamp\www\boad\Boad\Admin\Common\function.php 第 13 行.
NOTIC: [8] Trying to get property of non-object D:\wamp\www\boad\Boad\Admin\Common\function.php 第 13 行.
NOTIC: [2] Attempt to assign property of non-object D:\wamp\www\boad\Boad\Admin\Common\function.php 第 13 行.
NOTIC: [8] Trying to get property of non-object D:\wamp\www\boad\Boad\Admin\Common\function.php 第 13 行.
NOTIC: [2] Attempt to assign property of non-object D:\wamp\www\boad\Boad\Admin\Common\function.php 第 13 行.
NOTIC: [8] Trying to get property of non-object D:\wamp\www\boad\Boad\Admin\Common\function.php 第 13 行.
NOTIC: [2] Attempt to assign property of non-object D:\wamp\www\boad\Boad\Admin\Common\function.php 第 13 行.
NOTIC: [8] Trying to get property of non-object D:\wamp\www\boad\Boad\Admin\Common\function.php 第 13 行.
NOTIC: [2] Attempt to assign property of non-object D:\wamp\www\boad\Boad\Admin\Common\function.php 第 13 行.
NOTIC: [8] Trying to get property of non-object D:\wamp\www\boad\Boad\Admin\Common\function.php 第 13 行.
NOTIC: [2] Attempt to assign property of non-object D:\wamp\www\boad\Boad\Admin\Common\function.php 第 13 行.
NOTIC: [8] Trying to get property of non-object D:\wamp\www\boad\Boad\Admin\Common\function.php 第 13 行.
NOTIC: [2] Attempt to assign property of non-object D:\wamp\www\boad\Boad\Admin\Common\function.php 第 13 行.
NOTIC: [8] Trying to get property of non-object D:\wamp\www\boad\Boad\Admin\Common\function.php 第 13 行.
NOTIC: [2] Attempt to assign property of non-object D:\wamp\www\boad\Boad\Admin\Common\function.php 第 13 行.
NOTIC: [8] Trying to get property of non-object D:\wamp\www\boad\Boad\Admin\Common\function.php 第 13 行.
NOTIC: [2] Attempt to assign property of non-object D:\wamp\www\boad\Boad\Admin\Common\function.php 第 13 行.
NOTIC: [8] Trying to get property of non-object D:\wamp\www\boad\Boad\Admin\Common\function.php 第 13 行.
NOTIC: [2] Attempt to assign property of non-object D:\wamp\www\boad\Boad\Admin\Common\function.php 第 13 行.
NOTIC: [8] Trying to get property of non-object D:\wamp\www\boad\Boad\Admin\Common\function.php 第 13 行.
NOTIC: [2] Attempt to assign property of non-object D:\wamp\www\boad\Boad\Admin\Common\function.php 第 13 行.
NOTIC: [8] Trying to get property of non-object D:\wamp\www\boad\Boad\Admin\Common\function.php 第 13 行.
NOTIC: [2] Attempt to assign property of non-object D:\wamp\www\boad\Boad\Admin\Common\function.php 第 13 行.
NOTIC: [8] Trying to get property of non-object D:\wamp\www\boad\Boad\Admin\Common\function.php 第 13 行.
NOTIC: [2] Attempt to assign property of non-object D:\wamp\www\boad\Boad\Admin\Common\function.php 第 13 行.
NOTIC: [8] Trying to get property of non-object D:\wamp\www\boad\Boad\Admin\Common\function.php 第 13 行.
NOTIC: [2] Attempt to assign property of non-object D:\wamp\www\boad\Boad\Admin\Common\function.php 第 13 行.
NOTIC: [8] Trying to get property of non-object D:\wamp\www\boad\Boad\Admin\Common\function.php 第 13 行.
NOTIC: [2] Attempt to assign property of non-object D:\wamp\www\boad\Boad\Admin\Common\function.php 第 13 行.
NOTIC: [8] Trying to get property of non-object D:\wamp\www\boad\Boad\Admin\Common\function.php 第 13 行.
NOTIC: [2] Attempt to assign property of non-object D:\wamp\www\boad\Boad\Admin\Common\function.php 第 13 行.
NOTIC: [8] Trying to get property of non-object D:\wamp\www\boad\Boad\Admin\Common\function.php 第 13 行.
NOTIC: [2] Attempt to assign property of non-object D:\wamp\www\boad\Boad\Admin\Common\function.php 第 13 行.
NOTIC: [8] Trying to get property of non-object D:\wamp\www\boad\Boad\Admin\Common\function.php 第 13 行.
NOTIC: [2] Attempt to assign property of non-object D:\wamp\www\boad\Boad\Admin\Common\function.php 第 13 行.
NOTIC: [8] Trying to get property of non-object D:\wamp\www\boad\Boad\Admin\Common\function.php 第 13 行.
NOTIC: [2] Attempt to assign property of non-object D:\wamp\www\boad\Boad\Admin\Common\function.php 第 13 行.
NOTIC: [8] Trying to get property of non-object D:\wamp\www\boad\Boad\Admin\Common\function.php 第 13 行.
NOTIC: [2] Attempt to assign property of non-object D:\wamp\www\boad\Boad\Admin\Common\function.php 第 13 行.
NOTIC: [8] Trying to get property of non-object D:\wamp\www\boad\Boad\Admin\Common\function.php 第 13 行.
NOTIC: [2] Attempt to assign property of non-object D:\wamp\www\boad\Boad\Admin\Common\function.php 第 13 行.
NOTIC: [8] Trying to get property of non-object D:\wamp\www\boad\Boad\Admin\Common\function.php 第 13 行.
NOTIC: [2] Attempt to assign property of non-object D:\wamp\www\boad\Boad\Admin\Common\function.php 第 13 行.
NOTIC: [8] Trying to get property of non-object D:\wamp\www\boad\Boad\Admin\Common\function.php 第 13 行.
NOTIC: [2] Attempt to assign property of non-object D:\wamp\www\boad\Boad\Admin\Common\function.php 第 13 行.
NOTIC: [8] Trying to get property of non-object D:\wamp\www\boad\Boad\Admin\Common\function.php 第 13 行.
NOTIC: [2] Attempt to assign property of non-object D:\wamp\www\boad\Boad\Admin\Common\function.php 第 13 行.
NOTIC: [8] Trying to get property of non-object D:\wamp\www\boad\Boad\Admin\Common\function.php 第 13 行.
NOTIC: [2] Attempt to assign property of non-object D:\wamp\www\boad\Boad\Admin\Common\function.php 第 13 行.
NOTIC: [8] Trying to get property of non-object D:\wamp\www\boad\Boad\Admin\Common\function.php 第 13 行.
NOTIC: [2] Attempt to assign property of non-object D:\wamp\www\boad\Boad\Admin\Common\function.php 第 13 行.
NOTIC: [8] Trying to get property of non-object D:\wamp\www\boad\Boad\Admin\Common\function.php 第 13 行.
NOTIC: [2] Attempt to assign property of non-object D:\wamp\www\boad\Boad\Admin\Common\function.php 第 13 行.
INFO: [ app_end ] --START--
INFO: Run Behavior\ShowPageTraceBehavior [ RunTime:0.001119s ]
INFO: [ app_end ] --END-- [ RunTime:0.001212s ]

