[ 2015-07-15T10:58:00+08:00 ] 127.0.0.1 /boad/Admin/Index/ajax_act/?act=get_boadlist&id=5&order=1&page=1&perpage=50
INFO: [ app_begin ] --START--
INFO: Run Behavior\ReadHtmlCacheBehavior [ RunTime:0.001104s ]
INFO: [ app_begin ] --END-- [ RunTime:0.001623s ]
SQL: SHOW COLUMNS FROM `wp_aite_boadlist` [ RunTime:0.0056s ]
SQL: SELECT `id`,`content`,`dig`,`comment_count`,`uptime` FROM `wp_aite_boadlist` WHERE ( tid = 5 ) ORDER BY id DESC LIMIT 0,50   [ RunTime:0.0173s ]
NOTIC: [8] Trying to get property of non-object E:\www\boad\Boad\Admin\Common\function.php 第 13 行.
NOTIC: [2] Attempt to assign property of non-object E:\www\boad\Boad\Admin\Common\function.php 第 13 行.
NOTIC: [8] Trying to get property of non-object E:\www\boad\Boad\Admin\Common\function.php 第 13 行.
NOTIC: [2] Attempt to assign property of non-object E:\www\boad\Boad\Admin\Common\function.php 第 13 行.
INFO: [ app_end ] --START--
INFO: Run Behavior\ShowPageTraceBehavior [ RunTime:0.001317s ]
INFO: [ app_end ] --END-- [ RunTime:0.001376s ]

[ 2015-07-15T11:24:44+08:00 ] 127.0.0.1 /boad/Admin/Index/ajax_act/?act=get_boadlist&id=5&order=1&page=1&perpage=50
INFO: [ app_begin ] --START--
INFO: Run Behavior\ReadHtmlCacheBehavior [ RunTime:0.001407s ]
INFO: [ app_begin ] --END-- [ RunTime:0.002053s ]
SQL: SHOW COLUMNS FROM `wp_aite_boadlist` [ RunTime:0.0048s ]
SQL: SELECT `id`,`content`,`dig`,`comment_count`,`uptime` FROM `wp_aite_boadlist` WHERE ( tid = 5 ) ORDER BY id DESC LIMIT 0,50   [ RunTime:0.0002s ]
NOTIC: [8] Trying to get property of non-object E:\www\boad\Boad\Admin\Common\function.php 第 13 行.
NOTIC: [2] Attempt to assign property of non-object E:\www\boad\Boad\Admin\Common\function.php 第 13 行.
NOTIC: [8] Trying to get property of non-object E:\www\boad\Boad\Admin\Common\function.php 第 13 行.
NOTIC: [2] Attempt to assign property of non-object E:\www\boad\Boad\Admin\Common\function.php 第 13 行.
INFO: [ app_end ] --START--
INFO: Run Behavior\ShowPageTraceBehavior [ RunTime:0.001439s ]
INFO: [ app_end ] --END-- [ RunTime:0.001510s ]

[ 2015-07-15T11:24:50+08:00 ] 127.0.0.1 /boad/Admin/Index/ajax_act/?act=get_boadlist&id=4&order=1&page=1&perpage=50
INFO: [ app_begin ] --START--
INFO: Run Behavior\ReadHtmlCacheBehavior [ RunTime:0.001101s ]
INFO: [ app_begin ] --END-- [ RunTime:0.001625s ]
SQL: SHOW COLUMNS FROM `wp_aite_boadlist` [ RunTime:0.0073s ]
SQL: SELECT `id`,`content`,`dig`,`comment_count`,`uptime` FROM `wp_aite_boadlist` WHERE ( tid = 4 ) ORDER BY id DESC LIMIT 0,50   [ RunTime:0.0011s ]
NOTIC: [8] Trying to get property of non-object E:\www\boad\Boad\Admin\Common\function.php 第 13 行.
NOTIC: [2] Attempt to assign property of non-object E:\www\boad\Boad\Admin\Common\function.php 第 13 行.
NOTIC: [8] Trying to get property of non-object E:\www\boad\Boad\Admin\Common\function.php 第 13 行.
NOTIC: [2] Attempt to assign property of non-object E:\www\boad\Boad\Admin\Common\function.php 第 13 行.
NOTIC: [8] Trying to get property of non-object E:\www\boad\Boad\Admin\Common\function.php 第 13 行.
NOTIC: [2] Attempt to assign property of non-object E:\www\boad\Boad\Admin\Common\function.php 第 13 行.
NOTIC: [8] Trying to get property of non-object E:\www\boad\Boad\Admin\Common\function.php 第 13 行.
NOTIC: [2] Attempt to assign property of non-object E:\www\boad\Boad\Admin\Common\function.php 第 13 行.
NOTIC: [8] Trying to get property of non-object E:\www\boad\Boad\Admin\Common\function.php 第 13 行.
NOTIC: [2] Attempt to assign property of non-object E:\www\boad\Boad\Admin\Common\function.php 第 13 行.
NOTIC: [8] Trying to get property of non-object E:\www\boad\Boad\Admin\Common\function.php 第 13 行.
NOTIC: [2] Attempt to assign property of non-object E:\www\boad\Boad\Admin\Common\function.php 第 13 行.
NOTIC: [8] Trying to get property of non-object E:\www\boad\Boad\Admin\Common\function.php 第 13 行.
NOTIC: [2] Attempt to assign property of non-object E:\www\boad\Boad\Admin\Common\function.php 第 13 行.
NOTIC: [8] Trying to get property of non-object E:\www\boad\Boad\Admin\Common\function.php 第 13 行.
NOTIC: [2] Attempt to assign property of non-object E:\www\boad\Boad\Admin\Common\function.php 第 13 行.
NOTIC: [8] Trying to get property of non-object E:\www\boad\Boad\Admin\Common\function.php 第 13 行.
NOTIC: [2] Attempt to assign property of non-object E:\www\boad\Boad\Admin\Common\function.php 第 13 行.
NOTIC: [8] Trying to get property of non-object E:\www\boad\Boad\Admin\Common\function.php 第 13 行.
NOTIC: [2] Attempt to assign property of non-object E:\www\boad\Boad\Admin\Common\function.php 第 13 行.
NOTIC: [8] Trying to get property of non-object E:\www\boad\Boad\Admin\Common\function.php 第 13 行.
NOTIC: [2] Attempt to assign property of non-object E:\www\boad\Boad\Admin\Common\function.php 第 13 行.
NOTIC: [8] Trying to get property of non-object E:\www\boad\Boad\Admin\Common\function.php 第 13 行.
NOTIC: [2] Attempt to assign property of non-object E:\www\boad\Boad\Admin\Common\function.php 第 13 行.
NOTIC: [8] Trying to get property of non-object E:\www\boad\Boad\Admin\Common\function.php 第 13 行.
NOTIC: [2] Attempt to assign property of non-object E:\www\boad\Boad\Admin\Common\function.php 第 13 行.
NOTIC: [8] Trying to get property of non-object E:\www\boad\Boad\Admin\Common\function.php 第 13 行.
NOTIC: [2] Attempt to assign property of non-object E:\www\boad\Boad\Admin\Common\function.php 第 13 行.
NOTIC: [8] Trying to get property of non-object E:\www\boad\Boad\Admin\Common\function.php 第 13 行.
NOTIC: [2] Attempt to assign property of non-object E:\www\boad\Boad\Admin\Common\function.php 第 13 行.
INFO: [ app_end ] --START--
INFO: Run Behavior\ShowPageTraceBehavior [ RunTime:0.001866s ]
INFO: [ app_end ] --END-- [ RunTime:0.001947s ]

[ 2015-07-15T11:26:42+08:00 ] 127.0.0.1 /boad/Admin/Index/ajax_act/?act=get_boadlist&id=4&order=1&page=1&perpage=50
INFO: [ app_begin ] --START--
INFO: Run Behavior\ReadHtmlCacheBehavior [ RunTime:0.002360s ]
INFO: [ app_begin ] --END-- [ RunTime:0.003515s ]
SQL: SHOW COLUMNS FROM `wp_aite_boadlist` [ RunTime:0.0054s ]
SQL: SELECT `id`,`content`,`dig`,`comment_count`,`uptime` FROM `wp_aite_boadlist` WHERE ( tid = 4 ) ORDER BY id DESC LIMIT 0,50   [ RunTime:0.0007s ]
NOTIC: [8] Trying to get property of non-object E:\www\boad\Boad\Admin\Common\function.php 第 13 行.
NOTIC: [2] Attempt to assign property of non-object E:\www\boad\Boad\Admin\Common\function.php 第 13 行.
NOTIC: [8] Trying to get property of non-object E:\www\boad\Boad\Admin\Common\function.php 第 13 行.
NOTIC: [2] Attempt to assign property of non-object E:\www\boad\Boad\Admin\Common\function.php 第 13 行.
NOTIC: [8] Trying to get property of non-object E:\www\boad\Boad\Admin\Common\function.php 第 13 行.
NOTIC: [2] Attempt to assign property of non-object E:\www\boad\Boad\Admin\Common\function.php 第 13 行.
NOTIC: [8] Trying to get property of non-object E:\www\boad\Boad\Admin\Common\function.php 第 13 行.
NOTIC: [2] Attempt to assign property of non-object E:\www\boad\Boad\Admin\Common\function.php 第 13 行.
NOTIC: [8] Trying to get property of non-object E:\www\boad\Boad\Admin\Common\function.php 第 13 行.
NOTIC: [2] Attempt to assign property of non-object E:\www\boad\Boad\Admin\Common\function.php 第 13 行.
NOTIC: [8] Trying to get property of non-object E:\www\boad\Boad\Admin\Common\function.php 第 13 行.
NOTIC: [2] Attempt to assign property of non-object E:\www\boad\Boad\Admin\Common\function.php 第 13 行.
NOTIC: [8] Trying to get property of non-object E:\www\boad\Boad\Admin\Common\function.php 第 13 行.
NOTIC: [2] Attempt to assign property of non-object E:\www\boad\Boad\Admin\Common\function.php 第 13 行.
NOTIC: [8] Trying to get property of non-object E:\www\boad\Boad\Admin\Common\function.php 第 13 行.
NOTIC: [2] Attempt to assign property of non-object E:\www\boad\Boad\Admin\Common\function.php 第 13 行.
NOTIC: [8] Trying to get property of non-object E:\www\boad\Boad\Admin\Common\function.php 第 13 行.
NOTIC: [2] Attempt to assign property of non-object E:\www\boad\Boad\Admin\Common\function.php 第 13 行.
NOTIC: [8] Trying to get property of non-object E:\www\boad\Boad\Admin\Common\function.php 第 13 行.
NOTIC: [2] Attempt to assign property of non-object E:\www\boad\Boad\Admin\Common\function.php 第 13 行.
NOTIC: [8] Trying to get property of non-object E:\www\boad\Boad\Admin\Common\function.php 第 13 行.
NOTIC: [2] Attempt to assign property of non-object E:\www\boad\Boad\Admin\Common\function.php 第 13 行.
NOTIC: [8] Trying to get property of non-object E:\www\boad\Boad\Admin\Common\function.php 第 13 行.
NOTIC: [2] Attempt to assign property of non-object E:\www\boad\Boad\Admin\Common\function.php 第 13 行.
NOTIC: [8] Trying to get property of non-object E:\www\boad\Boad\Admin\Common\function.php 第 13 行.
NOTIC: [2] Attempt to assign property of non-object E:\www\boad\Boad\Admin\Common\function.php 第 13 行.
NOTIC: [8] Trying to get property of non-object E:\www\boad\Boad\Admin\Common\function.php 第 13 行.
NOTIC: [2] Attempt to assign property of non-object E:\www\boad\Boad\Admin\Common\function.php 第 13 行.
NOTIC: [8] Trying to get property of non-object E:\www\boad\Boad\Admin\Common\function.php 第 13 行.
NOTIC: [2] Attempt to assign property of non-object E:\www\boad\Boad\Admin\Common\function.php 第 13 行.
INFO: [ app_end ] --START--
INFO: Run Behavior\ShowPageTraceBehavior [ RunTime:0.003683s ]
INFO: [ app_end ] --END-- [ RunTime:0.003814s ]

[ 2015-07-15T11:26:48+08:00 ] 127.0.0.1 /boad/Admin/Index/ajax_act/?act=get_boadlist&id=3&order=1&page=1&perpage=50
INFO: [ app_begin ] --START--
INFO: Run Behavior\ReadHtmlCacheBehavior [ RunTime:0.001235s ]
INFO: [ app_begin ] --END-- [ RunTime:0.001856s ]
SQL: SHOW COLUMNS FROM `wp_aite_boadlist` [ RunTime:0.0051s ]
SQL: SELECT `id`,`content`,`dig`,`comment_count`,`uptime` FROM `wp_aite_boadlist` WHERE ( tid = 3 ) ORDER BY id DESC LIMIT 0,50   [ RunTime:0.0012s ]
NOTIC: [8] Trying to get property of non-object E:\www\boad\Boad\Admin\Common\function.php 第 13 行.
NOTIC: [2] Attempt to assign property of non-object E:\www\boad\Boad\Admin\Common\function.php 第 13 行.
NOTIC: [8] Trying to get property of non-object E:\www\boad\Boad\Admin\Common\function.php 第 13 行.
NOTIC: [2] Attempt to assign property of non-object E:\www\boad\Boad\Admin\Common\function.php 第 13 行.
NOTIC: [8] Trying to get property of non-object E:\www\boad\Boad\Admin\Common\function.php 第 13 行.
NOTIC: [2] Attempt to assign property of non-object E:\www\boad\Boad\Admin\Common\function.php 第 13 行.
NOTIC: [8] Trying to get property of non-object E:\www\boad\Boad\Admin\Common\function.php 第 13 行.
NOTIC: [2] Attempt to assign property of non-object E:\www\boad\Boad\Admin\Common\function.php 第 13 行.
NOTIC: [8] Trying to get property of non-object E:\www\boad\Boad\Admin\Common\function.php 第 13 行.
NOTIC: [2] Attempt to assign property of non-object E:\www\boad\Boad\Admin\Common\function.php 第 13 行.
NOTIC: [8] Trying to get property of non-object E:\www\boad\Boad\Admin\Common\function.php 第 13 行.
NOTIC: [2] Attempt to assign property of non-object E:\www\boad\Boad\Admin\Common\function.php 第 13 行.
NOTIC: [8] Trying to get property of non-object E:\www\boad\Boad\Admin\Common\function.php 第 13 行.
NOTIC: [2] Attempt to assign property of non-object E:\www\boad\Boad\Admin\Common\function.php 第 13 行.
NOTIC: [8] Trying to get property of non-object E:\www\boad\Boad\Admin\Common\function.php 第 13 行.
NOTIC: [2] Attempt to assign property of non-object E:\www\boad\Boad\Admin\Common\function.php 第 13 行.
NOTIC: [8] Trying to get property of non-object E:\www\boad\Boad\Admin\Common\function.php 第 13 行.
NOTIC: [2] Attempt to assign property of non-object E:\www\boad\Boad\Admin\Common\function.php 第 13 行.
NOTIC: [8] Trying to get property of non-object E:\www\boad\Boad\Admin\Common\function.php 第 13 行.
NOTIC: [2] Attempt to assign property of non-object E:\www\boad\Boad\Admin\Common\function.php 第 13 行.
NOTIC: [8] Trying to get property of non-object E:\www\boad\Boad\Admin\Common\function.php 第 13 行.
NOTIC: [2] Attempt to assign property of non-object E:\www\boad\Boad\Admin\Common\function.php 第 13 行.
NOTIC: [8] Trying to get property of non-object E:\www\boad\Boad\Admin\Common\function.php 第 13 行.
NOTIC: [2] Attempt to assign property of non-object E:\www\boad\Boad\Admin\Common\function.php 第 13 行.
NOTIC: [8] Trying to get property of non-object E:\www\boad\Boad\Admin\Common\function.php 第 13 行.
NOTIC: [2] Attempt to assign property of non-object E:\www\boad\Boad\Admin\Common\function.php 第 13 行.
NOTIC: [8] Trying to get property of non-object E:\www\boad\Boad\Admin\Common\function.php 第 13 行.
NOTIC: [2] Attempt to assign property of non-object E:\www\boad\Boad\Admin\Common\function.php 第 13 行.
NOTIC: [8] Trying to get property of non-object E:\www\boad\Boad\Admin\Common\function.php 第 13 行.
NOTIC: [2] Attempt to assign property of non-object E:\www\boad\Boad\Admin\Common\function.php 第 13 行.
NOTIC: [8] Trying to get property of non-object E:\www\boad\Boad\Admin\Common\function.php 第 13 行.
NOTIC: [2] Attempt to assign property of non-object E:\www\boad\Boad\Admin\Common\function.php 第 13 行.
NOTIC: [8] Trying to get property of non-object E:\www\boad\Boad\Admin\Common\function.php 第 13 行.
NOTIC: [2] Attempt to assign property of non-object E:\www\boad\Boad\Admin\Common\function.php 第 13 行.
NOTIC: [8] Trying to get property of non-object E:\www\boad\Boad\Admin\Common\function.php 第 13 行.
NOTIC: [2] Attempt to assign property of non-object E:\www\boad\Boad\Admin\Common\function.php 第 13 行.
NOTIC: [8] Trying to get property of non-object E:\www\boad\Boad\Admin\Common\function.php 第 13 行.
NOTIC: [2] Attempt to assign property of non-object E:\www\boad\Boad\Admin\Common\function.php 第 13 行.
NOTIC: [8] Trying to get property of non-object E:\www\boad\Boad\Admin\Common\function.php 第 13 行.
NOTIC: [2] Attempt to assign property of non-object E:\www\boad\Boad\Admin\Common\function.php 第 13 行.
NOTIC: [8] Trying to get property of non-object E:\www\boad\Boad\Admin\Common\function.php 第 13 行.
NOTIC: [2] Attempt to assign property of non-object E:\www\boad\Boad\Admin\Common\function.php 第 13 行.
NOTIC: [8] Trying to get property of non-object E:\www\boad\Boad\Admin\Common\function.php 第 13 行.
NOTIC: [2] Attempt to assign property of non-object E:\www\boad\Boad\Admin\Common\function.php 第 13 行.
NOTIC: [8] Trying to get property of non-object E:\www\boad\Boad\Admin\Common\function.php 第 13 行.
NOTIC: [2] Attempt to assign property of non-object E:\www\boad\Boad\Admin\Common\function.php 第 13 行.
NOTIC: [8] Trying to get property of non-object E:\www\boad\Boad\Admin\Common\function.php 第 13 行.
NOTIC: [2] Attempt to assign property of non-object E:\www\boad\Boad\Admin\Common\function.php 第 13 行.
NOTIC: [8] Trying to get property of non-object E:\www\boad\Boad\Admin\Common\function.php 第 13 行.
NOTIC: [2] Attempt to assign property of non-object E:\www\boad\Boad\Admin\Common\function.php 第 13 行.
NOTIC: [8] Trying to get property of non-object E:\www\boad\Boad\Admin\Common\function.php 第 13 行.
NOTIC: [2] Attempt to assign property of non-object E:\www\boad\Boad\Admin\Common\function.php 第 13 行.
NOTIC: [8] Trying to get property of non-object E:\www\boad\Boad\Admin\Common\function.php 第 13 行.
NOTIC: [2] Attempt to assign property of non-object E:\www\boad\Boad\Admin\Common\function.php 第 13 行.
NOTIC: [8] Trying to get property of non-object E:\www\boad\Boad\Admin\Common\function.php 第 13 行.
NOTIC: [2] Attempt to assign property of non-object E:\www\boad\Boad\Admin\Common\function.php 第 13 行.
NOTIC: [8] Trying to get property of non-object E:\www\boad\Boad\Admin\Common\function.php 第 13 行.
NOTIC: [2] Attempt to assign property of non-object E:\www\boad\Boad\Admin\Common\function.php 第 13 行.
NOTIC: [8] Trying to get property of non-object E:\www\boad\Boad\Admin\Common\function.php 第 13 行.
NOTIC: [2] Attempt to assign property of non-object E:\www\boad\Boad\Admin\Common\function.php 第 13 行.
NOTIC: [8] Trying to get property of non-object E:\www\boad\Boad\Admin\Common\function.php 第 13 行.
NOTIC: [2] Attempt to assign property of non-object E:\www\boad\Boad\Admin\Common\function.php 第 13 行.
NOTIC: [8] Trying to get property of non-object E:\www\boad\Boad\Admin\Common\function.php 第 13 行.
NOTIC: [2] Attempt to assign property of non-object E:\www\boad\Boad\Admin\Common\function.php 第 13 行.
NOTIC: [8] Trying to get property of non-object E:\www\boad\Boad\Admin\Common\function.php 第 13 行.
NOTIC: [2] Attempt to assign property of non-object E:\www\boad\Boad\Admin\Common\function.php 第 13 行.
NOTIC: [8] Trying to get property of non-object E:\www\boad\Boad\Admin\Common\function.php 第 13 行.
NOTIC: [2] Attempt to assign property of non-object E:\www\boad\Boad\Admin\Common\function.php 第 13 行.
NOTIC: [8] Trying to get property of non-object E:\www\boad\Boad\Admin\Common\function.php 第 13 行.
NOTIC: [2] Attempt to assign property of non-object E:\www\boad\Boad\Admin\Common\function.php 第 13 行.
NOTIC: [8] Trying to get property of non-object E:\www\boad\Boad\Admin\Common\function.php 第 13 行.
NOTIC: [2] Attempt to assign property of non-object E:\www\boad\Boad\Admin\Common\function.php 第 13 行.
NOTIC: [8] Trying to get property of non-object E:\www\boad\Boad\Admin\Common\function.php 第 13 行.
NOTIC: [2] Attempt to assign property of non-object E:\www\boad\Boad\Admin\Common\function.php 第 13 行.
NOTIC: [8] Trying to get property of non-object E:\www\boad\Boad\Admin\Common\function.php 第 13 行.
NOTIC: [2] Attempt to assign property of non-object E:\www\boad\Boad\Admin\Common\function.php 第 13 行.
NOTIC: [8] Trying to get property of non-object E:\www\boad\Boad\Admin\Common\function.php 第 13 行.
NOTIC: [2] Attempt to assign property of non-object E:\www\boad\Boad\Admin\Common\function.php 第 13 行.
NOTIC: [8] Trying to get property of non-object E:\www\boad\Boad\Admin\Common\function.php 第 13 行.
NOTIC: [2] Attempt to assign property of non-object E:\www\boad\Boad\Admin\Common\function.php 第 13 行.
NOTIC: [8] Trying to get property of non-object E:\www\boad\Boad\Admin\Common\function.php 第 13 行.
NOTIC: [2] Attempt to assign property of non-object E:\www\boad\Boad\Admin\Common\function.php 第 13 行.
NOTIC: [8] Trying to get property of non-object E:\www\boad\Boad\Admin\Common\function.php 第 13 行.
NOTIC: [2] Attempt to assign property of non-object E:\www\boad\Boad\Admin\Common\function.php 第 13 行.
NOTIC: [8] Trying to get property of non-object E:\www\boad\Boad\Admin\Common\function.php 第 13 行.
NOTIC: [2] Attempt to assign property of non-object E:\www\boad\Boad\Admin\Common\function.php 第 13 行.
INFO: [ app_end ] --START--
INFO: Run Behavior\ShowPageTraceBehavior [ RunTime:0.001558s ]
INFO: [ app_end ] --END-- [ RunTime:0.001659s ]

[ 2015-07-15T11:26:55+08:00 ] 127.0.0.1 /boad/Admin/Index/ajax_act/?act=get_boadlist&id=5&order=1&page=1&perpage=50
INFO: [ app_begin ] --START--
INFO: Run Behavior\ReadHtmlCacheBehavior [ RunTime:0.001992s ]
INFO: [ app_begin ] --END-- [ RunTime:0.003134s ]
SQL: SHOW COLUMNS FROM `wp_aite_boadlist` [ RunTime:0.0048s ]
SQL: SELECT `id`,`content`,`dig`,`comment_count`,`uptime` FROM `wp_aite_boadlist` WHERE ( tid = 5 ) ORDER BY id DESC LIMIT 0,50   [ RunTime:0.0003s ]
NOTIC: [8] Trying to get property of non-object E:\www\boad\Boad\Admin\Common\function.php 第 13 行.
NOTIC: [2] Attempt to assign property of non-object E:\www\boad\Boad\Admin\Common\function.php 第 13 行.
NOTIC: [8] Trying to get property of non-object E:\www\boad\Boad\Admin\Common\function.php 第 13 行.
NOTIC: [2] Attempt to assign property of non-object E:\www\boad\Boad\Admin\Common\function.php 第 13 行.
INFO: [ app_end ] --START--
INFO: Run Behavior\ShowPageTraceBehavior [ RunTime:0.002371s ]
INFO: [ app_end ] --END-- [ RunTime:0.003064s ]

[ 2015-07-15T11:26:59+08:00 ] 127.0.0.1 /boad/Admin/Index/ajax_act/?act=get_boadlist&id=4&order=1&page=1&perpage=50
INFO: [ app_begin ] --START--
INFO: Run Behavior\ReadHtmlCacheBehavior [ RunTime:0.001075s ]
INFO: [ app_begin ] --END-- [ RunTime:0.001697s ]
SQL: SHOW COLUMNS FROM `wp_aite_boadlist` [ RunTime:0.0063s ]
SQL: SELECT `id`,`content`,`dig`,`comment_count`,`uptime` FROM `wp_aite_boadlist` WHERE ( tid = 4 ) ORDER BY id DESC LIMIT 0,50   [ RunTime:0.0004s ]
NOTIC: [8] Trying to get property of non-object E:\www\boad\Boad\Admin\Common\function.php 第 13 行.
NOTIC: [2] Attempt to assign property of non-object E:\www\boad\Boad\Admin\Common\function.php 第 13 行.
NOTIC: [8] Trying to get property of non-object E:\www\boad\Boad\Admin\Common\function.php 第 13 行.
NOTIC: [2] Attempt to assign property of non-object E:\www\boad\Boad\Admin\Common\function.php 第 13 行.
NOTIC: [8] Trying to get property of non-object E:\www\boad\Boad\Admin\Common\function.php 第 13 行.
NOTIC: [2] Attempt to assign property of non-object E:\www\boad\Boad\Admin\Common\function.php 第 13 行.
NOTIC: [8] Trying to get property of non-object E:\www\boad\Boad\Admin\Common\function.php 第 13 行.
NOTIC: [2] Attempt to assign property of non-object E:\www\boad\Boad\Admin\Common\function.php 第 13 行.
NOTIC: [8] Trying to get property of non-object E:\www\boad\Boad\Admin\Common\function.php 第 13 行.
NOTIC: [2] Attempt to assign property of non-object E:\www\boad\Boad\Admin\Common\function.php 第 13 行.
NOTIC: [8] Trying to get property of non-object E:\www\boad\Boad\Admin\Common\function.php 第 13 行.
NOTIC: [2] Attempt to assign property of non-object E:\www\boad\Boad\Admin\Common\function.php 第 13 行.
NOTIC: [8] Trying to get property of non-object E:\www\boad\Boad\Admin\Common\function.php 第 13 行.
NOTIC: [2] Attempt to assign property of non-object E:\www\boad\Boad\Admin\Common\function.php 第 13 行.
NOTIC: [8] Trying to get property of non-object E:\www\boad\Boad\Admin\Common\function.php 第 13 行.
NOTIC: [2] Attempt to assign property of non-object E:\www\boad\Boad\Admin\Common\function.php 第 13 行.
NOTIC: [8] Trying to get property of non-object E:\www\boad\Boad\Admin\Common\function.php 第 13 行.
NOTIC: [2] Attempt to assign property of non-object E:\www\boad\Boad\Admin\Common\function.php 第 13 行.
NOTIC: [8] Trying to get property of non-object E:\www\boad\Boad\Admin\Common\function.php 第 13 行.
NOTIC: [2] Attempt to assign property of non-object E:\www\boad\Boad\Admin\Common\function.php 第 13 行.
NOTIC: [8] Trying to get property of non-object E:\www\boad\Boad\Admin\Common\function.php 第 13 行.
NOTIC: [2] Attempt to assign property of non-object E:\www\boad\Boad\Admin\Common\function.php 第 13 行.
NOTIC: [8] Trying to get property of non-object E:\www\boad\Boad\Admin\Common\function.php 第 13 行.
NOTIC: [2] Attempt to assign property of non-object E:\www\boad\Boad\Admin\Common\function.php 第 13 行.
NOTIC: [8] Trying to get property of non-object E:\www\boad\Boad\Admin\Common\function.php 第 13 行.
NOTIC: [2] Attempt to assign property of non-object E:\www\boad\Boad\Admin\Common\function.php 第 13 行.
NOTIC: [8] Trying to get property of non-object E:\www\boad\Boad\Admin\Common\function.php 第 13 行.
NOTIC: [2] Attempt to assign property of non-object E:\www\boad\Boad\Admin\Common\function.php 第 13 行.
NOTIC: [8] Trying to get property of non-object E:\www\boad\Boad\Admin\Common\function.php 第 13 行.
NOTIC: [2] Attempt to assign property of non-object E:\www\boad\Boad\Admin\Common\function.php 第 13 行.
INFO: [ app_end ] --START--
INFO: Run Behavior\ShowPageTraceBehavior [ RunTime:0.001624s ]
INFO: [ app_end ] --END-- [ RunTime:0.001752s ]

[ 2015-07-15T11:30:28+08:00 ] 127.0.0.1 /boad/Admin/Index/ajax_act/?act=get_boadlist&id=5&order=1&page=1&perpage=50
INFO: [ app_begin ] --START--
INFO: Run Behavior\ReadHtmlCacheBehavior [ RunTime:0.001130s ]
INFO: [ app_begin ] --END-- [ RunTime:0.001674s ]
SQL: SHOW COLUMNS FROM `wp_aite_boadlist` [ RunTime:0.0063s ]
SQL: SELECT `id`,`content`,`dig`,`comment_count`,`uptime` FROM `wp_aite_boadlist` WHERE ( tid = 5 ) ORDER BY id DESC LIMIT 0,50   [ RunTime:0.0003s ]
NOTIC: [8] Trying to get property of non-object E:\www\boad\Boad\Admin\Common\function.php 第 13 行.
NOTIC: [2] Attempt to assign property of non-object E:\www\boad\Boad\Admin\Common\function.php 第 13 行.
NOTIC: [8] Trying to get property of non-object E:\www\boad\Boad\Admin\Common\function.php 第 13 行.
NOTIC: [2] Attempt to assign property of non-object E:\www\boad\Boad\Admin\Common\function.php 第 13 行.
INFO: [ app_end ] --START--
INFO: Run Behavior\ShowPageTraceBehavior [ RunTime:0.001553s ]
INFO: [ app_end ] --END-- [ RunTime:0.001641s ]

[ 2015-07-15T11:42:24+08:00 ] 127.0.0.1 /boad/Admin/Index/ajax_act/?act=get_boadlist&id=5&order=1&page=1&perpage=50
INFO: [ app_begin ] --START--
INFO: Run Behavior\ReadHtmlCacheBehavior [ RunTime:0.001073s ]
INFO: [ app_begin ] --END-- [ RunTime:0.001772s ]
SQL: SHOW COLUMNS FROM `wp_aite_boadlist` [ RunTime:0.0055s ]
SQL: SELECT `id`,`content`,`dig`,`comment_count`,`uptime` FROM `wp_aite_boadlist` WHERE ( tid = 5 ) ORDER BY id DESC LIMIT 0,50   [ RunTime:0.0006s ]
NOTIC: [8] Trying to get property of non-object E:\www\boad\Boad\Admin\Common\function.php 第 13 行.
NOTIC: [2] Attempt to assign property of non-object E:\www\boad\Boad\Admin\Common\function.php 第 13 行.
NOTIC: [8] Trying to get property of non-object E:\www\boad\Boad\Admin\Common\function.php 第 13 行.
NOTIC: [2] Attempt to assign property of non-object E:\www\boad\Boad\Admin\Common\function.php 第 13 行.
INFO: [ app_end ] --START--
INFO: Run Behavior\ShowPageTraceBehavior [ RunTime:0.002078s ]
INFO: [ app_end ] --END-- [ RunTime:0.002197s ]

[ 2015-07-15T11:46:19+08:00 ] 127.0.0.1 /boad/Admin/Index/ajax_act/?act=get_boadlist&id=5&order=1&page=1&perpage=50
INFO: [ app_begin ] --START--
INFO: Run Behavior\ReadHtmlCacheBehavior [ RunTime:0.001172s ]
INFO: [ app_begin ] --END-- [ RunTime:0.001706s ]
SQL: SHOW COLUMNS FROM `wp_aite_boadlist` [ RunTime:0.0058s ]
SQL: SELECT `id`,`content`,`dig`,`comment_count`,`uptime` FROM `wp_aite_boadlist` WHERE ( tid = 5 ) ORDER BY id DESC LIMIT 0,50   [ RunTime:0.0007s ]
NOTIC: [8] Trying to get property of non-object E:\www\boad\Boad\Admin\Common\function.php 第 13 行.
NOTIC: [2] Attempt to assign property of non-object E:\www\boad\Boad\Admin\Common\function.php 第 13 行.
NOTIC: [8] Trying to get property of non-object E:\www\boad\Boad\Admin\Common\function.php 第 13 行.
NOTIC: [2] Attempt to assign property of non-object E:\www\boad\Boad\Admin\Common\function.php 第 13 行.
INFO: [ app_end ] --START--
INFO: Run Behavior\ShowPageTraceBehavior [ RunTime:0.002548s ]
INFO: [ app_end ] --END-- [ RunTime:0.002672s ]

[ 2015-07-15T11:48:44+08:00 ] 127.0.0.1 /boad/Admin/Index/ajax_act/?act=get_boadlist&id=5&order=1&page=1&perpage=50
INFO: [ app_begin ] --START--
INFO: Run Behavior\ReadHtmlCacheBehavior [ RunTime:0.001303s ]
INFO: [ app_begin ] --END-- [ RunTime:0.001986s ]
SQL: SHOW COLUMNS FROM `wp_aite_boadlist` [ RunTime:0.0047s ]
SQL: SELECT `id`,`content`,`dig`,`comment_count`,`uptime` FROM `wp_aite_boadlist` WHERE ( tid = 5 ) ORDER BY id DESC LIMIT 0,50   [ RunTime:0.0006s ]
NOTIC: [8] Trying to get property of non-object E:\www\boad\Boad\Admin\Common\function.php 第 13 行.
NOTIC: [2] Attempt to assign property of non-object E:\www\boad\Boad\Admin\Common\function.php 第 13 行.
NOTIC: [8] Trying to get property of non-object E:\www\boad\Boad\Admin\Common\function.php 第 13 行.
NOTIC: [2] Attempt to assign property of non-object E:\www\boad\Boad\Admin\Common\function.php 第 13 行.
NOTIC: [8] Trying to get property of non-object E:\www\boad\Boad\Admin\Common\function.php 第 13 行.
NOTIC: [2] Attempt to assign property of non-object E:\www\boad\Boad\Admin\Common\function.php 第 13 行.
INFO: [ app_end ] --START--
INFO: Run Behavior\ShowPageTraceBehavior [ RunTime:0.001399s ]
INFO: [ app_end ] --END-- [ RunTime:0.001469s ]

[ 2015-07-15T11:53:17+08:00 ] 127.0.0.1 /boad/Admin/Index/ajax_act/?act=get_boadlist&id=5&order=1&page=1&perpage=50
INFO: [ app_begin ] --START--
INFO: Run Behavior\ReadHtmlCacheBehavior [ RunTime:0.001179s ]
INFO: [ app_begin ] --END-- [ RunTime:0.002065s ]
SQL: SHOW COLUMNS FROM `wp_aite_boadlist` [ RunTime:0.0067s ]
SQL: SELECT `id`,`content`,`dig`,`comment_count`,`uptime` FROM `wp_aite_boadlist` WHERE ( tid = 5 ) ORDER BY id DESC LIMIT 0,50   [ RunTime:0.0005s ]
NOTIC: [8] Trying to get property of non-object E:\www\boad\Boad\Admin\Common\function.php 第 13 行.
NOTIC: [2] Attempt to assign property of non-object E:\www\boad\Boad\Admin\Common\function.php 第 13 行.
NOTIC: [8] Trying to get property of non-object E:\www\boad\Boad\Admin\Common\function.php 第 13 行.
NOTIC: [2] Attempt to assign property of non-object E:\www\boad\Boad\Admin\Common\function.php 第 13 行.
NOTIC: [8] Trying to get property of non-object E:\www\boad\Boad\Admin\Common\function.php 第 13 行.
NOTIC: [2] Attempt to assign property of non-object E:\www\boad\Boad\Admin\Common\function.php 第 13 行.
INFO: [ app_end ] --START--
INFO: Run Behavior\ShowPageTraceBehavior [ RunTime:0.001394s ]
INFO: [ app_end ] --END-- [ RunTime:0.001470s ]

[ 2015-07-15T11:53:33+08:00 ] 127.0.0.1 /boad/Admin/Index/ajax_act/?act=get_boadlist&id=5&order=1&page=1&perpage=50
INFO: [ app_begin ] --START--
INFO: Run Behavior\ReadHtmlCacheBehavior [ RunTime:0.000943s ]
INFO: [ app_begin ] --END-- [ RunTime:0.001467s ]
SQL: SHOW COLUMNS FROM `wp_aite_boadlist` [ RunTime:0.0048s ]
SQL: SELECT `id`,`content`,`dig`,`comment_count`,`uptime` FROM `wp_aite_boadlist` WHERE ( tid = 5 ) ORDER BY id DESC LIMIT 0,50   [ RunTime:0.0003s ]
NOTIC: [8] Trying to get property of non-object E:\www\boad\Boad\Admin\Common\function.php 第 13 行.
NOTIC: [2] Attempt to assign property of non-object E:\www\boad\Boad\Admin\Common\function.php 第 13 行.
NOTIC: [8] Trying to get property of non-object E:\www\boad\Boad\Admin\Common\function.php 第 13 行.
NOTIC: [2] Attempt to assign property of non-object E:\www\boad\Boad\Admin\Common\function.php 第 13 行.
NOTIC: [8] Trying to get property of non-object E:\www\boad\Boad\Admin\Common\function.php 第 13 行.
NOTIC: [2] Attempt to assign property of non-object E:\www\boad\Boad\Admin\Common\function.php 第 13 行.
INFO: [ app_end ] --START--
INFO: Run Behavior\ShowPageTraceBehavior [ RunTime:0.001205s ]
INFO: [ app_end ] --END-- [ RunTime:0.001287s ]

[ 2015-07-15T11:54:38+08:00 ] 127.0.0.1 /boad/Admin/Index/ajax_act/?act=get_boadlist&id=5&order=1&page=1&perpage=50
INFO: [ app_begin ] --START--
INFO: Run Behavior\ReadHtmlCacheBehavior [ RunTime:0.002145s ]
INFO: [ app_begin ] --END-- [ RunTime:0.002728s ]
SQL: SHOW COLUMNS FROM `wp_aite_boadlist` [ RunTime:0.0046s ]
SQL: SELECT `id`,`content`,`dig`,`comment_count`,`uptime` FROM `wp_aite_boadlist` WHERE ( tid = 5 ) ORDER BY id DESC LIMIT 0,50   [ RunTime:0.0002s ]
NOTIC: [8] Trying to get property of non-object E:\www\boad\Boad\Admin\Common\function.php 第 13 行.
NOTIC: [2] Attempt to assign property of non-object E:\www\boad\Boad\Admin\Common\function.php 第 13 行.
NOTIC: [8] Trying to get property of non-object E:\www\boad\Boad\Admin\Common\function.php 第 13 行.
NOTIC: [2] Attempt to assign property of non-object E:\www\boad\Boad\Admin\Common\function.php 第 13 行.
NOTIC: [8] Trying to get property of non-object E:\www\boad\Boad\Admin\Common\function.php 第 13 行.
NOTIC: [2] Attempt to assign property of non-object E:\www\boad\Boad\Admin\Common\function.php 第 13 行.
INFO: [ app_end ] --START--
INFO: Run Behavior\ShowPageTraceBehavior [ RunTime:0.001139s ]
INFO: [ app_end ] --END-- [ RunTime:0.001200s ]

[ 2015-07-15T11:55:18+08:00 ] 127.0.0.1 /boad/Admin/Index/ajax_act/?act=get_boadlist&id=5&order=1&page=1&perpage=50
INFO: [ app_begin ] --START--
INFO: Run Behavior\ReadHtmlCacheBehavior [ RunTime:0.000934s ]
INFO: [ app_begin ] --END-- [ RunTime:0.001450s ]
SQL: SHOW COLUMNS FROM `wp_aite_boadlist` [ RunTime:0.0071s ]
SQL: SELECT `id`,`content`,`dig`,`comment_count`,`uptime` FROM `wp_aite_boadlist` WHERE ( tid = 5 ) ORDER BY id DESC LIMIT 0,50   [ RunTime:0.0005s ]
NOTIC: [8] Trying to get property of non-object E:\www\boad\Boad\Admin\Common\function.php 第 13 行.
NOTIC: [2] Attempt to assign property of non-object E:\www\boad\Boad\Admin\Common\function.php 第 13 行.
NOTIC: [8] Trying to get property of non-object E:\www\boad\Boad\Admin\Common\function.php 第 13 行.
NOTIC: [2] Attempt to assign property of non-object E:\www\boad\Boad\Admin\Common\function.php 第 13 行.
NOTIC: [8] Trying to get property of non-object E:\www\boad\Boad\Admin\Common\function.php 第 13 行.
NOTIC: [2] Attempt to assign property of non-object E:\www\boad\Boad\Admin\Common\function.php 第 13 行.
INFO: [ app_end ] --START--
INFO: Run Behavior\ShowPageTraceBehavior [ RunTime:0.001215s ]
INFO: [ app_end ] --END-- [ RunTime:0.001289s ]

[ 2015-07-15T11:55:21+08:00 ] 127.0.0.1 /boad/Admin/Index/ajax_act/?act=get_boadlist&id=5&order=1&page=1&perpage=50
INFO: [ app_begin ] --START--
INFO: Run Behavior\ReadHtmlCacheBehavior [ RunTime:0.000972s ]
INFO: [ app_begin ] --END-- [ RunTime:0.001508s ]
SQL: SHOW COLUMNS FROM `wp_aite_boadlist` [ RunTime:0.0044s ]
SQL: SELECT `id`,`content`,`dig`,`comment_count`,`uptime` FROM `wp_aite_boadlist` WHERE ( tid = 5 ) ORDER BY id DESC LIMIT 0,50   [ RunTime:0.0002s ]
NOTIC: [8] Trying to get property of non-object E:\www\boad\Boad\Admin\Common\function.php 第 13 行.
NOTIC: [2] Attempt to assign property of non-object E:\www\boad\Boad\Admin\Common\function.php 第 13 行.
NOTIC: [8] Trying to get property of non-object E:\www\boad\Boad\Admin\Common\function.php 第 13 行.
NOTIC: [2] Attempt to assign property of non-object E:\www\boad\Boad\Admin\Common\function.php 第 13 行.
NOTIC: [8] Trying to get property of non-object E:\www\boad\Boad\Admin\Common\function.php 第 13 行.
NOTIC: [2] Attempt to assign property of non-object E:\www\boad\Boad\Admin\Common\function.php 第 13 行.
INFO: [ app_end ] --START--
INFO: Run Behavior\ShowPageTraceBehavior [ RunTime:0.001335s ]
INFO: [ app_end ] --END-- [ RunTime:0.001441s ]

[ 2015-07-15T13:51:20+08:00 ] 127.0.0.1 /boad/Admin/Index/ajax_act/?act=get_boadlist&id=5&order=1&page=1&perpage=50
INFO: [ app_begin ] --START--
INFO: Run Behavior\ReadHtmlCacheBehavior [ RunTime:0.001116s ]
INFO: [ app_begin ] --END-- [ RunTime:0.001771s ]
SQL: SHOW COLUMNS FROM `wp_aite_boadlist` [ RunTime:0.0054s ]
SQL: SELECT `id`,`content`,`dig`,`comment_count`,`uptime` FROM `wp_aite_boadlist` WHERE ( tid = 5 ) ORDER BY id DESC LIMIT 0,50   [ RunTime:0.0004s ]
NOTIC: [8] Trying to get property of non-object E:\www\boad\Boad\Admin\Common\function.php 第 13 行.
NOTIC: [2] Attempt to assign property of non-object E:\www\boad\Boad\Admin\Common\function.php 第 13 行.
NOTIC: [8] Trying to get property of non-object E:\www\boad\Boad\Admin\Common\function.php 第 13 行.
NOTIC: [2] Attempt to assign property of non-object E:\www\boad\Boad\Admin\Common\function.php 第 13 行.
NOTIC: [8] Trying to get property of non-object E:\www\boad\Boad\Admin\Common\function.php 第 13 行.
NOTIC: [2] Attempt to assign property of non-object E:\www\boad\Boad\Admin\Common\function.php 第 13 行.
INFO: [ app_end ] --START--
INFO: Run Behavior\ShowPageTraceBehavior [ RunTime:0.001246s ]
INFO: [ app_end ] --END-- [ RunTime:0.001307s ]

[ 2015-07-15T13:51:28+08:00 ] 127.0.0.1 /boad/Admin/Index/ajax_act/?act=get_boadlist&id=5&order=1&page=1&perpage=50
INFO: [ app_begin ] --START--
INFO: Run Behavior\ReadHtmlCacheBehavior [ RunTime:0.001780s ]
INFO: [ app_begin ] --END-- [ RunTime:0.002780s ]
SQL: SHOW COLUMNS FROM `wp_aite_boadlist` [ RunTime:0.0047s ]
SQL: SELECT `id`,`content`,`dig`,`comment_count`,`uptime` FROM `wp_aite_boadlist` WHERE ( tid = 5 ) ORDER BY id DESC LIMIT 0,50   [ RunTime:0.0002s ]
NOTIC: [8] Trying to get property of non-object E:\www\boad\Boad\Admin\Common\function.php 第 13 行.
NOTIC: [2] Attempt to assign property of non-object E:\www\boad\Boad\Admin\Common\function.php 第 13 行.
NOTIC: [8] Trying to get property of non-object E:\www\boad\Boad\Admin\Common\function.php 第 13 行.
NOTIC: [2] Attempt to assign property of non-object E:\www\boad\Boad\Admin\Common\function.php 第 13 行.
NOTIC: [8] Trying to get property of non-object E:\www\boad\Boad\Admin\Common\function.php 第 13 行.
NOTIC: [2] Attempt to assign property of non-object E:\www\boad\Boad\Admin\Common\function.php 第 13 行.
INFO: [ app_end ] --START--
INFO: Run Behavior\ShowPageTraceBehavior [ RunTime:0.001493s ]
INFO: [ app_end ] --END-- [ RunTime:0.001569s ]

[ 2015-07-15T13:52:55+08:00 ] 127.0.0.1 /boad/Admin/Index/ajax_act/?act=get_boadlist&id=5&order=1&page=1&perpage=50
INFO: [ app_begin ] --START--
INFO: Run Behavior\ReadHtmlCacheBehavior [ RunTime:0.001400s ]
INFO: [ app_begin ] --END-- [ RunTime:0.002193s ]
SQL: SHOW COLUMNS FROM `wp_aite_boadlist` [ RunTime:0.0064s ]
SQL: SELECT `id`,`content`,`dig`,`comment_count`,`uptime` FROM `wp_aite_boadlist` WHERE ( tid = 5 ) ORDER BY id DESC LIMIT 0,50   [ RunTime:0.0003s ]
NOTIC: [8] Trying to get property of non-object E:\www\boad\Boad\Admin\Common\function.php 第 13 行.
NOTIC: [2] Attempt to assign property of non-object E:\www\boad\Boad\Admin\Common\function.php 第 13 行.
NOTIC: [8] Trying to get property of non-object E:\www\boad\Boad\Admin\Common\function.php 第 13 行.
NOTIC: [2] Attempt to assign property of non-object E:\www\boad\Boad\Admin\Common\function.php 第 13 行.
NOTIC: [8] Trying to get property of non-object E:\www\boad\Boad\Admin\Common\function.php 第 13 行.
NOTIC: [2] Attempt to assign property of non-object E:\www\boad\Boad\Admin\Common\function.php 第 13 行.

[ 2015-07-15T13:53:51+08:00 ] 127.0.0.1 /boad/Admin/Index/ajax_act/?act=get_boadlist&id=4&order=1&page=1&perpage=50
INFO: [ app_begin ] --START--
INFO: Run Behavior\ReadHtmlCacheBehavior [ RunTime:0.000933s ]
INFO: [ app_begin ] --END-- [ RunTime:0.001443s ]
SQL: SHOW COLUMNS FROM `wp_aite_boadlist` [ RunTime:0.0066s ]
SQL: SELECT `id`,`content`,`dig`,`comment_count`,`uptime` FROM `wp_aite_boadlist` WHERE ( tid = 4 ) ORDER BY id DESC LIMIT 0,50   [ RunTime:0.0009s ]
NOTIC: [8] Trying to get property of non-object E:\www\boad\Boad\Admin\Common\function.php 第 13 行.
NOTIC: [2] Attempt to assign property of non-object E:\www\boad\Boad\Admin\Common\function.php 第 13 行.
NOTIC: [8] Trying to get property of non-object E:\www\boad\Boad\Admin\Common\function.php 第 13 行.
NOTIC: [2] Attempt to assign property of non-object E:\www\boad\Boad\Admin\Common\function.php 第 13 行.
NOTIC: [8] Trying to get property of non-object E:\www\boad\Boad\Admin\Common\function.php 第 13 行.
NOTIC: [2] Attempt to assign property of non-object E:\www\boad\Boad\Admin\Common\function.php 第 13 行.
NOTIC: [8] Trying to get property of non-object E:\www\boad\Boad\Admin\Common\function.php 第 13 行.
NOTIC: [2] Attempt to assign property of non-object E:\www\boad\Boad\Admin\Common\function.php 第 13 行.
NOTIC: [8] Trying to get property of non-object E:\www\boad\Boad\Admin\Common\function.php 第 13 行.
NOTIC: [2] Attempt to assign property of non-object E:\www\boad\Boad\Admin\Common\function.php 第 13 行.
NOTIC: [8] Trying to get property of non-object E:\www\boad\Boad\Admin\Common\function.php 第 13 行.
NOTIC: [2] Attempt to assign property of non-object E:\www\boad\Boad\Admin\Common\function.php 第 13 行.
NOTIC: [8] Trying to get property of non-object E:\www\boad\Boad\Admin\Common\function.php 第 13 行.
NOTIC: [2] Attempt to assign property of non-object E:\www\boad\Boad\Admin\Common\function.php 第 13 行.
NOTIC: [8] Trying to get property of non-object E:\www\boad\Boad\Admin\Common\function.php 第 13 行.
NOTIC: [2] Attempt to assign property of non-object E:\www\boad\Boad\Admin\Common\function.php 第 13 行.
NOTIC: [8] Trying to get property of non-object E:\www\boad\Boad\Admin\Common\function.php 第 13 行.
NOTIC: [2] Attempt to assign property of non-object E:\www\boad\Boad\Admin\Common\function.php 第 13 行.
NOTIC: [8] Trying to get property of non-object E:\www\boad\Boad\Admin\Common\function.php 第 13 行.
NOTIC: [2] Attempt to assign property of non-object E:\www\boad\Boad\Admin\Common\function.php 第 13 行.
NOTIC: [8] Trying to get property of non-object E:\www\boad\Boad\Admin\Common\function.php 第 13 行.
NOTIC: [2] Attempt to assign property of non-object E:\www\boad\Boad\Admin\Common\function.php 第 13 行.
NOTIC: [8] Trying to get property of non-object E:\www\boad\Boad\Admin\Common\function.php 第 13 行.
NOTIC: [2] Attempt to assign property of non-object E:\www\boad\Boad\Admin\Common\function.php 第 13 行.
NOTIC: [8] Trying to get property of non-object E:\www\boad\Boad\Admin\Common\function.php 第 13 行.
NOTIC: [2] Attempt to assign property of non-object E:\www\boad\Boad\Admin\Common\function.php 第 13 行.
NOTIC: [8] Trying to get property of non-object E:\www\boad\Boad\Admin\Common\function.php 第 13 行.
NOTIC: [2] Attempt to assign property of non-object E:\www\boad\Boad\Admin\Common\function.php 第 13 行.
NOTIC: [8] Trying to get property of non-object E:\www\boad\Boad\Admin\Common\function.php 第 13 行.
NOTIC: [2] Attempt to assign property of non-object E:\www\boad\Boad\Admin\Common\function.php 第 13 行.

[ 2015-07-15T13:54:34+08:00 ] 127.0.0.1 /boad/Admin/Index/ajax_act/?act=get_boadlist&id=5&order=1&page=1&perpage=50
INFO: [ app_begin ] --START--
INFO: Run Behavior\ReadHtmlCacheBehavior [ RunTime:0.001173s ]
INFO: [ app_begin ] --END-- [ RunTime:0.001983s ]
SQL: SHOW COLUMNS FROM `wp_aite_boadlist` [ RunTime:0.0064s ]
SQL: SELECT `id`,`content`,`dig`,`comment_count`,`uptime` FROM `wp_aite_boadlist` WHERE ( tid = 5 ) ORDER BY id DESC LIMIT 0,50   [ RunTime:0.0010s ]
NOTIC: [8] Trying to get property of non-object E:\www\boad\Boad\Admin\Common\function.php 第 13 行.
NOTIC: [2] Attempt to assign property of non-object E:\www\boad\Boad\Admin\Common\function.php 第 13 行.
NOTIC: [8] Trying to get property of non-object E:\www\boad\Boad\Admin\Common\function.php 第 13 行.
NOTIC: [2] Attempt to assign property of non-object E:\www\boad\Boad\Admin\Common\function.php 第 13 行.
NOTIC: [8] Trying to get property of non-object E:\www\boad\Boad\Admin\Common\function.php 第 13 行.
NOTIC: [2] Attempt to assign property of non-object E:\www\boad\Boad\Admin\Common\function.php 第 13 行.

[ 2015-07-15T13:57:39+08:00 ] 127.0.0.1 /boad/Admin/Index/ajax_act/?act=get_boadlist&id=5&order=1&page=1&perpage=50
INFO: [ app_begin ] --START--
INFO: Run Behavior\ReadHtmlCacheBehavior [ RunTime:0.001094s ]
INFO: [ app_begin ] --END-- [ RunTime:0.001645s ]
SQL: SHOW COLUMNS FROM `wp_aite_boadlist` [ RunTime:0.0056s ]
SQL: SELECT `id`,`content`,`dig`,`comment_count`,`uptime` FROM `wp_aite_boadlist` WHERE ( tid = 5 ) ORDER BY id DESC LIMIT 0,50   [ RunTime:0.0002s ]

[ 2015-07-15T13:57:52+08:00 ] 127.0.0.1 /boad/Admin/Index/ajax_act/?act=get_boadlist&id=5&order=1&page=1&perpage=50
INFO: [ app_begin ] --START--
INFO: Run Behavior\ReadHtmlCacheBehavior [ RunTime:0.001412s ]
INFO: [ app_begin ] --END-- [ RunTime:0.002127s ]
SQL: SHOW COLUMNS FROM `wp_aite_boadlist` [ RunTime:0.0053s ]
SQL: SELECT `id`,`content`,`dig`,`comment_count`,`uptime` FROM `wp_aite_boadlist` WHERE ( tid = 5 ) ORDER BY id DESC LIMIT 0,50   [ RunTime:0.0002s ]
INFO: [ app_end ] --START--
INFO: Run Behavior\ShowPageTraceBehavior [ RunTime:0.001392s ]
INFO: [ app_end ] --END-- [ RunTime:0.001476s ]

[ 2015-07-15T13:57:57+08:00 ] 127.0.0.1 /boad/Admin/Index/ajax_act/?act=get_boadlist&id=3&order=1&page=1&perpage=50
INFO: [ app_begin ] --START--
INFO: Run Behavior\ReadHtmlCacheBehavior [ RunTime:0.000996s ]
INFO: [ app_begin ] --END-- [ RunTime:0.001459s ]
SQL: SHOW COLUMNS FROM `wp_aite_boadlist` [ RunTime:0.0058s ]
SQL: SELECT `id`,`content`,`dig`,`comment_count`,`uptime` FROM `wp_aite_boadlist` WHERE ( tid = 3 ) ORDER BY id DESC LIMIT 0,50   [ RunTime:0.0016s ]
INFO: [ app_end ] --START--
INFO: Run Behavior\ShowPageTraceBehavior [ RunTime:0.001405s ]
INFO: [ app_end ] --END-- [ RunTime:0.001509s ]

[ 2015-07-15T14:03:29+08:00 ] 127.0.0.1 /boad/Admin/Index/ajax_act/?act=get_boadlist&id=3&order=1&page=1&perpage=50
INFO: [ app_begin ] --START--
INFO: Run Behavior\ReadHtmlCacheBehavior [ RunTime:0.001123s ]
INFO: [ app_begin ] --END-- [ RunTime:0.001724s ]
SQL: SHOW COLUMNS FROM `wp_aite_boadlist` [ RunTime:0.0051s ]
SQL: SELECT `id`,`content`,`dig`,`comment_count`,`uptime` FROM `wp_aite_boadlist` WHERE ( tid = 3 ) ORDER BY id DESC LIMIT 0,50   [ RunTime:0.0005s ]
INFO: [ app_end ] --START--
INFO: Run Behavior\ShowPageTraceBehavior [ RunTime:0.001554s ]
INFO: [ app_end ] --END-- [ RunTime:0.001658s ]

[ 2015-07-15T14:46:48+08:00 ] 127.0.0.1 /boad/Admin/Index/ajax_act/?act=get_boadlist&id=5&order=1&page=1&perpage=50
INFO: [ app_begin ] --START--
INFO: Run Behavior\ReadHtmlCacheBehavior [ RunTime:0.001417s ]
INFO: [ app_begin ] --END-- [ RunTime:0.004373s ]
SQL: SHOW COLUMNS FROM `wp_aite_boadlist` [ RunTime:0.0047s ]
SQL: SELECT `id`,`content`,`dig`,`comment_count`,`uptime` FROM `wp_aite_boadlist` WHERE ( tid = 5 ) ORDER BY id DESC LIMIT 0,50   [ RunTime:0.0002s ]
INFO: [ app_end ] --START--
INFO: Run Behavior\ShowPageTraceBehavior [ RunTime:0.001122s ]
INFO: [ app_end ] --END-- [ RunTime:0.001185s ]

